Classic Timing Analyzer report for instr
Wed Oct 23 12:12:18 2019
Quartus II Version 9.0 Build 235 06/17/2009 Service Pack 2 SJ Web Edition


---------------------
; Table of Contents ;
---------------------
  1. Legal Notice
  2. Timing Analyzer Summary
  3. Timing Analyzer Settings
  4. Parallel Compilation
  5. tpd
  6. Timing Analyzer Messages



----------------
; Legal Notice ;
----------------
Copyright (C) 1991-2009 Altera Corporation
Your use of Altera Corporation's design tools, logic functions 
and other software and tools, and its AMPP partner logic 
functions, and any output files from any of the foregoing 
(including device programming or simulation files), and any 
associated documentation or information are expressly subject 
to the terms and conditions of the Altera Program License 
Subscription Agreement, Altera MegaCore Function License 
Agreement, or other applicable license agreement, including, 
without limitation, that your use is for the sole purpose of 
programming logic devices manufactured by Altera and sold by 
Altera or its authorized distributors.  Please refer to the 
applicable agreement for further details.



+-------------------------------------------------------------------------------------------------------------------------+
; Timing Analyzer Summary                                                                                                 ;
+------------------------------+-------+---------------+-------------+-------+-----+------------+----------+--------------+
; Type                         ; Slack ; Required Time ; Actual Time ; From  ; To  ; From Clock ; To Clock ; Failed Paths ;
+------------------------------+-------+---------------+-------------+-------+-----+------------+----------+--------------+
; Worst-case tpd               ; N/A   ; None          ; 10.339 ns   ; IR[0] ; SUB ; --         ; --       ; 0            ;
; Total number of failed paths ;       ;               ;             ;       ;     ;            ;          ; 0            ;
+------------------------------+-------+---------------+-------------+-------+-----+------------+----------+--------------+


+--------------------------------------------------------------------------------------------------------------------+
; Timing Analyzer Settings                                                                                           ;
+---------------------------------------------------------------------+--------------------+------+----+-------------+
; Option                                                              ; Setting            ; From ; To ; Entity Name ;
+---------------------------------------------------------------------+--------------------+------+----+-------------+
; Device Name                                                         ; EP2S15F484C3       ;      ;    ;             ;
; Timing Models                                                       ; Final              ;      ;    ;             ;
; Default hold multicycle                                             ; Same as Multicycle ;      ;    ;             ;
; Cut paths between unrelated clock domains                           ; On                 ;      ;    ;             ;
; Cut off read during write signal paths                              ; On                 ;      ;    ;             ;
; Cut off feedback from I/O pins                                      ; On                 ;      ;    ;             ;
; Report Combined Fast/Slow Timing                                    ; Off                ;      ;    ;             ;
; Ignore Clock Settings                                               ; Off                ;      ;    ;             ;
; Analyze latches as synchronous elements                             ; On                 ;      ;    ;             ;
; Enable Recovery/Removal analysis                                    ; Off                ;      ;    ;             ;
; Enable Clock Latency                                                ; Off                ;      ;    ;             ;
; Use TimeQuest Timing Analyzer                                       ; Off                ;      ;    ;             ;
; Number of source nodes to report per destination node               ; 10                 ;      ;    ;             ;
; Number of destination nodes to report                               ; 10                 ;      ;    ;             ;
; Number of paths to report                                           ; 200                ;      ;    ;             ;
; Report Minimum Timing Checks                                        ; Off                ;      ;    ;             ;
; Use Fast Timing Models                                              ; Off                ;      ;    ;             ;
; Report IO Paths Separately                                          ; Off                ;      ;    ;             ;
; Perform Multicorner Analysis                                        ; On                 ;      ;    ;             ;
; Reports the worst-case path for each clock domain and analysis      ; Off                ;      ;    ;             ;
; Removes common clock path pessimism (CCPP) during slack computation ; Off                ;      ;    ;             ;
; Output I/O Timing Endpoint                                          ; Near End           ;      ;    ;             ;
+---------------------------------------------------------------------+--------------------+------+----+-------------+


+------------------------------------------+
; Parallel Compilation                     ;
+----------------------------+-------------+
; Processors                 ; Number      ;
+----------------------------+-------------+
; Number detected on machine ; 6           ;
; Maximum allowed            ; 4           ;
;                            ;             ;
; Average used               ; 1.00        ;
; Maximum used               ; 1           ;
;                            ;             ;
; Usage by Processor         ; % Time Used ;
;     1 processor            ; 100.0%      ;
;     2-6 processors         ;   0.0%      ;
+----------------------------+-------------+


+------------------------------------------------------------+
; tpd                                                        ;
+-------+-------------------+-----------------+-------+------+
; Slack ; Required P2P Time ; Actual P2P Time ; From  ; To   ;
+-------+-------------------+-----------------+-------+------+
; N/A   ; None              ; 10.339 ns       ; IR[0] ; SUB  ;
; N/A   ; None              ; 10.124 ns       ; IR[0] ; OUT0 ;
; N/A   ; None              ; 9.831 ns        ; EN    ; SUB  ;
; N/A   ; None              ; 9.679 ns        ; IR[0] ; NOP  ;
; N/A   ; None              ; 9.616 ns        ; EN    ; OUT0 ;
; N/A   ; None              ; 9.469 ns        ; IR[0] ; JZ   ;
; N/A   ; None              ; 9.442 ns        ; IR[3] ; SUB  ;
; N/A   ; None              ; 9.390 ns        ; IR[0] ; MOVA ;
; N/A   ; None              ; 9.304 ns        ; IR[2] ; SUB  ;
; N/A   ; None              ; 9.264 ns        ; IR[1] ; OUT0 ;
; N/A   ; None              ; 9.209 ns        ; IR[2] ; OUT0 ;
; N/A   ; None              ; 9.171 ns        ; EN    ; NOP  ;
; N/A   ; None              ; 9.171 ns        ; IR[0] ; JMP  ;
; N/A   ; None              ; 9.148 ns        ; IR[3] ; OUT0 ;
; N/A   ; None              ; 9.146 ns        ; IR[0] ; MOVC ;
; N/A   ; None              ; 9.133 ns        ; IR[0] ; OR0  ;
; N/A   ; None              ; 9.089 ns        ; IR[0] ; RSR  ;
; N/A   ; None              ; 9.071 ns        ; IR[1] ; MOVA ;
; N/A   ; None              ; 9.037 ns        ; IR[0] ; JC   ;
; N/A   ; None              ; 9.035 ns        ; IR[3] ; JZ   ;
; N/A   ; None              ; 9.015 ns        ; IR[2] ; MOVA ;
; N/A   ; None              ; 8.992 ns        ; IR[3] ; MOVA ;
; N/A   ; None              ; 8.987 ns        ; IR[1] ; SUB  ;
; N/A   ; None              ; 8.961 ns        ; EN    ; JZ   ;
; N/A   ; None              ; 8.897 ns        ; IR[2] ; JZ   ;
; N/A   ; None              ; 8.827 ns        ; IR[1] ; MOVC ;
; N/A   ; None              ; 8.787 ns        ; IR[3] ; JMP  ;
; N/A   ; None              ; 8.780 ns        ; IR[3] ; NOP  ;
; N/A   ; None              ; 8.771 ns        ; IR[2] ; MOVC ;
; N/A   ; None              ; 8.748 ns        ; IR[3] ; MOVC ;
; N/A   ; None              ; 8.739 ns        ; IR[0] ; RSL  ;
; N/A   ; None              ; 8.680 ns        ; EN    ; MOVA ;
; N/A   ; None              ; 8.668 ns        ; IR[3] ; JC   ;
; N/A   ; None              ; 8.663 ns        ; EN    ; JMP  ;
; N/A   ; None              ; 8.649 ns        ; IR[2] ; JMP  ;
; N/A   ; None              ; 8.644 ns        ; IR[2] ; NOP  ;
; N/A   ; None              ; 8.625 ns        ; EN    ; OR0  ;
; N/A   ; None              ; 8.617 ns        ; IR[7] ; JZ   ;
; N/A   ; None              ; 8.581 ns        ; EN    ; RSR  ;
; N/A   ; None              ; 8.530 ns        ; IR[2] ; JC   ;
; N/A   ; None              ; 8.529 ns        ; EN    ; JC   ;
; N/A   ; None              ; 8.488 ns        ; IR[1] ; JZ   ;
; N/A   ; None              ; 8.457 ns        ; IR[3] ; OR0  ;
; N/A   ; None              ; 8.449 ns        ; IR[0] ; MOVB ;
; N/A   ; None              ; 8.436 ns        ; EN    ; MOVC ;
; N/A   ; None              ; 8.421 ns        ; IR[0] ; NOT0 ;
; N/A   ; None              ; 8.406 ns        ; IR[3] ; RSR  ;
; N/A   ; None              ; 8.383 ns        ; IR[0] ; IN0  ;
; N/A   ; None              ; 8.325 ns        ; IR[1] ; NOP  ;
; N/A   ; None              ; 8.321 ns        ; IR[2] ; OR0  ;
; N/A   ; None              ; 8.296 ns        ; IR[7] ; RSR  ;
; N/A   ; None              ; 8.293 ns        ; IR[0] ; HALT ;
; N/A   ; None              ; 8.284 ns        ; IR[1] ; OR0  ;
; N/A   ; None              ; 8.280 ns        ; IR[2] ; RSR  ;
; N/A   ; None              ; 8.277 ns        ; IR[5] ; MOVA ;
; N/A   ; None              ; 8.276 ns        ; IR[3] ; NOT0 ;
; N/A   ; None              ; 8.240 ns        ; IR[1] ; RSR  ;
; N/A   ; None              ; 8.231 ns        ; EN    ; RSL  ;
; N/A   ; None              ; 8.216 ns        ; IR[7] ; JC   ;
; N/A   ; None              ; 8.154 ns        ; IR[6] ; RSR  ;
; N/A   ; None              ; 8.148 ns        ; IR[6] ; MOVA ;
; N/A   ; None              ; 8.138 ns        ; IR[2] ; NOT0 ;
; N/A   ; None              ; 8.130 ns        ; IR[1] ; MOVB ;
; N/A   ; None              ; 8.096 ns        ; IR[6] ; JZ   ;
; N/A   ; None              ; 8.087 ns        ; IR[1] ; JC   ;
; N/A   ; None              ; 8.074 ns        ; IR[2] ; MOVB ;
; N/A   ; None              ; 8.054 ns        ; IR[7] ; JMP  ;
; N/A   ; None              ; 8.051 ns        ; IR[3] ; MOVB ;
; N/A   ; None              ; 8.033 ns        ; IR[5] ; MOVC ;
; N/A   ; None              ; 8.008 ns        ; IR[6] ; JMP  ;
; N/A   ; None              ; 7.938 ns        ; IR[6] ; MOVC ;
; N/A   ; None              ; 7.937 ns        ; IR[0] ; ADD  ;
; N/A   ; None              ; 7.913 ns        ; EN    ; NOT0 ;
; N/A   ; None              ; 7.909 ns        ; IR[7] ; MOVA ;
; N/A   ; None              ; 7.890 ns        ; IR[1] ; RSL  ;
; N/A   ; None              ; 7.875 ns        ; EN    ; IN0  ;
; N/A   ; None              ; 7.785 ns        ; EN    ; HALT ;
; N/A   ; None              ; 7.739 ns        ; EN    ; MOVB ;
; N/A   ; None              ; 7.698 ns        ; IR[4] ; MOVA ;
; N/A   ; None              ; 7.696 ns        ; IR[6] ; JC   ;
; N/A   ; None              ; 7.688 ns        ; IR[1] ; JMP  ;
; N/A   ; None              ; 7.627 ns        ; IR[7] ; MOVC ;
; N/A   ; None              ; 7.614 ns        ; IR[5] ; MOVB ;
; N/A   ; None              ; 7.597 ns        ; IR[3] ; RSL  ;
; N/A   ; None              ; 7.587 ns        ; IR[1] ; ADD  ;
; N/A   ; None              ; 7.531 ns        ; IR[2] ; ADD  ;
; N/A   ; None              ; 7.518 ns        ; IR[7] ; RSL  ;
; N/A   ; None              ; 7.472 ns        ; IR[3] ; ADD  ;
; N/A   ; None              ; 7.471 ns        ; IR[2] ; RSL  ;
; N/A   ; None              ; 7.468 ns        ; IR[2] ; IN0  ;
; N/A   ; None              ; 7.458 ns        ; IR[3] ; HALT ;
; N/A   ; None              ; 7.454 ns        ; IR[4] ; MOVC ;
; N/A   ; None              ; 7.444 ns        ; IR[1] ; HALT ;
; N/A   ; None              ; 7.403 ns        ; IR[3] ; IN0  ;
; N/A   ; None              ; 7.364 ns        ; IR[1] ; IN0  ;
; N/A   ; None              ; 7.319 ns        ; IR[2] ; HALT ;
; N/A   ; None              ; 7.237 ns        ; IR[1] ; NOT0 ;
; N/A   ; None              ; 7.195 ns        ; EN    ; ADD  ;
; N/A   ; None              ; 7.133 ns        ; IR[6] ; RSL  ;
; N/A   ; None              ; 7.022 ns        ; IR[4] ; MOVB ;
+-------+-------------------+-----------------+-------+------+


+--------------------------+
; Timing Analyzer Messages ;
+--------------------------+
Info: *******************************************************************
Info: Running Quartus II Classic Timing Analyzer
    Info: Version 9.0 Build 235 06/17/2009 Service Pack 2 SJ Web Edition
    Info: Processing started: Wed Oct 23 12:12:18 2019
Info: Command: quartus_tan --read_settings_files=off --write_settings_files=off instr -c instr --timing_analysis_only
Info: Parallel compilation is enabled and will use 4 of the 6 processors detected
Info: Longest tpd from source pin "IR[0]" to destination pin "SUB" is 10.339 ns
    Info: 1: + IC(0.000 ns) + CELL(0.840 ns) = 0.840 ns; Loc. = PIN_Y21; Fanout = 4; PIN Node = 'IR[0]'
    Info: 2: + IC(4.355 ns) + CELL(0.346 ns) = 5.541 ns; Loc. = LCCOMB_X30_Y1_N22; Fanout = 8; COMB Node = 'IN0~8'
    Info: 3: + IC(0.278 ns) + CELL(0.228 ns) = 6.047 ns; Loc. = LCCOMB_X30_Y1_N10; Fanout = 1; COMB Node = 'SUB~3'
    Info: 4: + IC(2.310 ns) + CELL(1.982 ns) = 10.339 ns; Loc. = PIN_A6; Fanout = 0; PIN Node = 'SUB'
    Info: Total cell delay = 3.396 ns ( 32.85 % )
    Info: Total interconnect delay = 6.943 ns ( 67.15 % )
Info: Quartus II Classic Timing Analyzer was successful. 0 errors, 0 warnings
    Info: Peak virtual memory: 200 megabytes
    Info: Processing ended: Wed Oct 23 12:12:18 2019
    Info: Elapsed time: 00:00:00
    Info: Total CPU time (on all processors): 00:00:00


