Analysis & Synthesis report for dac_b
Thu Oct 31 20:48:39 2019
Quartus II Version 9.0 Build 235 06/17/2009 Service Pack 2 SJ Web Edition


---------------------
; Table of Contents ;
---------------------
  1. Legal Notice
  2. Analysis & Synthesis Summary
  3. Analysis & Synthesis Settings
  4. Analysis & Synthesis Source Files Read
  5. Analysis & Synthesis Resource Usage Summary
  6. Analysis & Synthesis Resource Utilization by Entity
  7. User-Specified and Inferred Latches
  8. General Register Statistics
  9. Multiplexer Restructuring Statistics (Restructuring Performed)
 10. Parameter Settings for Inferred Entity Instance: lpm_divide:Mod0
 11. Parameter Settings for Inferred Entity Instance: lpm_divide:Div0
 12. Parameter Settings for Inferred Entity Instance: lpm_divide:Mod1
 13. Parameter Settings for Inferred Entity Instance: lpm_divide:Div1
 14. Parameter Settings for Inferred Entity Instance: lpm_divide:Mod2
 15. Parameter Settings for Inferred Entity Instance: lpm_divide:Mod3
 16. Parameter Settings for Inferred Entity Instance: lpm_divide:Div2
 17. Parameter Settings for Inferred Entity Instance: lpm_divide:Mod4
 18. Parameter Settings for Inferred Entity Instance: lpm_divide:Div3
 19. Parameter Settings for Inferred Entity Instance: lpm_divide:Mod5
 20. Analysis & Synthesis Messages



----------------
; Legal Notice ;
----------------
Copyright (C) 1991-2009 Altera Corporation
Your use of Altera Corporation's design tools, logic functions 
and other software and tools, and its AMPP partner logic 
functions, and any output files from any of the foregoing 
(including device programming or simulation files), and any 
associated documentation or information are expressly subject 
to the terms and conditions of the Altera Program License 
Subscription Agreement, Altera MegaCore Function License 
Agreement, or other applicable license agreement, including, 
without limitation, that your use is for the sole purpose of 
programming logic devices manufactured by Altera and sold by 
Altera or its authorized distributors.  Please refer to the 
applicable agreement for further details.



+-----------------------------------------------------------------------------------+
; Analysis & Synthesis Summary                                                      ;
+------------------------------------+----------------------------------------------+
; Analysis & Synthesis Status        ; Successful - Thu Oct 31 20:48:39 2019        ;
; Quartus II Version                 ; 9.0 Build 235 06/17/2009 SP 2 SJ Web Edition ;
; Revision Name                      ; dac_b                                        ;
; Top-level Entity Name              ; dac_b                                        ;
; Family                             ; Cyclone II                                   ;
; Total logic elements               ; 559                                          ;
;     Total combinational functions  ; 559                                          ;
;     Dedicated logic registers      ; 0                                            ;
; Total registers                    ; 0                                            ;
; Total pins                         ; 64                                           ;
; Total virtual pins                 ; 0                                            ;
; Total memory bits                  ; 0                                            ;
; Embedded Multiplier 9-bit elements ; 0                                            ;
; Total PLLs                         ; 0                                            ;
+------------------------------------+----------------------------------------------+


+--------------------------------------------------------------------------------------------------------+
; Analysis & Synthesis Settings                                                                          ;
+--------------------------------------------------------------+--------------------+--------------------+
; Option                                                       ; Setting            ; Default Value      ;
+--------------------------------------------------------------+--------------------+--------------------+
; Device                                                       ; EP2C5T144C8        ;                    ;
; Top-level entity name                                        ; dac_b              ; dac_b              ;
; Family name                                                  ; Cyclone II         ; Stratix II         ;
; Use Generated Physical Constraints File                      ; Off                ;                    ;
; Use smart compilation                                        ; Off                ; Off                ;
; Restructure Multiplexers                                     ; Auto               ; Auto               ;
; Create Debugging Nodes for IP Cores                          ; Off                ; Off                ;
; Preserve fewer node names                                    ; On                 ; On                 ;
; Disable OpenCore Plus hardware evaluation                    ; Off                ; Off                ;
; Verilog Version                                              ; Verilog_2001       ; Verilog_2001       ;
; VHDL Version                                                 ; VHDL93             ; VHDL93             ;
; State Machine Processing                                     ; Auto               ; Auto               ;
; Safe State Machine                                           ; Off                ; Off                ;
; Extract Verilog State Machines                               ; On                 ; On                 ;
; Extract VHDL State Machines                                  ; On                 ; On                 ;
; Ignore Verilog initial constructs                            ; Off                ; Off                ;
; Iteration limit for constant Verilog loops                   ; 5000               ; 5000               ;
; Iteration limit for non-constant Verilog loops               ; 250                ; 250                ;
; Add Pass-Through Logic to Inferred RAMs                      ; On                 ; On                 ;
; Parallel Synthesis                                           ; Off                ; Off                ;
; DSP Block Balancing                                          ; Auto               ; Auto               ;
; NOT Gate Push-Back                                           ; On                 ; On                 ;
; Power-Up Don't Care                                          ; On                 ; On                 ;
; Remove Redundant Logic Cells                                 ; Off                ; Off                ;
; Remove Duplicate Registers                                   ; On                 ; On                 ;
; Ignore CARRY Buffers                                         ; Off                ; Off                ;
; Ignore CASCADE Buffers                                       ; Off                ; Off                ;
; Ignore GLOBAL Buffers                                        ; Off                ; Off                ;
; Ignore ROW GLOBAL Buffers                                    ; Off                ; Off                ;
; Ignore LCELL Buffers                                         ; Off                ; Off                ;
; Ignore SOFT Buffers                                          ; On                 ; On                 ;
; Limit AHDL Integers to 32 Bits                               ; Off                ; Off                ;
; Optimization Technique                                       ; Balanced           ; Balanced           ;
; Carry Chain Length                                           ; 70                 ; 70                 ;
; Auto Carry Chains                                            ; On                 ; On                 ;
; Auto Open-Drain Pins                                         ; On                 ; On                 ;
; Perform WYSIWYG Primitive Resynthesis                        ; Off                ; Off                ;
; Auto ROM Replacement                                         ; On                 ; On                 ;
; Auto RAM Replacement                                         ; On                 ; On                 ;
; Auto Shift Register Replacement                              ; Auto               ; Auto               ;
; Auto Clock Enable Replacement                                ; On                 ; On                 ;
; Strict RAM Replacement                                       ; Off                ; Off                ;
; Allow Synchronous Control Signals                            ; On                 ; On                 ;
; Force Use of Synchronous Clear Signals                       ; Off                ; Off                ;
; Auto RAM to Logic Cell Conversion                            ; Off                ; Off                ;
; Auto Resource Sharing                                        ; Off                ; Off                ;
; Allow Any RAM Size For Recognition                           ; Off                ; Off                ;
; Allow Any ROM Size For Recognition                           ; Off                ; Off                ;
; Allow Any Shift Register Size For Recognition                ; Off                ; Off                ;
; Use LogicLock Constraints during Resource Balancing          ; On                 ; On                 ;
; Ignore translate_off and synthesis_off directives            ; Off                ; Off                ;
; Timing-Driven Synthesis                                      ; Off                ; Off                ;
; Show Parameter Settings Tables in Synthesis Report           ; On                 ; On                 ;
; Ignore Maximum Fan-Out Assignments                           ; Off                ; Off                ;
; Synchronization Register Chain Length                        ; 2                  ; 2                  ;
; PowerPlay Power Optimization                                 ; Normal compilation ; Normal compilation ;
; HDL message level                                            ; Level2             ; Level2             ;
; Suppress Register Optimization Related Messages              ; Off                ; Off                ;
; Number of Removed Registers Reported in Synthesis Report     ; 100                ; 100                ;
; Number of Inverted Registers Reported in Synthesis Report    ; 100                ; 100                ;
; Clock MUX Protection                                         ; On                 ; On                 ;
; Auto Gated Clock Conversion                                  ; Off                ; Off                ;
; Block Design Naming                                          ; Auto               ; Auto               ;
; SDC constraint protection                                    ; Off                ; Off                ;
; Synthesis Effort                                             ; Auto               ; Auto               ;
; Shift Register Replacement - Allow Asynchronous Clear Signal ; On                 ; On                 ;
; Analysis & Synthesis Message Level                           ; Medium             ; Medium             ;
+--------------------------------------------------------------+--------------------+--------------------+


+-------------------------------------------------------------------------------------------------------------------------------------------------------------+
; Analysis & Synthesis Source Files Read                                                                                                                      ;
+----------------------------------+-----------------+------------------------------+-------------------------------------------------------------------------+
; File Name with User-Entered Path ; Used in Netlist ; File Type                    ; File Name with Absolute Path                                            ;
+----------------------------------+-----------------+------------------------------+-------------------------------------------------------------------------+
; dac_b.vhd                        ; yes             ; User VHDL File               ; C:/Users/pigpigpang/Desktop/Quar/dac_b/dac_b/dac_b.vhd                  ;
; lpm_divide.tdf                   ; yes             ; Megafunction                 ; d:/quartusii 9.0/quartus/libraries/megafunctions/lpm_divide.tdf         ;
; abs_divider.inc                  ; yes             ; Megafunction                 ; d:/quartusii 9.0/quartus/libraries/megafunctions/abs_divider.inc        ;
; sign_div_unsign.inc              ; yes             ; Megafunction                 ; d:/quartusii 9.0/quartus/libraries/megafunctions/sign_div_unsign.inc    ;
; aglobal90.inc                    ; yes             ; Megafunction                 ; d:/quartusii 9.0/quartus/libraries/megafunctions/aglobal90.inc          ;
; db/lpm_divide_85m.tdf            ; yes             ; Auto-Generated Megafunction  ; C:/Users/pigpigpang/Desktop/Quar/dac_b/dac_b/db/lpm_divide_85m.tdf      ;
; db/sign_div_unsign_fkh.tdf       ; yes             ; Auto-Generated Megafunction  ; C:/Users/pigpigpang/Desktop/Quar/dac_b/dac_b/db/sign_div_unsign_fkh.tdf ;
; db/alt_u_div_00f.tdf             ; yes             ; Auto-Generated Megafunction  ; C:/Users/pigpigpang/Desktop/Quar/dac_b/dac_b/db/alt_u_div_00f.tdf       ;
; db/add_sub_lkc.tdf               ; yes             ; Auto-Generated Megafunction  ; C:/Users/pigpigpang/Desktop/Quar/dac_b/dac_b/db/add_sub_lkc.tdf         ;
; db/add_sub_mkc.tdf               ; yes             ; Auto-Generated Megafunction  ; C:/Users/pigpigpang/Desktop/Quar/dac_b/dac_b/db/add_sub_mkc.tdf         ;
; db/lpm_divide_1dm.tdf            ; yes             ; Auto-Generated Megafunction  ; C:/Users/pigpigpang/Desktop/Quar/dac_b/dac_b/db/lpm_divide_1dm.tdf      ;
; db/sign_div_unsign_bkh.tdf       ; yes             ; Auto-Generated Megafunction  ; C:/Users/pigpigpang/Desktop/Quar/dac_b/dac_b/db/sign_div_unsign_bkh.tdf ;
; db/alt_u_div_ove.tdf             ; yes             ; Auto-Generated Megafunction  ; C:/Users/pigpigpang/Desktop/Quar/dac_b/dac_b/db/alt_u_div_ove.tdf       ;
; db/lpm_divide_a5m.tdf            ; yes             ; Auto-Generated Megafunction  ; C:/Users/pigpigpang/Desktop/Quar/dac_b/dac_b/db/lpm_divide_a5m.tdf      ;
; db/sign_div_unsign_hkh.tdf       ; yes             ; Auto-Generated Megafunction  ; C:/Users/pigpigpang/Desktop/Quar/dac_b/dac_b/db/sign_div_unsign_hkh.tdf ;
; db/alt_u_div_40f.tdf             ; yes             ; Auto-Generated Megafunction  ; C:/Users/pigpigpang/Desktop/Quar/dac_b/dac_b/db/alt_u_div_40f.tdf       ;
; db/lpm_divide_2dm.tdf            ; yes             ; Auto-Generated Megafunction  ; C:/Users/pigpigpang/Desktop/Quar/dac_b/dac_b/db/lpm_divide_2dm.tdf      ;
; db/sign_div_unsign_ckh.tdf       ; yes             ; Auto-Generated Megafunction  ; C:/Users/pigpigpang/Desktop/Quar/dac_b/dac_b/db/sign_div_unsign_ckh.tdf ;
; db/alt_u_div_qve.tdf             ; yes             ; Auto-Generated Megafunction  ; C:/Users/pigpigpang/Desktop/Quar/dac_b/dac_b/db/alt_u_div_qve.tdf       ;
+----------------------------------+-----------------+------------------------------+-------------------------------------------------------------------------+


+--------------------------------------------------------------------------------------------------------------------------------------------------------------------------+
; Analysis & Synthesis Resource Usage Summary                                                                                                                              ;
+---------------------------------------------+----------------------------------------------------------------------------------------------------------------------------+
; Resource                                    ; Usage                                                                                                                      ;
+---------------------------------------------+----------------------------------------------------------------------------------------------------------------------------+
; Estimated Total logic elements              ; 559                                                                                                                        ;
;                                             ;                                                                                                                            ;
; Total combinational functions               ; 559                                                                                                                        ;
; Logic element usage by number of LUT inputs ;                                                                                                                            ;
;     -- 4 input functions                    ; 113                                                                                                                        ;
;     -- 3 input functions                    ; 179                                                                                                                        ;
;     -- <=2 input functions                  ; 267                                                                                                                        ;
;                                             ;                                                                                                                            ;
; Logic elements by mode                      ;                                                                                                                            ;
;     -- normal mode                          ; 405                                                                                                                        ;
;     -- arithmetic mode                      ; 154                                                                                                                        ;
;                                             ;                                                                                                                            ;
; Total registers                             ; 0                                                                                                                          ;
;     -- Dedicated logic registers            ; 0                                                                                                                          ;
;     -- I/O registers                        ; 0                                                                                                                          ;
;                                             ;                                                                                                                            ;
; I/O pins                                    ; 64                                                                                                                         ;
; Maximum fan-out node                        ; lpm_divide:Mod3|lpm_divide_a5m:auto_generated|sign_div_unsign_hkh:divider|alt_u_div_40f:divider|add_sub_6_result_int[7]~12 ;
; Maximum fan-out                             ; 20                                                                                                                         ;
; Total fan-out                               ; 1486                                                                                                                       ;
; Average fan-out                             ; 2.39                                                                                                                       ;
+---------------------------------------------+----------------------------------------------------------------------------------------------------------------------------+


+----------------------------------------------------------------------------------------------------------------------------------------------------------------------------------------------------------------------------------------------------------------------------+
; Analysis & Synthesis Resource Utilization by Entity                                                                                                                                                                                                                        ;
+----------------------------------------+-------------------+--------------+-------------+--------------+---------+-----------+------+--------------+--------------------------------------------------------------------------------------------------------+--------------+
; Compilation Hierarchy Node             ; LC Combinationals ; LC Registers ; Memory Bits ; DSP Elements ; DSP 9x9 ; DSP 18x18 ; Pins ; Virtual Pins ; Full Hierarchy Name                                                                                    ; Library Name ;
+----------------------------------------+-------------------+--------------+-------------+--------------+---------+-----------+------+--------------+--------------------------------------------------------------------------------------------------------+--------------+
; |dac_b                                 ; 559 (117)         ; 0 (0)        ; 0           ; 0            ; 0       ; 0         ; 64   ; 0            ; |dac_b                                                                                                 ; work         ;
;    |lpm_divide:Div0|                   ; 56 (0)            ; 0 (0)        ; 0           ; 0            ; 0       ; 0         ; 0    ; 0            ; |dac_b|lpm_divide:Div0                                                                                 ; work         ;
;       |lpm_divide_1dm:auto_generated|  ; 56 (0)            ; 0 (0)        ; 0           ; 0            ; 0       ; 0         ; 0    ; 0            ; |dac_b|lpm_divide:Div0|lpm_divide_1dm:auto_generated                                                   ; work         ;
;          |sign_div_unsign_bkh:divider| ; 56 (0)            ; 0 (0)        ; 0           ; 0            ; 0       ; 0         ; 0    ; 0            ; |dac_b|lpm_divide:Div0|lpm_divide_1dm:auto_generated|sign_div_unsign_bkh:divider                       ; work         ;
;             |alt_u_div_ove:divider|    ; 56 (56)           ; 0 (0)        ; 0           ; 0            ; 0       ; 0         ; 0    ; 0            ; |dac_b|lpm_divide:Div0|lpm_divide_1dm:auto_generated|sign_div_unsign_bkh:divider|alt_u_div_ove:divider ; work         ;
;    |lpm_divide:Div1|                   ; 19 (0)            ; 0 (0)        ; 0           ; 0            ; 0       ; 0         ; 0    ; 0            ; |dac_b|lpm_divide:Div1                                                                                 ; work         ;
;       |lpm_divide_1dm:auto_generated|  ; 19 (0)            ; 0 (0)        ; 0           ; 0            ; 0       ; 0         ; 0    ; 0            ; |dac_b|lpm_divide:Div1|lpm_divide_1dm:auto_generated                                                   ; work         ;
;          |sign_div_unsign_bkh:divider| ; 19 (0)            ; 0 (0)        ; 0           ; 0            ; 0       ; 0         ; 0    ; 0            ; |dac_b|lpm_divide:Div1|lpm_divide_1dm:auto_generated|sign_div_unsign_bkh:divider                       ; work         ;
;             |alt_u_div_ove:divider|    ; 19 (19)           ; 0 (0)        ; 0           ; 0            ; 0       ; 0         ; 0    ; 0            ; |dac_b|lpm_divide:Div1|lpm_divide_1dm:auto_generated|sign_div_unsign_bkh:divider|alt_u_div_ove:divider ; work         ;
;    |lpm_divide:Div2|                   ; 69 (0)            ; 0 (0)        ; 0           ; 0            ; 0       ; 0         ; 0    ; 0            ; |dac_b|lpm_divide:Div2                                                                                 ; work         ;
;       |lpm_divide_2dm:auto_generated|  ; 69 (0)            ; 0 (0)        ; 0           ; 0            ; 0       ; 0         ; 0    ; 0            ; |dac_b|lpm_divide:Div2|lpm_divide_2dm:auto_generated                                                   ; work         ;
;          |sign_div_unsign_ckh:divider| ; 69 (0)            ; 0 (0)        ; 0           ; 0            ; 0       ; 0         ; 0    ; 0            ; |dac_b|lpm_divide:Div2|lpm_divide_2dm:auto_generated|sign_div_unsign_ckh:divider                       ; work         ;
;             |alt_u_div_qve:divider|    ; 69 (69)           ; 0 (0)        ; 0           ; 0            ; 0       ; 0         ; 0    ; 0            ; |dac_b|lpm_divide:Div2|lpm_divide_2dm:auto_generated|sign_div_unsign_ckh:divider|alt_u_div_qve:divider ; work         ;
;    |lpm_divide:Div3|                   ; 33 (0)            ; 0 (0)        ; 0           ; 0            ; 0       ; 0         ; 0    ; 0            ; |dac_b|lpm_divide:Div3                                                                                 ; work         ;
;       |lpm_divide_2dm:auto_generated|  ; 33 (0)            ; 0 (0)        ; 0           ; 0            ; 0       ; 0         ; 0    ; 0            ; |dac_b|lpm_divide:Div3|lpm_divide_2dm:auto_generated                                                   ; work         ;
;          |sign_div_unsign_ckh:divider| ; 33 (0)            ; 0 (0)        ; 0           ; 0            ; 0       ; 0         ; 0    ; 0            ; |dac_b|lpm_divide:Div3|lpm_divide_2dm:auto_generated|sign_div_unsign_ckh:divider                       ; work         ;
;             |alt_u_div_qve:divider|    ; 33 (33)           ; 0 (0)        ; 0           ; 0            ; 0       ; 0         ; 0    ; 0            ; |dac_b|lpm_divide:Div3|lpm_divide_2dm:auto_generated|sign_div_unsign_ckh:divider|alt_u_div_qve:divider ; work         ;
;    |lpm_divide:Mod0|                   ; 77 (0)            ; 0 (0)        ; 0           ; 0            ; 0       ; 0         ; 0    ; 0            ; |dac_b|lpm_divide:Mod0                                                                                 ; work         ;
;       |lpm_divide_85m:auto_generated|  ; 77 (0)            ; 0 (0)        ; 0           ; 0            ; 0       ; 0         ; 0    ; 0            ; |dac_b|lpm_divide:Mod0|lpm_divide_85m:auto_generated                                                   ; work         ;
;          |sign_div_unsign_fkh:divider| ; 77 (0)            ; 0 (0)        ; 0           ; 0            ; 0       ; 0         ; 0    ; 0            ; |dac_b|lpm_divide:Mod0|lpm_divide_85m:auto_generated|sign_div_unsign_fkh:divider                       ; work         ;
;             |alt_u_div_00f:divider|    ; 77 (77)           ; 0 (0)        ; 0           ; 0            ; 0       ; 0         ; 0    ; 0            ; |dac_b|lpm_divide:Mod0|lpm_divide_85m:auto_generated|sign_div_unsign_fkh:divider|alt_u_div_00f:divider ; work         ;
;    |lpm_divide:Mod1|                   ; 32 (0)            ; 0 (0)        ; 0           ; 0            ; 0       ; 0         ; 0    ; 0            ; |dac_b|lpm_divide:Mod1                                                                                 ; work         ;
;       |lpm_divide_85m:auto_generated|  ; 32 (0)            ; 0 (0)        ; 0           ; 0            ; 0       ; 0         ; 0    ; 0            ; |dac_b|lpm_divide:Mod1|lpm_divide_85m:auto_generated                                                   ; work         ;
;          |sign_div_unsign_fkh:divider| ; 32 (0)            ; 0 (0)        ; 0           ; 0            ; 0       ; 0         ; 0    ; 0            ; |dac_b|lpm_divide:Mod1|lpm_divide_85m:auto_generated|sign_div_unsign_fkh:divider                       ; work         ;
;             |alt_u_div_00f:divider|    ; 32 (32)           ; 0 (0)        ; 0           ; 0            ; 0       ; 0         ; 0    ; 0            ; |dac_b|lpm_divide:Mod1|lpm_divide_85m:auto_generated|sign_div_unsign_fkh:divider|alt_u_div_00f:divider ; work         ;
;    |lpm_divide:Mod3|                   ; 102 (0)           ; 0 (0)        ; 0           ; 0            ; 0       ; 0         ; 0    ; 0            ; |dac_b|lpm_divide:Mod3                                                                                 ; work         ;
;       |lpm_divide_a5m:auto_generated|  ; 102 (0)           ; 0 (0)        ; 0           ; 0            ; 0       ; 0         ; 0    ; 0            ; |dac_b|lpm_divide:Mod3|lpm_divide_a5m:auto_generated                                                   ; work         ;
;          |sign_div_unsign_hkh:divider| ; 102 (0)           ; 0 (0)        ; 0           ; 0            ; 0       ; 0         ; 0    ; 0            ; |dac_b|lpm_divide:Mod3|lpm_divide_a5m:auto_generated|sign_div_unsign_hkh:divider                       ; work         ;
;             |alt_u_div_40f:divider|    ; 102 (102)         ; 0 (0)        ; 0           ; 0            ; 0       ; 0         ; 0    ; 0            ; |dac_b|lpm_divide:Mod3|lpm_divide_a5m:auto_generated|sign_div_unsign_hkh:divider|alt_u_div_40f:divider ; work         ;
;    |lpm_divide:Mod4|                   ; 54 (0)            ; 0 (0)        ; 0           ; 0            ; 0       ; 0         ; 0    ; 0            ; |dac_b|lpm_divide:Mod4                                                                                 ; work         ;
;       |lpm_divide_a5m:auto_generated|  ; 54 (0)            ; 0 (0)        ; 0           ; 0            ; 0       ; 0         ; 0    ; 0            ; |dac_b|lpm_divide:Mod4|lpm_divide_a5m:auto_generated                                                   ; work         ;
;          |sign_div_unsign_hkh:divider| ; 54 (0)            ; 0 (0)        ; 0           ; 0            ; 0       ; 0         ; 0    ; 0            ; |dac_b|lpm_divide:Mod4|lpm_divide_a5m:auto_generated|sign_div_unsign_hkh:divider                       ; work         ;
;             |alt_u_div_40f:divider|    ; 54 (54)           ; 0 (0)        ; 0           ; 0            ; 0       ; 0         ; 0    ; 0            ; |dac_b|lpm_divide:Mod4|lpm_divide_a5m:auto_generated|sign_div_unsign_hkh:divider|alt_u_div_40f:divider ; work         ;
+----------------------------------------+-------------------+--------------+-------------+--------------+---------+-----------+------+--------------+--------------------------------------------------------------------------------------------------------+--------------+
Note: For table entries with two numbers listed, the numbers in parentheses indicate the number of resources of the given type used by the specific entity alone. The numbers listed outside of parentheses indicate the total resources of the given type used by the specific entity and all of its sub-entities in the hierarchy.


+----------------------------------------------------------------------------------------------------+
; User-Specified and Inferred Latches                                                                ;
+-----------------------------------------------------+---------------------+------------------------+
; Latch Name                                          ; Latch Enable Signal ; Free of Timing Hazards ;
+-----------------------------------------------------+---------------------+------------------------+
; p0[0]$latch                                         ; GND                 ; yes                    ;
; p0[1]$latch                                         ; GND                 ; yes                    ;
; p0[2]$latch                                         ; GND                 ; yes                    ;
; p0[3]$latch                                         ; GND                 ; yes                    ;
; p0[4]$latch                                         ; GND                 ; yes                    ;
; p0[5]$latch                                         ; GND                 ; yes                    ;
; p0[6]$latch                                         ; GND                 ; yes                    ;
; p1[0]$latch                                         ; GND                 ; yes                    ;
; p1[1]$latch                                         ; GND                 ; yes                    ;
; p1[2]$latch                                         ; GND                 ; yes                    ;
; p1[3]$latch                                         ; GND                 ; yes                    ;
; p1[4]$latch                                         ; GND                 ; yes                    ;
; p1[5]$latch                                         ; GND                 ; yes                    ;
; p1[6]$latch                                         ; GND                 ; yes                    ;
; p5[0]$latch                                         ; GND                 ; yes                    ;
; p5[1]$latch                                         ; GND                 ; yes                    ;
; p5[2]$latch                                         ; GND                 ; yes                    ;
; p5[3]$latch                                         ; GND                 ; yes                    ;
; p5[4]$latch                                         ; GND                 ; yes                    ;
; p5[5]$latch                                         ; GND                 ; yes                    ;
; p6[0]$latch                                         ; GND                 ; yes                    ;
; p6[1]$latch                                         ; GND                 ; yes                    ;
; p6[2]$latch                                         ; GND                 ; yes                    ;
; p6[3]$latch                                         ; GND                 ; yes                    ;
; p6[4]$latch                                         ; GND                 ; yes                    ;
; p6[5]$latch                                         ; GND                 ; yes                    ;
; p6[6]$latch                                         ; GND                 ; yes                    ;
; Number of user-specified and inferred latches = 27  ;                     ;                        ;
+-----------------------------------------------------+---------------------+------------------------+
Note: All latches listed above may not be present at the end of synthesis due to various synthesis optimizations.


+------------------------------------------------------+
; General Register Statistics                          ;
+----------------------------------------------+-------+
; Statistic                                    ; Value ;
+----------------------------------------------+-------+
; Total registers                              ; 0     ;
; Number of registers using Synchronous Clear  ; 0     ;
; Number of registers using Synchronous Load   ; 0     ;
; Number of registers using Asynchronous Clear ; 0     ;
; Number of registers using Asynchronous Load  ; 0     ;
; Number of registers using Clock Enable       ; 0     ;
; Number of registers using Preset             ; 0     ;
+----------------------------------------------+-------+


+------------------------------------------------------------------------------------------------------------------------------------------+
; Multiplexer Restructuring Statistics (Restructuring Performed)                                                                           ;
+--------------------+-----------+---------------+----------------------+------------------------+------------+----------------------------+
; Multiplexer Inputs ; Bus Width ; Baseline Area ; Area if Restructured ; Saving if Restructured ; Registered ; Example Multiplexer Output ;
+--------------------+-----------+---------------+----------------------+------------------------+------------+----------------------------+
; 3:1                ; 2 bits    ; 4 LEs         ; 4 LEs                ; 0 LEs                  ; No         ; |dac_b|p0[3]~31            ;
; 3:1                ; 2 bits    ; 4 LEs         ; 4 LEs                ; 0 LEs                  ; No         ; |dac_b|p1[3]~31            ;
; 3:1                ; 2 bits    ; 4 LEs         ; 4 LEs                ; 0 LEs                  ; No         ; |dac_b|p2[6]~46            ;
; 3:1                ; 2 bits    ; 4 LEs         ; 4 LEs                ; 0 LEs                  ; No         ; |dac_b|p5[6]~46            ;
; 3:1                ; 2 bits    ; 4 LEs         ; 4 LEs                ; 0 LEs                  ; No         ; |dac_b|p6[3]~31            ;
; 3:1                ; 2 bits    ; 4 LEs         ; 4 LEs                ; 0 LEs                  ; No         ; |dac_b|p7[3]~15            ;
+--------------------+-----------+---------------+----------------------+------------------------+------------+----------------------------+


+------------------------------------------------------------------+
; Parameter Settings for Inferred Entity Instance: lpm_divide:Mod0 ;
+------------------------+----------------+------------------------+
; Parameter Name         ; Value          ; Type                   ;
+------------------------+----------------+------------------------+
; LPM_WIDTHN             ; 8              ; Untyped                ;
; LPM_WIDTHD             ; 8              ; Untyped                ;
; LPM_NREPRESENTATION    ; UNSIGNED       ; Untyped                ;
; LPM_DREPRESENTATION    ; UNSIGNED       ; Untyped                ;
; LPM_PIPELINE           ; 0              ; Untyped                ;
; LPM_REMAINDERPOSITIVE  ; TRUE           ; Untyped                ;
; MAXIMIZE_SPEED         ; 5              ; Untyped                ;
; CBXI_PARAMETER         ; lpm_divide_85m ; Untyped                ;
; CARRY_CHAIN            ; MANUAL         ; Untyped                ;
; OPTIMIZE_FOR_SPEED     ; 5              ; Untyped                ;
; AUTO_CARRY_CHAINS      ; ON             ; AUTO_CARRY             ;
; IGNORE_CARRY_BUFFERS   ; OFF            ; IGNORE_CARRY           ;
; AUTO_CASCADE_CHAINS    ; ON             ; AUTO_CASCADE           ;
; IGNORE_CASCADE_BUFFERS ; OFF            ; IGNORE_CASCADE         ;
+------------------------+----------------+------------------------+
Note: In order to hide this table in the UI and the text report file, please set the "Show Parameter Settings Tables in Synthesis Report" option in "Analysis and Synthesis Settings -> More Settings" to "Off".


+------------------------------------------------------------------+
; Parameter Settings for Inferred Entity Instance: lpm_divide:Div0 ;
+------------------------+----------------+------------------------+
; Parameter Name         ; Value          ; Type                   ;
+------------------------+----------------+------------------------+
; LPM_WIDTHN             ; 8              ; Untyped                ;
; LPM_WIDTHD             ; 4              ; Untyped                ;
; LPM_NREPRESENTATION    ; UNSIGNED       ; Untyped                ;
; LPM_DREPRESENTATION    ; UNSIGNED       ; Untyped                ;
; LPM_PIPELINE           ; 0              ; Untyped                ;
; LPM_REMAINDERPOSITIVE  ; TRUE           ; Untyped                ;
; MAXIMIZE_SPEED         ; 5              ; Untyped                ;
; CBXI_PARAMETER         ; lpm_divide_1dm ; Untyped                ;
; CARRY_CHAIN            ; MANUAL         ; Untyped                ;
; OPTIMIZE_FOR_SPEED     ; 5              ; Untyped                ;
; AUTO_CARRY_CHAINS      ; ON             ; AUTO_CARRY             ;
; IGNORE_CARRY_BUFFERS   ; OFF            ; IGNORE_CARRY           ;
; AUTO_CASCADE_CHAINS    ; ON             ; AUTO_CASCADE           ;
; IGNORE_CASCADE_BUFFERS ; OFF            ; IGNORE_CASCADE         ;
+------------------------+----------------+------------------------+
Note: In order to hide this table in the UI and the text report file, please set the "Show Parameter Settings Tables in Synthesis Report" option in "Analysis and Synthesis Settings -> More Settings" to "Off".


+------------------------------------------------------------------+
; Parameter Settings for Inferred Entity Instance: lpm_divide:Mod1 ;
+------------------------+----------------+------------------------+
; Parameter Name         ; Value          ; Type                   ;
+------------------------+----------------+------------------------+
; LPM_WIDTHN             ; 8              ; Untyped                ;
; LPM_WIDTHD             ; 8              ; Untyped                ;
; LPM_NREPRESENTATION    ; UNSIGNED       ; Untyped                ;
; LPM_DREPRESENTATION    ; UNSIGNED       ; Untyped                ;
; LPM_PIPELINE           ; 0              ; Untyped                ;
; LPM_REMAINDERPOSITIVE  ; TRUE           ; Untyped                ;
; MAXIMIZE_SPEED         ; 5              ; Untyped                ;
; CBXI_PARAMETER         ; lpm_divide_85m ; Untyped                ;
; CARRY_CHAIN            ; MANUAL         ; Untyped                ;
; OPTIMIZE_FOR_SPEED     ; 5              ; Untyped                ;
; AUTO_CARRY_CHAINS      ; ON             ; AUTO_CARRY             ;
; IGNORE_CARRY_BUFFERS   ; OFF            ; IGNORE_CARRY           ;
; AUTO_CASCADE_CHAINS    ; ON             ; AUTO_CASCADE           ;
; IGNORE_CASCADE_BUFFERS ; OFF            ; IGNORE_CASCADE         ;
+------------------------+----------------+------------------------+
Note: In order to hide this table in the UI and the text report file, please set the "Show Parameter Settings Tables in Synthesis Report" option in "Analysis and Synthesis Settings -> More Settings" to "Off".


+------------------------------------------------------------------+
; Parameter Settings for Inferred Entity Instance: lpm_divide:Div1 ;
+------------------------+----------------+------------------------+
; Parameter Name         ; Value          ; Type                   ;
+------------------------+----------------+------------------------+
; LPM_WIDTHN             ; 8              ; Untyped                ;
; LPM_WIDTHD             ; 4              ; Untyped                ;
; LPM_NREPRESENTATION    ; UNSIGNED       ; Untyped                ;
; LPM_DREPRESENTATION    ; UNSIGNED       ; Untyped                ;
; LPM_PIPELINE           ; 0              ; Untyped                ;
; LPM_REMAINDERPOSITIVE  ; TRUE           ; Untyped                ;
; MAXIMIZE_SPEED         ; 5              ; Untyped                ;
; CBXI_PARAMETER         ; lpm_divide_1dm ; Untyped                ;
; CARRY_CHAIN            ; MANUAL         ; Untyped                ;
; OPTIMIZE_FOR_SPEED     ; 5              ; Untyped                ;
; AUTO_CARRY_CHAINS      ; ON             ; AUTO_CARRY             ;
; IGNORE_CARRY_BUFFERS   ; OFF            ; IGNORE_CARRY           ;
; AUTO_CASCADE_CHAINS    ; ON             ; AUTO_CASCADE           ;
; IGNORE_CASCADE_BUFFERS ; OFF            ; IGNORE_CASCADE         ;
+------------------------+----------------+------------------------+
Note: In order to hide this table in the UI and the text report file, please set the "Show Parameter Settings Tables in Synthesis Report" option in "Analysis and Synthesis Settings -> More Settings" to "Off".


+------------------------------------------------------------------+
; Parameter Settings for Inferred Entity Instance: lpm_divide:Mod2 ;
+------------------------+----------------+------------------------+
; Parameter Name         ; Value          ; Type                   ;
+------------------------+----------------+------------------------+
; LPM_WIDTHN             ; 8              ; Untyped                ;
; LPM_WIDTHD             ; 8              ; Untyped                ;
; LPM_NREPRESENTATION    ; UNSIGNED       ; Untyped                ;
; LPM_DREPRESENTATION    ; UNSIGNED       ; Untyped                ;
; LPM_PIPELINE           ; 0              ; Untyped                ;
; LPM_REMAINDERPOSITIVE  ; TRUE           ; Untyped                ;
; MAXIMIZE_SPEED         ; 5              ; Untyped                ;
; CBXI_PARAMETER         ; lpm_divide_85m ; Untyped                ;
; CARRY_CHAIN            ; MANUAL         ; Untyped                ;
; OPTIMIZE_FOR_SPEED     ; 5              ; Untyped                ;
; AUTO_CARRY_CHAINS      ; ON             ; AUTO_CARRY             ;
; IGNORE_CARRY_BUFFERS   ; OFF            ; IGNORE_CARRY           ;
; AUTO_CASCADE_CHAINS    ; ON             ; AUTO_CASCADE           ;
; IGNORE_CASCADE_BUFFERS ; OFF            ; IGNORE_CASCADE         ;
+------------------------+----------------+------------------------+
Note: In order to hide this table in the UI and the text report file, please set the "Show Parameter Settings Tables in Synthesis Report" option in "Analysis and Synthesis Settings -> More Settings" to "Off".


+------------------------------------------------------------------+
; Parameter Settings for Inferred Entity Instance: lpm_divide:Mod3 ;
+------------------------+----------------+------------------------+
; Parameter Name         ; Value          ; Type                   ;
+------------------------+----------------+------------------------+
; LPM_WIDTHN             ; 9              ; Untyped                ;
; LPM_WIDTHD             ; 9              ; Untyped                ;
; LPM_NREPRESENTATION    ; UNSIGNED       ; Untyped                ;
; LPM_DREPRESENTATION    ; UNSIGNED       ; Untyped                ;
; LPM_PIPELINE           ; 0              ; Untyped                ;
; LPM_REMAINDERPOSITIVE  ; TRUE           ; Untyped                ;
; MAXIMIZE_SPEED         ; 5              ; Untyped                ;
; CBXI_PARAMETER         ; lpm_divide_a5m ; Untyped                ;
; CARRY_CHAIN            ; MANUAL         ; Untyped                ;
; OPTIMIZE_FOR_SPEED     ; 5              ; Untyped                ;
; AUTO_CARRY_CHAINS      ; ON             ; AUTO_CARRY             ;
; IGNORE_CARRY_BUFFERS   ; OFF            ; IGNORE_CARRY           ;
; AUTO_CASCADE_CHAINS    ; ON             ; AUTO_CASCADE           ;
; IGNORE_CASCADE_BUFFERS ; OFF            ; IGNORE_CASCADE         ;
+------------------------+----------------+------------------------+
Note: In order to hide this table in the UI and the text report file, please set the "Show Parameter Settings Tables in Synthesis Report" option in "Analysis and Synthesis Settings -> More Settings" to "Off".


+------------------------------------------------------------------+
; Parameter Settings for Inferred Entity Instance: lpm_divide:Div2 ;
+------------------------+----------------+------------------------+
; Parameter Name         ; Value          ; Type                   ;
+------------------------+----------------+------------------------+
; LPM_WIDTHN             ; 9              ; Untyped                ;
; LPM_WIDTHD             ; 4              ; Untyped                ;
; LPM_NREPRESENTATION    ; UNSIGNED       ; Untyped                ;
; LPM_DREPRESENTATION    ; UNSIGNED       ; Untyped                ;
; LPM_PIPELINE           ; 0              ; Untyped                ;
; LPM_REMAINDERPOSITIVE  ; TRUE           ; Untyped                ;
; MAXIMIZE_SPEED         ; 5              ; Untyped                ;
; CBXI_PARAMETER         ; lpm_divide_2dm ; Untyped                ;
; CARRY_CHAIN            ; MANUAL         ; Untyped                ;
; OPTIMIZE_FOR_SPEED     ; 5              ; Untyped                ;
; AUTO_CARRY_CHAINS      ; ON             ; AUTO_CARRY             ;
; IGNORE_CARRY_BUFFERS   ; OFF            ; IGNORE_CARRY           ;
; AUTO_CASCADE_CHAINS    ; ON             ; AUTO_CASCADE           ;
; IGNORE_CASCADE_BUFFERS ; OFF            ; IGNORE_CASCADE         ;
+------------------------+----------------+------------------------+
Note: In order to hide this table in the UI and the text report file, please set the "Show Parameter Settings Tables in Synthesis Report" option in "Analysis and Synthesis Settings -> More Settings" to "Off".


+------------------------------------------------------------------+
; Parameter Settings for Inferred Entity Instance: lpm_divide:Mod4 ;
+------------------------+----------------+------------------------+
; Parameter Name         ; Value          ; Type                   ;
+------------------------+----------------+------------------------+
; LPM_WIDTHN             ; 9              ; Untyped                ;
; LPM_WIDTHD             ; 9              ; Untyped                ;
; LPM_NREPRESENTATION    ; UNSIGNED       ; Untyped                ;
; LPM_DREPRESENTATION    ; UNSIGNED       ; Untyped                ;
; LPM_PIPELINE           ; 0              ; Untyped                ;
; LPM_REMAINDERPOSITIVE  ; TRUE           ; Untyped                ;
; MAXIMIZE_SPEED         ; 5              ; Untyped                ;
; CBXI_PARAMETER         ; lpm_divide_a5m ; Untyped                ;
; CARRY_CHAIN            ; MANUAL         ; Untyped                ;
; OPTIMIZE_FOR_SPEED     ; 5              ; Untyped                ;
; AUTO_CARRY_CHAINS      ; ON             ; AUTO_CARRY             ;
; IGNORE_CARRY_BUFFERS   ; OFF            ; IGNORE_CARRY           ;
; AUTO_CASCADE_CHAINS    ; ON             ; AUTO_CASCADE           ;
; IGNORE_CASCADE_BUFFERS ; OFF            ; IGNORE_CASCADE         ;
+------------------------+----------------+------------------------+
Note: In order to hide this table in the UI and the text report file, please set the "Show Parameter Settings Tables in Synthesis Report" option in "Analysis and Synthesis Settings -> More Settings" to "Off".


+------------------------------------------------------------------+
; Parameter Settings for Inferred Entity Instance: lpm_divide:Div3 ;
+------------------------+----------------+------------------------+
; Parameter Name         ; Value          ; Type                   ;
+------------------------+----------------+------------------------+
; LPM_WIDTHN             ; 9              ; Untyped                ;
; LPM_WIDTHD             ; 4              ; Untyped                ;
; LPM_NREPRESENTATION    ; UNSIGNED       ; Untyped                ;
; LPM_DREPRESENTATION    ; UNSIGNED       ; Untyped                ;
; LPM_PIPELINE           ; 0              ; Untyped                ;
; LPM_REMAINDERPOSITIVE  ; TRUE           ; Untyped                ;
; MAXIMIZE_SPEED         ; 5              ; Untyped                ;
; CBXI_PARAMETER         ; lpm_divide_2dm ; Untyped                ;
; CARRY_CHAIN            ; MANUAL         ; Untyped                ;
; OPTIMIZE_FOR_SPEED     ; 5              ; Untyped                ;
; AUTO_CARRY_CHAINS      ; ON             ; AUTO_CARRY             ;
; IGNORE_CARRY_BUFFERS   ; OFF            ; IGNORE_CARRY           ;
; AUTO_CASCADE_CHAINS    ; ON             ; AUTO_CASCADE           ;
; IGNORE_CASCADE_BUFFERS ; OFF            ; IGNORE_CASCADE         ;
+------------------------+----------------+------------------------+
Note: In order to hide this table in the UI and the text report file, please set the "Show Parameter Settings Tables in Synthesis Report" option in "Analysis and Synthesis Settings -> More Settings" to "Off".


+------------------------------------------------------------------+
; Parameter Settings for Inferred Entity Instance: lpm_divide:Mod5 ;
+------------------------+----------------+------------------------+
; Parameter Name         ; Value          ; Type                   ;
+------------------------+----------------+------------------------+
; LPM_WIDTHN             ; 9              ; Untyped                ;
; LPM_WIDTHD             ; 9              ; Untyped                ;
; LPM_NREPRESENTATION    ; UNSIGNED       ; Untyped                ;
; LPM_DREPRESENTATION    ; UNSIGNED       ; Untyped                ;
; LPM_PIPELINE           ; 0              ; Untyped                ;
; LPM_REMAINDERPOSITIVE  ; TRUE           ; Untyped                ;
; MAXIMIZE_SPEED         ; 5              ; Untyped                ;
; CBXI_PARAMETER         ; lpm_divide_a5m ; Untyped                ;
; CARRY_CHAIN            ; MANUAL         ; Untyped                ;
; OPTIMIZE_FOR_SPEED     ; 5              ; Untyped                ;
; AUTO_CARRY_CHAINS      ; ON             ; AUTO_CARRY             ;
; IGNORE_CARRY_BUFFERS   ; OFF            ; IGNORE_CARRY           ;
; AUTO_CASCADE_CHAINS    ; ON             ; AUTO_CASCADE           ;
; IGNORE_CASCADE_BUFFERS ; OFF            ; IGNORE_CASCADE         ;
+------------------------+----------------+------------------------+
Note: In order to hide this table in the UI and the text report file, please set the "Show Parameter Settings Tables in Synthesis Report" option in "Analysis and Synthesis Settings -> More Settings" to "Off".


+-------------------------------+
; Analysis & Synthesis Messages ;
+-------------------------------+
Info: *******************************************************************
Info: Running Quartus II Analysis & Synthesis
    Info: Version 9.0 Build 235 06/17/2009 Service Pack 2 SJ Web Edition
    Info: Processing started: Thu Oct 31 20:48:37 2019
Info: Command: quartus_map --read_settings_files=on --write_settings_files=off dac_b -c dac_b
Info: Found 2 design units, including 1 entities, in source file dac_b.vhd
    Info: Found design unit 1: dac_b-dac
    Info: Found entity 1: dac_b
Info: Elaborating entity "dac_b" for the top level hierarchy
Warning (10541): VHDL Signal Declaration warning at dac_b.vhd(8): used implicit default value for signal "p3" because signal was never assigned a value or an explicit default value. Use of implicit default value may introduce unintended design optimizations.
Warning (10541): VHDL Signal Declaration warning at dac_b.vhd(8): used implicit default value for signal "p4" because signal was never assigned a value or an explicit default value. Use of implicit default value may introduce unintended design optimizations.
Warning (10631): VHDL Process Statement warning at dac_b.vhd(13): inferring latch(es) for signal or variable "p0", which holds its previous value in one or more paths through the process
Warning (10631): VHDL Process Statement warning at dac_b.vhd(13): inferring latch(es) for signal or variable "p1", which holds its previous value in one or more paths through the process
Warning (10631): VHDL Process Statement warning at dac_b.vhd(13): inferring latch(es) for signal or variable "p2", which holds its previous value in one or more paths through the process
Warning (10631): VHDL Process Statement warning at dac_b.vhd(13): inferring latch(es) for signal or variable "p5", which holds its previous value in one or more paths through the process
Warning (10631): VHDL Process Statement warning at dac_b.vhd(13): inferring latch(es) for signal or variable "p6", which holds its previous value in one or more paths through the process
Warning (10631): VHDL Process Statement warning at dac_b.vhd(13): inferring latch(es) for signal or variable "p7", which holds its previous value in one or more paths through the process
Info (10041): Inferred latch for "p7[0]" at dac_b.vhd(13)
Info (10041): Inferred latch for "p7[1]" at dac_b.vhd(13)
Info (10041): Inferred latch for "p7[2]" at dac_b.vhd(13)
Info (10041): Inferred latch for "p7[3]" at dac_b.vhd(13)
Info (10041): Inferred latch for "p7[4]" at dac_b.vhd(13)
Info (10041): Inferred latch for "p7[5]" at dac_b.vhd(13)
Info (10041): Inferred latch for "p7[6]" at dac_b.vhd(13)
Info (10041): Inferred latch for "p6[0]" at dac_b.vhd(13)
Info (10041): Inferred latch for "p6[1]" at dac_b.vhd(13)
Info (10041): Inferred latch for "p6[2]" at dac_b.vhd(13)
Info (10041): Inferred latch for "p6[3]" at dac_b.vhd(13)
Info (10041): Inferred latch for "p6[4]" at dac_b.vhd(13)
Info (10041): Inferred latch for "p6[5]" at dac_b.vhd(13)
Info (10041): Inferred latch for "p6[6]" at dac_b.vhd(13)
Info (10041): Inferred latch for "p5[0]" at dac_b.vhd(13)
Info (10041): Inferred latch for "p5[1]" at dac_b.vhd(13)
Info (10041): Inferred latch for "p5[2]" at dac_b.vhd(13)
Info (10041): Inferred latch for "p5[3]" at dac_b.vhd(13)
Info (10041): Inferred latch for "p5[4]" at dac_b.vhd(13)
Info (10041): Inferred latch for "p5[5]" at dac_b.vhd(13)
Info (10041): Inferred latch for "p5[6]" at dac_b.vhd(13)
Info (10041): Inferred latch for "p2[0]" at dac_b.vhd(13)
Info (10041): Inferred latch for "p2[1]" at dac_b.vhd(13)
Info (10041): Inferred latch for "p2[2]" at dac_b.vhd(13)
Info (10041): Inferred latch for "p2[3]" at dac_b.vhd(13)
Info (10041): Inferred latch for "p2[4]" at dac_b.vhd(13)
Info (10041): Inferred latch for "p2[5]" at dac_b.vhd(13)
Info (10041): Inferred latch for "p2[6]" at dac_b.vhd(13)
Info (10041): Inferred latch for "p1[0]" at dac_b.vhd(13)
Info (10041): Inferred latch for "p1[1]" at dac_b.vhd(13)
Info (10041): Inferred latch for "p1[2]" at dac_b.vhd(13)
Info (10041): Inferred latch for "p1[3]" at dac_b.vhd(13)
Info (10041): Inferred latch for "p1[4]" at dac_b.vhd(13)
Info (10041): Inferred latch for "p1[5]" at dac_b.vhd(13)
Info (10041): Inferred latch for "p1[6]" at dac_b.vhd(13)
Info (10041): Inferred latch for "p0[0]" at dac_b.vhd(13)
Info (10041): Inferred latch for "p0[1]" at dac_b.vhd(13)
Info (10041): Inferred latch for "p0[2]" at dac_b.vhd(13)
Info (10041): Inferred latch for "p0[3]" at dac_b.vhd(13)
Info (10041): Inferred latch for "p0[4]" at dac_b.vhd(13)
Info (10041): Inferred latch for "p0[5]" at dac_b.vhd(13)
Info (10041): Inferred latch for "p0[6]" at dac_b.vhd(13)
Info: Inferred 10 megafunctions from design logic
    Info: Inferred divider/modulo megafunction ("lpm_divide") from the following logic: "Mod0"
    Info: Inferred divider/modulo megafunction ("lpm_divide") from the following logic: "Div0"
    Info: Inferred divider/modulo megafunction ("lpm_divide") from the following logic: "Mod1"
    Info: Inferred divider/modulo megafunction ("lpm_divide") from the following logic: "Div1"
    Info: Inferred divider/modulo megafunction ("lpm_divide") from the following logic: "Mod2"
    Info: Inferred divider/modulo megafunction ("lpm_divide") from the following logic: "Mod3"
    Info: Inferred divider/modulo megafunction ("lpm_divide") from the following logic: "Div2"
    Info: Inferred divider/modulo megafunction ("lpm_divide") from the following logic: "Mod4"
    Info: Inferred divider/modulo megafunction ("lpm_divide") from the following logic: "Div3"
    Info: Inferred divider/modulo megafunction ("lpm_divide") from the following logic: "Mod5"
Info: Elaborated megafunction instantiation "lpm_divide:Mod0"
Info: Instantiated megafunction "lpm_divide:Mod0" with the following parameter:
    Info: Parameter "LPM_WIDTHN" = "8"
    Info: Parameter "LPM_WIDTHD" = "8"
    Info: Parameter "LPM_NREPRESENTATION" = "UNSIGNED"
    Info: Parameter "LPM_DREPRESENTATION" = "UNSIGNED"
Info: Found 1 design units, including 1 entities, in source file db/lpm_divide_85m.tdf
    Info: Found entity 1: lpm_divide_85m
Info: Found 1 design units, including 1 entities, in source file db/sign_div_unsign_fkh.tdf
    Info: Found entity 1: sign_div_unsign_fkh
Info: Found 1 design units, including 1 entities, in source file db/alt_u_div_00f.tdf
    Info: Found entity 1: alt_u_div_00f
Info: Found 1 design units, including 1 entities, in source file db/add_sub_lkc.tdf
    Info: Found entity 1: add_sub_lkc
Info: Found 1 design units, including 1 entities, in source file db/add_sub_mkc.tdf
    Info: Found entity 1: add_sub_mkc
Info: Elaborated megafunction instantiation "lpm_divide:Div0"
Info: Instantiated megafunction "lpm_divide:Div0" with the following parameter:
    Info: Parameter "LPM_WIDTHN" = "8"
    Info: Parameter "LPM_WIDTHD" = "4"
    Info: Parameter "LPM_NREPRESENTATION" = "UNSIGNED"
    Info: Parameter "LPM_DREPRESENTATION" = "UNSIGNED"
Info: Found 1 design units, including 1 entities, in source file db/lpm_divide_1dm.tdf
    Info: Found entity 1: lpm_divide_1dm
Info: Found 1 design units, including 1 entities, in source file db/sign_div_unsign_bkh.tdf
    Info: Found entity 1: sign_div_unsign_bkh
Info: Found 1 design units, including 1 entities, in source file db/alt_u_div_ove.tdf
    Info: Found entity 1: alt_u_div_ove
Info: Elaborated megafunction instantiation "lpm_divide:Mod3"
Info: Instantiated megafunction "lpm_divide:Mod3" with the following parameter:
    Info: Parameter "LPM_WIDTHN" = "9"
    Info: Parameter "LPM_WIDTHD" = "9"
    Info: Parameter "LPM_NREPRESENTATION" = "UNSIGNED"
    Info: Parameter "LPM_DREPRESENTATION" = "UNSIGNED"
Info: Found 1 design units, including 1 entities, in source file db/lpm_divide_a5m.tdf
    Info: Found entity 1: lpm_divide_a5m
Info: Found 1 design units, including 1 entities, in source file db/sign_div_unsign_hkh.tdf
    Info: Found entity 1: sign_div_unsign_hkh
Info: Found 1 design units, including 1 entities, in source file db/alt_u_div_40f.tdf
    Info: Found entity 1: alt_u_div_40f
Info: Elaborated megafunction instantiation "lpm_divide:Div2"
Info: Instantiated megafunction "lpm_divide:Div2" with the following parameter:
    Info: Parameter "LPM_WIDTHN" = "9"
    Info: Parameter "LPM_WIDTHD" = "4"
    Info: Parameter "LPM_NREPRESENTATION" = "UNSIGNED"
    Info: Parameter "LPM_DREPRESENTATION" = "UNSIGNED"
Info: Found 1 design units, including 1 entities, in source file db/lpm_divide_2dm.tdf
    Info: Found entity 1: lpm_divide_2dm
Info: Found 1 design units, including 1 entities, in source file db/sign_div_unsign_ckh.tdf
    Info: Found entity 1: sign_div_unsign_ckh
Info: Found 1 design units, including 1 entities, in source file db/alt_u_div_qve.tdf
    Info: Found entity 1: alt_u_div_qve
Info: Elaborated megafunction instantiation "lpm_divide:Mod4"
Info: Instantiated megafunction "lpm_divide:Mod4" with the following parameter:
    Info: Parameter "LPM_WIDTHN" = "9"
    Info: Parameter "LPM_WIDTHD" = "9"
    Info: Parameter "LPM_NREPRESENTATION" = "UNSIGNED"
    Info: Parameter "LPM_DREPRESENTATION" = "UNSIGNED"
Info: Elaborated megafunction instantiation "lpm_divide:Div3"
Info: Instantiated megafunction "lpm_divide:Div3" with the following parameter:
    Info: Parameter "LPM_WIDTHN" = "9"
    Info: Parameter "LPM_WIDTHD" = "4"
    Info: Parameter "LPM_NREPRESENTATION" = "UNSIGNED"
    Info: Parameter "LPM_DREPRESENTATION" = "UNSIGNED"
Warning: LATCH primitive "p5[6]$latch" is permanently disabled
Warning: Output pins are stuck at VCC or GND
    Warning (13410): Pin "p2[5]" is stuck at GND
    Warning (13410): Pin "p3[0]" is stuck at GND
    Warning (13410): Pin "p3[1]" is stuck at GND
    Warning (13410): Pin "p3[2]" is stuck at GND
    Warning (13410): Pin "p3[3]" is stuck at GND
    Warning (13410): Pin "p3[4]" is stuck at GND
    Warning (13410): Pin "p3[5]" is stuck at GND
    Warning (13410): Pin "p3[6]" is stuck at GND
    Warning (13410): Pin "p4[0]" is stuck at GND
    Warning (13410): Pin "p4[1]" is stuck at GND
    Warning (13410): Pin "p4[2]" is stuck at GND
    Warning (13410): Pin "p4[3]" is stuck at GND
    Warning (13410): Pin "p4[4]" is stuck at GND
    Warning (13410): Pin "p4[5]" is stuck at GND
    Warning (13410): Pin "p4[6]" is stuck at GND
    Warning (13410): Pin "p5[6]" is stuck at VCC
Info: Found the following redundant logic cells in design
    Info (17048): Logic cell "lpm_divide:Div1|lpm_divide_1dm:auto_generated|sign_div_unsign_bkh:divider|alt_u_div_ove:divider|add_sub_6_result_int[0]~10"
    Info (17048): Logic cell "lpm_divide:Div3|lpm_divide_2dm:auto_generated|sign_div_unsign_ckh:divider|alt_u_div_qve:divider|add_sub_6_result_int[0]~10"
    Info (17048): Logic cell "lpm_divide:Div3|lpm_divide_2dm:auto_generated|sign_div_unsign_ckh:divider|alt_u_div_qve:divider|add_sub_7_result_int[0]~10"
    Info (17048): Logic cell "lpm_divide:Mod1|lpm_divide_85m:auto_generated|sign_div_unsign_fkh:divider|alt_u_div_00f:divider|add_sub_7_result_int[0]~0"
    Info (17048): Logic cell "lpm_divide:Mod1|lpm_divide_85m:auto_generated|sign_div_unsign_fkh:divider|alt_u_div_00f:divider|add_sub_6_result_int[0]~14"
Info: Implemented 623 device resources after synthesis - the final resource count might be different
    Info: Implemented 8 input pins
    Info: Implemented 56 output pins
    Info: Implemented 559 logic cells
Info: Quartus II Analysis & Synthesis was successful. 0 errors, 26 warnings
    Info: Peak virtual memory: 260 megabytes
    Info: Processing ended: Thu Oct 31 20:48:39 2019
    Info: Elapsed time: 00:00:02
    Info: Total CPU time (on all processors): 00:00:02


