Classic Timing Analyzer report for alu_ex3
Mon Dec 02 20:52:21 2019
Quartus II Version 9.0 Build 235 06/17/2009 Service Pack 2 SJ Web Edition


---------------------
; Table of Contents ;
---------------------
  1. Legal Notice
  2. Timing Analyzer Summary
  3. Timing Analyzer Settings
  4. Clock Settings Summary
  5. Parallel Compilation
  6. Clock Setup: 's[3]'
  7. Clock Setup: 's[2]'
  8. Clock Setup: 's[0]'
  9. Clock Setup: 's[1]'
 10. Clock Setup: 'm'
 11. tsu
 12. tco
 13. th
 14. Timing Analyzer Messages



----------------
; Legal Notice ;
----------------
Copyright (C) 1991-2009 Altera Corporation
Your use of Altera Corporation's design tools, logic functions 
and other software and tools, and its AMPP partner logic 
functions, and any output files from any of the foregoing 
(including device programming or simulation files), and any 
associated documentation or information are expressly subject 
to the terms and conditions of the Altera Program License 
Subscription Agreement, Altera MegaCore Function License 
Agreement, or other applicable license agreement, including, 
without limitation, that your use is for the sole purpose of 
programming logic devices manufactured by Altera and sold by 
Altera or its authorized distributors.  Please refer to the 
applicable agreement for further details.



+---------------------------------------------------------------------------------------------------------------------------------------------------------------+
; Timing Analyzer Summary                                                                                                                                       ;
+------------------------------+-------+---------------+------------------------------------------------+-------+--------+------------+----------+--------------+
; Type                         ; Slack ; Required Time ; Actual Time                                    ; From  ; To     ; From Clock ; To Clock ; Failed Paths ;
+------------------------------+-------+---------------+------------------------------------------------+-------+--------+------------+----------+--------------+
; Worst-case tsu               ; N/A   ; None          ; 4.703 ns                                       ; b[0]  ; cc[2]  ; --         ; s[1]     ; 0            ;
; Worst-case tco               ; N/A   ; None          ; 9.460 ns                                       ; cc[0] ; T[0]   ; m          ; --       ; 0            ;
; Worst-case th                ; N/A   ; None          ; 1.988 ns                                       ; a[3]  ; cc[3]  ; --         ; m        ; 0            ;
; Clock Setup: 'm'             ; N/A   ; None          ; Restricted to 500.00 MHz ( period = 2.000 ns ) ; cc[8] ; jinwei ; m          ; m        ; 0            ;
; Clock Setup: 's[1]'          ; N/A   ; None          ; Restricted to 500.00 MHz ( period = 2.000 ns ) ; cc[8] ; jinwei ; s[1]       ; s[1]     ; 0            ;
; Clock Setup: 's[0]'          ; N/A   ; None          ; Restricted to 500.00 MHz ( period = 2.000 ns ) ; cc[8] ; jinwei ; s[0]       ; s[0]     ; 0            ;
; Clock Setup: 's[2]'          ; N/A   ; None          ; Restricted to 500.00 MHz ( period = 2.000 ns ) ; cc[8] ; jinwei ; s[2]       ; s[2]     ; 0            ;
; Clock Setup: 's[3]'          ; N/A   ; None          ; Restricted to 500.00 MHz ( period = 2.000 ns ) ; cc[8] ; jinwei ; s[3]       ; s[3]     ; 0            ;
; Total number of failed paths ;       ;               ;                                                ;       ;        ;            ;          ; 0            ;
+------------------------------+-------+---------------+------------------------------------------------+-------+--------+------------+----------+--------------+


+--------------------------------------------------------------------------------------------------------------------+
; Timing Analyzer Settings                                                                                           ;
+---------------------------------------------------------------------+--------------------+------+----+-------------+
; Option                                                              ; Setting            ; From ; To ; Entity Name ;
+---------------------------------------------------------------------+--------------------+------+----+-------------+
; Device Name                                                         ; EP2S15F484C3       ;      ;    ;             ;
; Timing Models                                                       ; Final              ;      ;    ;             ;
; Default hold multicycle                                             ; Same as Multicycle ;      ;    ;             ;
; Cut paths between unrelated clock domains                           ; On                 ;      ;    ;             ;
; Cut off read during write signal paths                              ; On                 ;      ;    ;             ;
; Cut off feedback from I/O pins                                      ; On                 ;      ;    ;             ;
; Report Combined Fast/Slow Timing                                    ; Off                ;      ;    ;             ;
; Ignore Clock Settings                                               ; Off                ;      ;    ;             ;
; Analyze latches as synchronous elements                             ; On                 ;      ;    ;             ;
; Enable Recovery/Removal analysis                                    ; Off                ;      ;    ;             ;
; Enable Clock Latency                                                ; Off                ;      ;    ;             ;
; Use TimeQuest Timing Analyzer                                       ; Off                ;      ;    ;             ;
; Number of source nodes to report per destination node               ; 10                 ;      ;    ;             ;
; Number of destination nodes to report                               ; 10                 ;      ;    ;             ;
; Number of paths to report                                           ; 200                ;      ;    ;             ;
; Report Minimum Timing Checks                                        ; Off                ;      ;    ;             ;
; Use Fast Timing Models                                              ; Off                ;      ;    ;             ;
; Report IO Paths Separately                                          ; Off                ;      ;    ;             ;
; Perform Multicorner Analysis                                        ; On                 ;      ;    ;             ;
; Reports the worst-case path for each clock domain and analysis      ; Off                ;      ;    ;             ;
; Removes common clock path pessimism (CCPP) during slack computation ; Off                ;      ;    ;             ;
; Output I/O Timing Endpoint                                          ; Near End           ;      ;    ;             ;
+---------------------------------------------------------------------+--------------------+------+----+-------------+


+------------------------------------------------------------------------------------------------------------------------------------------------------------------------------------+
; Clock Settings Summary                                                                                                                                                             ;
+-----------------+--------------------+----------+------------------+---------------+--------------+----------+-----------------------+---------------------+--------+--------------+
; Clock Node Name ; Clock Setting Name ; Type     ; Fmax Requirement ; Early Latency ; Late Latency ; Based on ; Multiply Base Fmax by ; Divide Base Fmax by ; Offset ; Phase offset ;
+-----------------+--------------------+----------+------------------+---------------+--------------+----------+-----------------------+---------------------+--------+--------------+
; s[3]            ;                    ; User Pin ; None             ; 0.000 ns      ; 0.000 ns     ; --       ; N/A                   ; N/A                 ; N/A    ;              ;
; s[2]            ;                    ; User Pin ; None             ; 0.000 ns      ; 0.000 ns     ; --       ; N/A                   ; N/A                 ; N/A    ;              ;
; s[0]            ;                    ; User Pin ; None             ; 0.000 ns      ; 0.000 ns     ; --       ; N/A                   ; N/A                 ; N/A    ;              ;
; s[1]            ;                    ; User Pin ; None             ; 0.000 ns      ; 0.000 ns     ; --       ; N/A                   ; N/A                 ; N/A    ;              ;
; m               ;                    ; User Pin ; None             ; 0.000 ns      ; 0.000 ns     ; --       ; N/A                   ; N/A                 ; N/A    ;              ;
+-----------------+--------------------+----------+------------------+---------------+--------------+----------+-----------------------+---------------------+--------+--------------+


+------------------------------------------+
; Parallel Compilation                     ;
+----------------------------+-------------+
; Processors                 ; Number      ;
+----------------------------+-------------+
; Number detected on machine ; 6           ;
; Maximum allowed            ; 4           ;
;                            ;             ;
; Average used               ; 1.00        ;
; Maximum used               ; 1           ;
;                            ;             ;
; Usage by Processor         ; % Time Used ;
;     1 processor            ; 100.0%      ;
;     2-6 processors         ;   0.0%      ;
+----------------------------+-------------+


+-------------------------------------------------------------------------------------------------------------------------------------------------------------------------------------+
; Clock Setup: 's[3]'                                                                                                                                                                 ;
+-------+------------------------------------------------+-------+--------+------------+----------+-----------------------------+---------------------------+-------------------------+
; Slack ; Actual fmax (period)                           ; From  ; To     ; From Clock ; To Clock ; Required Setup Relationship ; Required Longest P2P Time ; Actual Longest P2P Time ;
+-------+------------------------------------------------+-------+--------+------------+----------+-----------------------------+---------------------------+-------------------------+
; N/A   ; Restricted to 500.00 MHz ( period = 2.000 ns ) ; cc[8] ; jinwei ; s[3]       ; s[3]     ; None                        ; None                      ; 0.259 ns                ;
+-------+------------------------------------------------+-------+--------+------------+----------+-----------------------------+---------------------------+-------------------------+


+-------------------------------------------------------------------------------------------------------------------------------------------------------------------------------------+
; Clock Setup: 's[2]'                                                                                                                                                                 ;
+-------+------------------------------------------------+-------+--------+------------+----------+-----------------------------+---------------------------+-------------------------+
; Slack ; Actual fmax (period)                           ; From  ; To     ; From Clock ; To Clock ; Required Setup Relationship ; Required Longest P2P Time ; Actual Longest P2P Time ;
+-------+------------------------------------------------+-------+--------+------------+----------+-----------------------------+---------------------------+-------------------------+
; N/A   ; Restricted to 500.00 MHz ( period = 2.000 ns ) ; cc[8] ; jinwei ; s[2]       ; s[2]     ; None                        ; None                      ; 0.259 ns                ;
+-------+------------------------------------------------+-------+--------+------------+----------+-----------------------------+---------------------------+-------------------------+


+-------------------------------------------------------------------------------------------------------------------------------------------------------------------------------------+
; Clock Setup: 's[0]'                                                                                                                                                                 ;
+-------+------------------------------------------------+-------+--------+------------+----------+-----------------------------+---------------------------+-------------------------+
; Slack ; Actual fmax (period)                           ; From  ; To     ; From Clock ; To Clock ; Required Setup Relationship ; Required Longest P2P Time ; Actual Longest P2P Time ;
+-------+------------------------------------------------+-------+--------+------------+----------+-----------------------------+---------------------------+-------------------------+
; N/A   ; Restricted to 500.00 MHz ( period = 2.000 ns ) ; cc[8] ; jinwei ; s[0]       ; s[0]     ; None                        ; None                      ; 0.259 ns                ;
+-------+------------------------------------------------+-------+--------+------------+----------+-----------------------------+---------------------------+-------------------------+


+-------------------------------------------------------------------------------------------------------------------------------------------------------------------------------------+
; Clock Setup: 's[1]'                                                                                                                                                                 ;
+-------+------------------------------------------------+-------+--------+------------+----------+-----------------------------+---------------------------+-------------------------+
; Slack ; Actual fmax (period)                           ; From  ; To     ; From Clock ; To Clock ; Required Setup Relationship ; Required Longest P2P Time ; Actual Longest P2P Time ;
+-------+------------------------------------------------+-------+--------+------------+----------+-----------------------------+---------------------------+-------------------------+
; N/A   ; Restricted to 500.00 MHz ( period = 2.000 ns ) ; cc[8] ; jinwei ; s[1]       ; s[1]     ; None                        ; None                      ; 0.259 ns                ;
+-------+------------------------------------------------+-------+--------+------------+----------+-----------------------------+---------------------------+-------------------------+


+-------------------------------------------------------------------------------------------------------------------------------------------------------------------------------------+
; Clock Setup: 'm'                                                                                                                                                                    ;
+-------+------------------------------------------------+-------+--------+------------+----------+-----------------------------+---------------------------+-------------------------+
; Slack ; Actual fmax (period)                           ; From  ; To     ; From Clock ; To Clock ; Required Setup Relationship ; Required Longest P2P Time ; Actual Longest P2P Time ;
+-------+------------------------------------------------+-------+--------+------------+----------+-----------------------------+---------------------------+-------------------------+
; N/A   ; Restricted to 500.00 MHz ( period = 2.000 ns ) ; cc[8] ; jinwei ; m          ; m        ; None                        ; None                      ; 0.259 ns                ;
+-------+------------------------------------------------+-------+--------+------------+----------+-----------------------------+---------------------------+-------------------------+


+--------------------------------------------------------------------------------------------------------------------------------------+
; tsu                                                                                                                                  ;
+-----------------------------------------+-----------------------------------------------------+------------+------+-------+----------+
; Slack                                   ; Required tsu                                        ; Actual tsu ; From ; To    ; To Clock ;
+-----------------------------------------+-----------------------------------------------------+------------+------+-------+----------+
; N/A                                     ; None                                                ; 4.703 ns   ; b[0] ; cc[2] ; s[1]     ;
; N/A                                     ; None                                                ; 4.693 ns   ; b[0] ; cc[2] ; s[3]     ;
; N/A                                     ; None                                                ; 4.690 ns   ; b[0] ; cc[2] ; s[2]     ;
; N/A                                     ; None                                                ; 4.604 ns   ; b[0] ; cc[2] ; s[0]     ;
; N/A                                     ; None                                                ; 4.565 ns   ; b[0] ; cc[2] ; m        ;
; N/A                                     ; None                                                ; 4.562 ns   ; a[1] ; cc[2] ; s[1]     ;
; N/A                                     ; None                                                ; 4.552 ns   ; a[1] ; cc[2] ; s[3]     ;
; N/A                                     ; None                                                ; 4.549 ns   ; a[1] ; cc[2] ; s[2]     ;
; N/A                                     ; None                                                ; 4.463 ns   ; a[1] ; cc[2] ; s[0]     ;
; N/A                                     ; None                                                ; 4.424 ns   ; a[1] ; cc[2] ; m        ;
; N/A                                     ; None                                                ; 4.390 ns   ; b[2] ; cc[2] ; s[1]     ;
; N/A                                     ; None                                                ; 4.380 ns   ; b[2] ; cc[2] ; s[3]     ;
; N/A                                     ; None                                                ; 4.377 ns   ; b[2] ; cc[2] ; s[2]     ;
; N/A                                     ; None                                                ; 4.340 ns   ; b[1] ; cc[2] ; s[1]     ;
; N/A                                     ; None                                                ; 4.330 ns   ; b[1] ; cc[2] ; s[3]     ;
; N/A                                     ; None                                                ; 4.327 ns   ; b[1] ; cc[2] ; s[2]     ;
; N/A                                     ; None                                                ; 4.291 ns   ; b[2] ; cc[2] ; s[0]     ;
; N/A                                     ; None                                                ; 4.252 ns   ; b[2] ; cc[2] ; m        ;
; N/A                                     ; None                                                ; 4.241 ns   ; b[1] ; cc[2] ; s[0]     ;
; N/A                                     ; None                                                ; 4.236 ns   ; s[2] ; cc[2] ; s[1]     ;
; N/A                                     ; None                                                ; 4.233 ns   ; a[0] ; cc[2] ; s[1]     ;
; N/A                                     ; None                                                ; 4.226 ns   ; s[2] ; cc[2] ; s[3]     ;
; N/A                                     ; None                                                ; 4.223 ns   ; s[2] ; cc[2] ; s[2]     ;
; N/A                                     ; None                                                ; 4.223 ns   ; a[0] ; cc[2] ; s[3]     ;
; N/A                                     ; None                                                ; 4.220 ns   ; a[0] ; cc[2] ; s[2]     ;
; N/A                                     ; None                                                ; 4.202 ns   ; b[1] ; cc[2] ; m        ;
; N/A                                     ; None                                                ; 4.168 ns   ; a[2] ; cc[2] ; s[1]     ;
; N/A                                     ; None                                                ; 4.161 ns   ; s[3] ; cc[2] ; s[1]     ;
; N/A                                     ; None                                                ; 4.158 ns   ; a[2] ; cc[2] ; s[3]     ;
; N/A                                     ; None                                                ; 4.155 ns   ; a[2] ; cc[2] ; s[2]     ;
; N/A                                     ; None                                                ; 4.151 ns   ; s[3] ; cc[2] ; s[3]     ;
; N/A                                     ; None                                                ; 4.148 ns   ; s[3] ; cc[2] ; s[2]     ;
; N/A                                     ; None                                                ; 4.137 ns   ; s[2] ; cc[2] ; s[0]     ;
; N/A                                     ; None                                                ; 4.134 ns   ; a[0] ; cc[2] ; s[0]     ;
; N/A                                     ; None                                                ; 4.098 ns   ; s[2] ; cc[2] ; m        ;
; N/A                                     ; None                                                ; 4.095 ns   ; a[0] ; cc[2] ; m        ;
; N/A                                     ; None                                                ; 4.091 ns   ; s[0] ; cc[2] ; s[1]     ;
; N/A                                     ; None                                                ; 4.081 ns   ; s[0] ; cc[2] ; s[3]     ;
; N/A                                     ; None                                                ; 4.078 ns   ; s[0] ; cc[2] ; s[2]     ;
; N/A                                     ; None                                                ; 4.069 ns   ; a[2] ; cc[2] ; s[0]     ;
; N/A                                     ; None                                                ; 4.062 ns   ; s[3] ; cc[2] ; s[0]     ;
; N/A                                     ; None                                                ; 4.030 ns   ; a[2] ; cc[2] ; m        ;
; N/A                                     ; None                                                ; 4.023 ns   ; s[1] ; cc[2] ; s[1]     ;
; N/A                                     ; None                                                ; 4.023 ns   ; s[3] ; cc[2] ; m        ;
; N/A                                     ; None                                                ; 4.013 ns   ; s[1] ; cc[2] ; s[3]     ;
; N/A                                     ; None                                                ; 4.010 ns   ; s[1] ; cc[2] ; s[2]     ;
; N/A                                     ; None                                                ; 3.992 ns   ; s[0] ; cc[2] ; s[0]     ;
; N/A                                     ; None                                                ; 3.953 ns   ; s[0] ; cc[2] ; m        ;
; N/A                                     ; None                                                ; 3.924 ns   ; s[1] ; cc[2] ; s[0]     ;
; N/A                                     ; None                                                ; 3.885 ns   ; s[1] ; cc[2] ; m        ;
; N/A                                     ; None                                                ; 3.809 ns   ; b[7] ; cc[8] ; s[1]     ;
; N/A                                     ; None                                                ; 3.799 ns   ; b[7] ; cc[8] ; s[3]     ;
; N/A                                     ; None                                                ; 3.796 ns   ; b[7] ; cc[8] ; s[2]     ;
; N/A                                     ; None                                                ; 3.773 ns   ; b[7] ; cc[7] ; s[1]     ;
; N/A                                     ; None                                                ; 3.763 ns   ; b[7] ; cc[7] ; s[3]     ;
; N/A                                     ; None                                                ; 3.760 ns   ; b[7] ; cc[7] ; s[2]     ;
; N/A                                     ; None                                                ; 3.735 ns   ; b[0] ; cc[0] ; s[1]     ;
; N/A                                     ; None                                                ; 3.725 ns   ; b[0] ; cc[0] ; s[3]     ;
; N/A                                     ; None                                                ; 3.722 ns   ; b[0] ; cc[0] ; s[2]     ;
; N/A                                     ; None                                                ; 3.710 ns   ; b[7] ; cc[8] ; s[0]     ;
; N/A                                     ; None                                                ; 3.674 ns   ; b[7] ; cc[7] ; s[0]     ;
; N/A                                     ; None                                                ; 3.671 ns   ; b[7] ; cc[8] ; m        ;
; N/A                                     ; None                                                ; 3.646 ns   ; b[0] ; cc[8] ; s[1]     ;
; N/A                                     ; None                                                ; 3.642 ns   ; b[0] ; cc[1] ; s[1]     ;
; N/A                                     ; None                                                ; 3.636 ns   ; b[0] ; cc[0] ; s[0]     ;
; N/A                                     ; None                                                ; 3.636 ns   ; b[0] ; cc[8] ; s[3]     ;
; N/A                                     ; None                                                ; 3.635 ns   ; b[7] ; cc[7] ; m        ;
; N/A                                     ; None                                                ; 3.633 ns   ; b[0] ; cc[8] ; s[2]     ;
; N/A                                     ; None                                                ; 3.632 ns   ; b[0] ; cc[1] ; s[3]     ;
; N/A                                     ; None                                                ; 3.629 ns   ; b[0] ; cc[1] ; s[2]     ;
; N/A                                     ; None                                                ; 3.597 ns   ; b[0] ; cc[0] ; m        ;
; N/A                                     ; None                                                ; 3.592 ns   ; b[0] ; cc[7] ; s[1]     ;
; N/A                                     ; None                                                ; 3.582 ns   ; b[0] ; cc[7] ; s[3]     ;
; N/A                                     ; None                                                ; 3.579 ns   ; b[0] ; cc[7] ; s[2]     ;
; N/A                                     ; None                                                ; 3.547 ns   ; b[0] ; cc[8] ; s[0]     ;
; N/A                                     ; None                                                ; 3.543 ns   ; b[0] ; cc[1] ; s[0]     ;
; N/A                                     ; None                                                ; 3.508 ns   ; b[0] ; cc[8] ; m        ;
; N/A                                     ; None                                                ; 3.504 ns   ; b[0] ; cc[1] ; m        ;
; N/A                                     ; None                                                ; 3.498 ns   ; b[0] ; cc[6] ; s[1]     ;
; N/A                                     ; None                                                ; 3.493 ns   ; b[0] ; cc[7] ; s[0]     ;
; N/A                                     ; None                                                ; 3.488 ns   ; b[0] ; cc[6] ; s[3]     ;
; N/A                                     ; None                                                ; 3.485 ns   ; a[1] ; cc[8] ; s[1]     ;
; N/A                                     ; None                                                ; 3.485 ns   ; b[0] ; cc[6] ; s[2]     ;
; N/A                                     ; None                                                ; 3.475 ns   ; a[1] ; cc[8] ; s[3]     ;
; N/A                                     ; None                                                ; 3.472 ns   ; a[1] ; cc[8] ; s[2]     ;
; N/A                                     ; None                                                ; 3.454 ns   ; b[0] ; cc[7] ; m        ;
; N/A                                     ; None                                                ; 3.415 ns   ; a[1] ; cc[1] ; s[1]     ;
; N/A                                     ; None                                                ; 3.411 ns   ; s[3] ; cc[5] ; s[1]     ;
; N/A                                     ; None                                                ; 3.411 ns   ; b[0] ; cc[4] ; s[1]     ;
; N/A                                     ; None                                                ; 3.405 ns   ; a[1] ; cc[1] ; s[3]     ;
; N/A                                     ; None                                                ; 3.402 ns   ; a[1] ; cc[1] ; s[2]     ;
; N/A                                     ; None                                                ; 3.401 ns   ; s[3] ; cc[5] ; s[3]     ;
; N/A                                     ; None                                                ; 3.401 ns   ; b[0] ; cc[4] ; s[3]     ;
; N/A                                     ; None                                                ; 3.400 ns   ; b[0] ; cc[5] ; s[1]     ;
; N/A                                     ; None                                                ; 3.399 ns   ; b[0] ; cc[6] ; s[0]     ;
; N/A                                     ; None                                                ; 3.398 ns   ; s[3] ; cc[5] ; s[2]     ;
; N/A                                     ; None                                                ; 3.398 ns   ; b[0] ; cc[4] ; s[2]     ;
; N/A                                     ; None                                                ; 3.390 ns   ; b[0] ; cc[5] ; s[3]     ;
; N/A                                     ; None                                                ; 3.387 ns   ; b[0] ; cc[5] ; s[2]     ;
; N/A                                     ; None                                                ; 3.386 ns   ; a[1] ; cc[8] ; s[0]     ;
; N/A                                     ; None                                                ; 3.373 ns   ; a[0] ; cc[0] ; s[1]     ;
; N/A                                     ; None                                                ; 3.363 ns   ; a[0] ; cc[0] ; s[3]     ;
; N/A                                     ; None                                                ; 3.360 ns   ; b[0] ; cc[6] ; m        ;
; N/A                                     ; None                                                ; 3.360 ns   ; a[0] ; cc[0] ; s[2]     ;
; N/A                                     ; None                                                ; 3.352 ns   ; a[2] ; cc[8] ; s[1]     ;
; N/A                                     ; None                                                ; 3.347 ns   ; b[2] ; cc[8] ; s[1]     ;
; N/A                                     ; None                                                ; 3.347 ns   ; a[1] ; cc[8] ; m        ;
; N/A                                     ; None                                                ; 3.342 ns   ; a[2] ; cc[8] ; s[3]     ;
; N/A                                     ; None                                                ; 3.339 ns   ; a[2] ; cc[8] ; s[2]     ;
; N/A                                     ; None                                                ; 3.337 ns   ; b[2] ; cc[8] ; s[3]     ;
; N/A                                     ; None                                                ; 3.334 ns   ; b[2] ; cc[8] ; s[2]     ;
; N/A                                     ; None                                                ; 3.332 ns   ; b[1] ; cc[8] ; s[1]     ;
; N/A                                     ; None                                                ; 3.322 ns   ; b[1] ; cc[8] ; s[3]     ;
; N/A                                     ; None                                                ; 3.319 ns   ; b[1] ; cc[8] ; s[2]     ;
; N/A                                     ; None                                                ; 3.316 ns   ; a[1] ; cc[1] ; s[0]     ;
; N/A                                     ; None                                                ; 3.312 ns   ; s[3] ; cc[5] ; s[0]     ;
; N/A                                     ; None                                                ; 3.312 ns   ; b[0] ; cc[4] ; s[0]     ;
; N/A                                     ; None                                                ; 3.309 ns   ; a[2] ; cc[7] ; s[1]     ;
; N/A                                     ; None                                                ; 3.301 ns   ; b[0] ; cc[5] ; s[0]     ;
; N/A                                     ; None                                                ; 3.299 ns   ; a[2] ; cc[7] ; s[3]     ;
; N/A                                     ; None                                                ; 3.296 ns   ; a[2] ; cc[7] ; s[2]     ;
; N/A                                     ; None                                                ; 3.289 ns   ; b[1] ; cc[7] ; s[1]     ;
; N/A                                     ; None                                                ; 3.285 ns   ; s[3] ; cc[7] ; s[1]     ;
; N/A                                     ; None                                                ; 3.284 ns   ; b[0] ; cc[3] ; s[1]     ;
; N/A                                     ; None                                                ; 3.280 ns   ; a[0] ; cc[8] ; s[1]     ;
; N/A                                     ; None                                                ; 3.279 ns   ; b[1] ; cc[7] ; s[3]     ;
; N/A                                     ; None                                                ; 3.277 ns   ; a[1] ; cc[1] ; m        ;
; N/A                                     ; None                                                ; 3.276 ns   ; b[1] ; cc[7] ; s[2]     ;
; N/A                                     ; None                                                ; 3.275 ns   ; s[3] ; cc[7] ; s[3]     ;
; N/A                                     ; None                                                ; 3.274 ns   ; b[0] ; cc[3] ; s[3]     ;
; N/A                                     ; None                                                ; 3.274 ns   ; a[0] ; cc[0] ; s[0]     ;
; N/A                                     ; None                                                ; 3.273 ns   ; s[3] ; cc[5] ; m        ;
; N/A                                     ; None                                                ; 3.273 ns   ; b[0] ; cc[4] ; m        ;
; N/A                                     ; None                                                ; 3.272 ns   ; s[3] ; cc[7] ; s[2]     ;
; N/A                                     ; None                                                ; 3.271 ns   ; b[0] ; cc[3] ; s[2]     ;
; N/A                                     ; None                                                ; 3.270 ns   ; a[0] ; cc[8] ; s[3]     ;
; N/A                                     ; None                                                ; 3.267 ns   ; a[0] ; cc[8] ; s[2]     ;
; N/A                                     ; None                                                ; 3.262 ns   ; b[0] ; cc[5] ; m        ;
; N/A                                     ; None                                                ; 3.253 ns   ; a[2] ; cc[8] ; s[0]     ;
; N/A                                     ; None                                                ; 3.248 ns   ; b[2] ; cc[8] ; s[0]     ;
; N/A                                     ; None                                                ; 3.246 ns   ; s[2] ; cc[0] ; s[1]     ;
; N/A                                     ; None                                                ; 3.242 ns   ; b[5] ; cc[8] ; s[1]     ;
; N/A                                     ; None                                                ; 3.237 ns   ; a[0] ; cc[7] ; s[1]     ;
; N/A                                     ; None                                                ; 3.236 ns   ; s[2] ; cc[0] ; s[3]     ;
; N/A                                     ; None                                                ; 3.235 ns   ; a[0] ; cc[0] ; m        ;
; N/A                                     ; None                                                ; 3.233 ns   ; s[2] ; cc[0] ; s[2]     ;
; N/A                                     ; None                                                ; 3.233 ns   ; b[1] ; cc[8] ; s[0]     ;
; N/A                                     ; None                                                ; 3.232 ns   ; b[5] ; cc[8] ; s[3]     ;
; N/A                                     ; None                                                ; 3.229 ns   ; b[5] ; cc[8] ; s[2]     ;
; N/A                                     ; None                                                ; 3.227 ns   ; a[0] ; cc[7] ; s[3]     ;
; N/A                                     ; None                                                ; 3.224 ns   ; a[0] ; cc[7] ; s[2]     ;
; N/A                                     ; None                                                ; 3.215 ns   ; a[2] ; cc[6] ; s[1]     ;
; N/A                                     ; None                                                ; 3.214 ns   ; a[2] ; cc[8] ; m        ;
; N/A                                     ; None                                                ; 3.210 ns   ; a[2] ; cc[7] ; s[0]     ;
; N/A                                     ; None                                                ; 3.209 ns   ; b[2] ; cc[8] ; m        ;
; N/A                                     ; None                                                ; 3.206 ns   ; a[1] ; cc[7] ; s[1]     ;
; N/A                                     ; None                                                ; 3.205 ns   ; a[2] ; cc[6] ; s[3]     ;
; N/A                                     ; None                                                ; 3.202 ns   ; a[2] ; cc[6] ; s[2]     ;
; N/A                                     ; None                                                ; 3.196 ns   ; a[1] ; cc[7] ; s[3]     ;
; N/A                                     ; None                                                ; 3.195 ns   ; b[1] ; cc[6] ; s[1]     ;
; N/A                                     ; None                                                ; 3.194 ns   ; b[1] ; cc[8] ; m        ;
; N/A                                     ; None                                                ; 3.193 ns   ; a[1] ; cc[7] ; s[2]     ;
; N/A                                     ; None                                                ; 3.190 ns   ; b[1] ; cc[7] ; s[0]     ;
; N/A                                     ; None                                                ; 3.186 ns   ; s[3] ; cc[7] ; s[0]     ;
; N/A                                     ; None                                                ; 3.185 ns   ; b[1] ; cc[6] ; s[3]     ;
; N/A                                     ; None                                                ; 3.185 ns   ; b[0] ; cc[3] ; s[0]     ;
; N/A                                     ; None                                                ; 3.182 ns   ; b[1] ; cc[6] ; s[2]     ;
; N/A                                     ; None                                                ; 3.181 ns   ; a[0] ; cc[8] ; s[0]     ;
; N/A                                     ; None                                                ; 3.180 ns   ; b[1] ; cc[1] ; s[1]     ;
; N/A                                     ; None                                                ; 3.172 ns   ; a[0] ; cc[1] ; s[1]     ;
; N/A                                     ; None                                                ; 3.171 ns   ; s[3] ; cc[0] ; s[1]     ;
; N/A                                     ; None                                                ; 3.171 ns   ; a[2] ; cc[7] ; m        ;
; N/A                                     ; None                                                ; 3.170 ns   ; b[1] ; cc[1] ; s[3]     ;
; N/A                                     ; None                                                ; 3.167 ns   ; b[1] ; cc[1] ; s[2]     ;
; N/A                                     ; None                                                ; 3.162 ns   ; a[0] ; cc[1] ; s[3]     ;
; N/A                                     ; None                                                ; 3.161 ns   ; s[3] ; cc[0] ; s[3]     ;
; N/A                                     ; None                                                ; 3.159 ns   ; a[0] ; cc[1] ; s[2]     ;
; N/A                                     ; None                                                ; 3.158 ns   ; s[3] ; cc[0] ; s[2]     ;
; N/A                                     ; None                                                ; 3.151 ns   ; b[1] ; cc[7] ; m        ;
; N/A                                     ; None                                                ; 3.147 ns   ; s[2] ; cc[0] ; s[0]     ;
; N/A                                     ; None                                                ; 3.147 ns   ; s[3] ; cc[7] ; m        ;
; N/A                                     ; None                                                ; 3.146 ns   ; b[0] ; cc[3] ; m        ;
; N/A                                     ; None                                                ; 3.143 ns   ; b[5] ; cc[8] ; s[0]     ;
; N/A                                     ; None                                                ; 3.143 ns   ; a[0] ; cc[6] ; s[1]     ;
; N/A                                     ; None                                                ; 3.142 ns   ; a[1] ; cc[4] ; s[1]     ;
; N/A                                     ; None                                                ; 3.142 ns   ; a[0] ; cc[8] ; m        ;
; N/A                                     ; None                                                ; 3.138 ns   ; a[0] ; cc[7] ; s[0]     ;
; N/A                                     ; None                                                ; 3.133 ns   ; a[0] ; cc[6] ; s[3]     ;
; N/A                                     ; None                                                ; 3.132 ns   ; a[1] ; cc[4] ; s[3]     ;
; N/A                                     ; None                                                ; 3.130 ns   ; a[0] ; cc[6] ; s[2]     ;
; N/A                                     ; None                                                ; 3.129 ns   ; b[5] ; cc[7] ; s[1]     ;
; N/A                                     ; None                                                ; 3.129 ns   ; a[1] ; cc[4] ; s[2]     ;
; N/A                                     ; None                                                ; 3.128 ns   ; s[3] ; cc[6] ; s[1]     ;
; N/A                                     ; None                                                ; 3.128 ns   ; a[2] ; cc[4] ; s[1]     ;
; N/A                                     ; None                                                ; 3.119 ns   ; b[5] ; cc[7] ; s[3]     ;
; N/A                                     ; None                                                ; 3.118 ns   ; s[3] ; cc[6] ; s[3]     ;
; N/A                                     ; None                                                ; 3.118 ns   ; a[2] ; cc[4] ; s[3]     ;
; N/A                                     ; None                                                ; 3.117 ns   ; a[2] ; cc[5] ; s[1]     ;
; N/A                                     ; None                                                ; 3.116 ns   ; b[5] ; cc[7] ; s[2]     ;
; N/A                                     ; None                                                ; 3.116 ns   ; a[2] ; cc[6] ; s[0]     ;
; Timing analysis restricted to 200 rows. ; To change the limit use Settings (Assignments menu) ;            ;      ;       ;          ;
+-----------------------------------------+-----------------------------------------------------+------------+------+-------+----------+


+----------------------------------------------------------------+
; tco                                                            ;
+-------+--------------+------------+--------+------+------------+
; Slack ; Required tco ; Actual tco ; From   ; To   ; From Clock ;
+-------+--------------+------------+--------+------+------------+
; N/A   ; None         ; 9.460 ns   ; cc[0]  ; T[0] ; m          ;
; N/A   ; None         ; 9.421 ns   ; cc[0]  ; T[0] ; s[0]       ;
; N/A   ; None         ; 9.335 ns   ; cc[0]  ; T[0] ; s[2]       ;
; N/A   ; None         ; 9.332 ns   ; cc[0]  ; T[0] ; s[3]       ;
; N/A   ; None         ; 9.322 ns   ; cc[0]  ; T[0] ; s[1]       ;
; N/A   ; None         ; 8.743 ns   ; cc[4]  ; T[4] ; m          ;
; N/A   ; None         ; 8.704 ns   ; cc[4]  ; T[4] ; s[0]       ;
; N/A   ; None         ; 8.654 ns   ; jinwei ; cf   ; s[3]       ;
; N/A   ; None         ; 8.618 ns   ; cc[4]  ; T[4] ; s[2]       ;
; N/A   ; None         ; 8.615 ns   ; cc[4]  ; T[4] ; s[3]       ;
; N/A   ; None         ; 8.605 ns   ; cc[4]  ; T[4] ; s[1]       ;
; N/A   ; None         ; 8.474 ns   ; jinwei ; cf   ; s[0]       ;
; N/A   ; None         ; 8.390 ns   ; jinwei ; cf   ; m          ;
; N/A   ; None         ; 8.357 ns   ; jinwei ; cf   ; s[1]       ;
; N/A   ; None         ; 8.354 ns   ; jinwei ; cf   ; s[2]       ;
; N/A   ; None         ; 8.251 ns   ; cc[6]  ; T[6] ; m          ;
; N/A   ; None         ; 8.212 ns   ; cc[6]  ; T[6] ; s[0]       ;
; N/A   ; None         ; 8.128 ns   ; cc[3]  ; T[3] ; m          ;
; N/A   ; None         ; 8.126 ns   ; cc[6]  ; T[6] ; s[2]       ;
; N/A   ; None         ; 8.123 ns   ; cc[6]  ; T[6] ; s[3]       ;
; N/A   ; None         ; 8.113 ns   ; cc[6]  ; T[6] ; s[1]       ;
; N/A   ; None         ; 8.089 ns   ; cc[3]  ; T[3] ; s[0]       ;
; N/A   ; None         ; 8.086 ns   ; cc[7]  ; T[7] ; m          ;
; N/A   ; None         ; 8.047 ns   ; cc[7]  ; T[7] ; s[0]       ;
; N/A   ; None         ; 8.003 ns   ; cc[3]  ; T[3] ; s[2]       ;
; N/A   ; None         ; 8.000 ns   ; cc[3]  ; T[3] ; s[3]       ;
; N/A   ; None         ; 7.990 ns   ; cc[3]  ; T[3] ; s[1]       ;
; N/A   ; None         ; 7.961 ns   ; cc[7]  ; T[7] ; s[2]       ;
; N/A   ; None         ; 7.958 ns   ; cc[7]  ; T[7] ; s[3]       ;
; N/A   ; None         ; 7.948 ns   ; cc[7]  ; T[7] ; s[1]       ;
; N/A   ; None         ; 7.933 ns   ; cc[5]  ; T[5] ; m          ;
; N/A   ; None         ; 7.894 ns   ; cc[5]  ; T[5] ; s[0]       ;
; N/A   ; None         ; 7.808 ns   ; cc[5]  ; T[5] ; s[2]       ;
; N/A   ; None         ; 7.805 ns   ; cc[5]  ; T[5] ; s[3]       ;
; N/A   ; None         ; 7.795 ns   ; cc[5]  ; T[5] ; s[1]       ;
; N/A   ; None         ; 7.681 ns   ; cc[2]  ; T[2] ; m          ;
; N/A   ; None         ; 7.642 ns   ; cc[2]  ; T[2] ; s[0]       ;
; N/A   ; None         ; 7.556 ns   ; cc[2]  ; T[2] ; s[2]       ;
; N/A   ; None         ; 7.553 ns   ; cc[2]  ; T[2] ; s[3]       ;
; N/A   ; None         ; 7.543 ns   ; cc[2]  ; T[2] ; s[1]       ;
; N/A   ; None         ; 7.086 ns   ; cc[1]  ; T[1] ; m          ;
; N/A   ; None         ; 7.047 ns   ; cc[1]  ; T[1] ; s[0]       ;
; N/A   ; None         ; 6.961 ns   ; cc[1]  ; T[1] ; s[2]       ;
; N/A   ; None         ; 6.958 ns   ; cc[1]  ; T[1] ; s[3]       ;
; N/A   ; None         ; 6.948 ns   ; cc[1]  ; T[1] ; s[1]       ;
+-------+--------------+------------+--------+------+------------+


+-------------------------------------------------------------------------------------------------------------------------------------+
; th                                                                                                                                  ;
+-----------------------------------------+-----------------------------------------------------+-----------+------+-------+----------+
; Minimum Slack                           ; Required th                                         ; Actual th ; From ; To    ; To Clock ;
+-----------------------------------------+-----------------------------------------------------+-----------+------+-------+----------+
; N/A                                     ; None                                                ; 1.988 ns  ; a[3] ; cc[3] ; m        ;
; N/A                                     ; None                                                ; 1.949 ns  ; a[3] ; cc[3] ; s[0]     ;
; N/A                                     ; None                                                ; 1.863 ns  ; a[3] ; cc[3] ; s[2]     ;
; N/A                                     ; None                                                ; 1.860 ns  ; a[3] ; cc[3] ; s[3]     ;
; N/A                                     ; None                                                ; 1.850 ns  ; a[3] ; cc[3] ; s[1]     ;
; N/A                                     ; None                                                ; 1.023 ns  ; a[3] ; cc[5] ; m        ;
; N/A                                     ; None                                                ; 0.984 ns  ; a[3] ; cc[5] ; s[0]     ;
; N/A                                     ; None                                                ; 0.924 ns  ; a[3] ; cc[6] ; m        ;
; N/A                                     ; None                                                ; 0.913 ns  ; a[3] ; cc[4] ; m        ;
; N/A                                     ; None                                                ; 0.898 ns  ; a[3] ; cc[5] ; s[2]     ;
; N/A                                     ; None                                                ; 0.895 ns  ; a[3] ; cc[5] ; s[3]     ;
; N/A                                     ; None                                                ; 0.885 ns  ; a[3] ; cc[5] ; s[1]     ;
; N/A                                     ; None                                                ; 0.885 ns  ; a[3] ; cc[6] ; s[0]     ;
; N/A                                     ; None                                                ; 0.874 ns  ; a[3] ; cc[4] ; s[0]     ;
; N/A                                     ; None                                                ; 0.799 ns  ; a[3] ; cc[6] ; s[2]     ;
; N/A                                     ; None                                                ; 0.796 ns  ; a[3] ; cc[6] ; s[3]     ;
; N/A                                     ; None                                                ; 0.788 ns  ; a[3] ; cc[4] ; s[2]     ;
; N/A                                     ; None                                                ; 0.786 ns  ; a[3] ; cc[6] ; s[1]     ;
; N/A                                     ; None                                                ; 0.785 ns  ; a[3] ; cc[4] ; s[3]     ;
; N/A                                     ; None                                                ; 0.775 ns  ; a[3] ; cc[4] ; s[1]     ;
; N/A                                     ; None                                                ; 0.729 ns  ; a[3] ; cc[7] ; m        ;
; N/A                                     ; None                                                ; 0.690 ns  ; a[3] ; cc[7] ; s[0]     ;
; N/A                                     ; None                                                ; 0.625 ns  ; a[3] ; cc[8] ; m        ;
; N/A                                     ; None                                                ; 0.604 ns  ; a[3] ; cc[7] ; s[2]     ;
; N/A                                     ; None                                                ; 0.601 ns  ; a[3] ; cc[7] ; s[3]     ;
; N/A                                     ; None                                                ; 0.591 ns  ; a[3] ; cc[7] ; s[1]     ;
; N/A                                     ; None                                                ; 0.586 ns  ; a[3] ; cc[8] ; s[0]     ;
; N/A                                     ; None                                                ; 0.500 ns  ; a[3] ; cc[8] ; s[2]     ;
; N/A                                     ; None                                                ; 0.497 ns  ; a[3] ; cc[8] ; s[3]     ;
; N/A                                     ; None                                                ; 0.487 ns  ; a[3] ; cc[8] ; s[1]     ;
; N/A                                     ; None                                                ; -0.647 ns ; s[1] ; cc[8] ; m        ;
; N/A                                     ; None                                                ; -0.665 ns ; a[4] ; cc[4] ; m        ;
; N/A                                     ; None                                                ; -0.686 ns ; s[1] ; cc[8] ; s[0]     ;
; N/A                                     ; None                                                ; -0.700 ns ; b[6] ; cc[6] ; m        ;
; N/A                                     ; None                                                ; -0.704 ns ; a[4] ; cc[4] ; s[0]     ;
; N/A                                     ; None                                                ; -0.739 ns ; b[6] ; cc[6] ; s[0]     ;
; N/A                                     ; None                                                ; -0.772 ns ; s[1] ; cc[8] ; s[2]     ;
; N/A                                     ; None                                                ; -0.775 ns ; s[1] ; cc[8] ; s[3]     ;
; N/A                                     ; None                                                ; -0.785 ns ; s[1] ; cc[8] ; s[1]     ;
; N/A                                     ; None                                                ; -0.790 ns ; a[4] ; cc[4] ; s[2]     ;
; N/A                                     ; None                                                ; -0.793 ns ; a[4] ; cc[4] ; s[3]     ;
; N/A                                     ; None                                                ; -0.803 ns ; a[4] ; cc[4] ; s[1]     ;
; N/A                                     ; None                                                ; -0.825 ns ; b[6] ; cc[6] ; s[2]     ;
; N/A                                     ; None                                                ; -0.828 ns ; b[6] ; cc[6] ; s[3]     ;
; N/A                                     ; None                                                ; -0.838 ns ; b[6] ; cc[6] ; s[1]     ;
; N/A                                     ; None                                                ; -0.868 ns ; b[4] ; cc[4] ; m        ;
; N/A                                     ; None                                                ; -0.907 ns ; b[4] ; cc[4] ; s[0]     ;
; N/A                                     ; None                                                ; -0.929 ns ; b[3] ; cc[3] ; m        ;
; N/A                                     ; None                                                ; -0.934 ns ; s[2] ; cc[8] ; m        ;
; N/A                                     ; None                                                ; -0.968 ns ; b[3] ; cc[3] ; s[0]     ;
; N/A                                     ; None                                                ; -0.973 ns ; s[2] ; cc[8] ; s[0]     ;
; N/A                                     ; None                                                ; -0.993 ns ; b[4] ; cc[4] ; s[2]     ;
; N/A                                     ; None                                                ; -0.996 ns ; b[4] ; cc[4] ; s[3]     ;
; N/A                                     ; None                                                ; -1.001 ns ; a[7] ; cc[7] ; m        ;
; N/A                                     ; None                                                ; -1.006 ns ; b[4] ; cc[4] ; s[1]     ;
; N/A                                     ; None                                                ; -1.040 ns ; a[7] ; cc[7] ; s[0]     ;
; N/A                                     ; None                                                ; -1.054 ns ; b[3] ; cc[3] ; s[2]     ;
; N/A                                     ; None                                                ; -1.057 ns ; b[3] ; cc[3] ; s[3]     ;
; N/A                                     ; None                                                ; -1.059 ns ; s[2] ; cc[8] ; s[2]     ;
; N/A                                     ; None                                                ; -1.060 ns ; a[5] ; cc[5] ; m        ;
; N/A                                     ; None                                                ; -1.062 ns ; s[2] ; cc[8] ; s[3]     ;
; N/A                                     ; None                                                ; -1.067 ns ; b[3] ; cc[3] ; s[1]     ;
; N/A                                     ; None                                                ; -1.072 ns ; s[2] ; cc[8] ; s[1]     ;
; N/A                                     ; None                                                ; -1.099 ns ; a[5] ; cc[5] ; s[0]     ;
; N/A                                     ; None                                                ; -1.126 ns ; a[7] ; cc[7] ; s[2]     ;
; N/A                                     ; None                                                ; -1.129 ns ; a[7] ; cc[7] ; s[3]     ;
; N/A                                     ; None                                                ; -1.139 ns ; a[7] ; cc[7] ; s[1]     ;
; N/A                                     ; None                                                ; -1.185 ns ; a[5] ; cc[5] ; s[2]     ;
; N/A                                     ; None                                                ; -1.188 ns ; a[5] ; cc[5] ; s[3]     ;
; N/A                                     ; None                                                ; -1.198 ns ; a[5] ; cc[5] ; s[1]     ;
; N/A                                     ; None                                                ; -1.201 ns ; s[0] ; cc[8] ; m        ;
; N/A                                     ; None                                                ; -1.240 ns ; s[0] ; cc[8] ; s[0]     ;
; N/A                                     ; None                                                ; -1.248 ns ; a[1] ; cc[1] ; m        ;
; N/A                                     ; None                                                ; -1.287 ns ; a[1] ; cc[1] ; s[0]     ;
; N/A                                     ; None                                                ; -1.310 ns ; a[6] ; cc[6] ; m        ;
; N/A                                     ; None                                                ; -1.326 ns ; s[0] ; cc[8] ; s[2]     ;
; N/A                                     ; None                                                ; -1.329 ns ; s[0] ; cc[8] ; s[3]     ;
; N/A                                     ; None                                                ; -1.339 ns ; s[0] ; cc[8] ; s[1]     ;
; N/A                                     ; None                                                ; -1.349 ns ; a[6] ; cc[6] ; s[0]     ;
; N/A                                     ; None                                                ; -1.354 ns ; b[1] ; cc[1] ; m        ;
; N/A                                     ; None                                                ; -1.373 ns ; a[1] ; cc[1] ; s[2]     ;
; N/A                                     ; None                                                ; -1.376 ns ; a[1] ; cc[1] ; s[3]     ;
; N/A                                     ; None                                                ; -1.386 ns ; a[1] ; cc[1] ; s[1]     ;
; N/A                                     ; None                                                ; -1.393 ns ; b[1] ; cc[1] ; s[0]     ;
; N/A                                     ; None                                                ; -1.435 ns ; a[6] ; cc[6] ; s[2]     ;
; N/A                                     ; None                                                ; -1.438 ns ; a[6] ; cc[6] ; s[3]     ;
; N/A                                     ; None                                                ; -1.448 ns ; a[6] ; cc[6] ; s[1]     ;
; N/A                                     ; None                                                ; -1.468 ns ; s[1] ; cc[0] ; m        ;
; N/A                                     ; None                                                ; -1.479 ns ; b[1] ; cc[1] ; s[2]     ;
; N/A                                     ; None                                                ; -1.482 ns ; b[1] ; cc[1] ; s[3]     ;
; N/A                                     ; None                                                ; -1.486 ns ; s[2] ; cc[0] ; m        ;
; N/A                                     ; None                                                ; -1.492 ns ; b[1] ; cc[1] ; s[1]     ;
; N/A                                     ; None                                                ; -1.507 ns ; s[1] ; cc[0] ; s[0]     ;
; N/A                                     ; None                                                ; -1.508 ns ; s[3] ; cc[8] ; m        ;
; N/A                                     ; None                                                ; -1.525 ns ; s[2] ; cc[0] ; s[0]     ;
; N/A                                     ; None                                                ; -1.533 ns ; s[0] ; cc[0] ; m        ;
; N/A                                     ; None                                                ; -1.547 ns ; s[3] ; cc[8] ; s[0]     ;
; N/A                                     ; None                                                ; -1.564 ns ; s[1] ; cc[1] ; m        ;
; N/A                                     ; None                                                ; -1.572 ns ; s[0] ; cc[0] ; s[0]     ;
; N/A                                     ; None                                                ; -1.582 ns ; s[2] ; cc[1] ; m        ;
; N/A                                     ; None                                                ; -1.593 ns ; s[1] ; cc[0] ; s[2]     ;
; N/A                                     ; None                                                ; -1.596 ns ; s[1] ; cc[0] ; s[3]     ;
; N/A                                     ; None                                                ; -1.603 ns ; s[1] ; cc[1] ; s[0]     ;
; N/A                                     ; None                                                ; -1.606 ns ; s[1] ; cc[0] ; s[1]     ;
; N/A                                     ; None                                                ; -1.611 ns ; s[2] ; cc[0] ; s[2]     ;
; N/A                                     ; None                                                ; -1.614 ns ; s[2] ; cc[0] ; s[3]     ;
; N/A                                     ; None                                                ; -1.621 ns ; s[2] ; cc[1] ; s[0]     ;
; N/A                                     ; None                                                ; -1.624 ns ; s[2] ; cc[0] ; s[1]     ;
; N/A                                     ; None                                                ; -1.629 ns ; s[0] ; cc[1] ; m        ;
; N/A                                     ; None                                                ; -1.633 ns ; s[3] ; cc[8] ; s[2]     ;
; N/A                                     ; None                                                ; -1.633 ns ; b[4] ; cc[5] ; m        ;
; N/A                                     ; None                                                ; -1.636 ns ; s[3] ; cc[8] ; s[3]     ;
; N/A                                     ; None                                                ; -1.646 ns ; s[3] ; cc[8] ; s[1]     ;
; N/A                                     ; None                                                ; -1.648 ns ; b[5] ; cc[5] ; m        ;
; N/A                                     ; None                                                ; -1.658 ns ; s[0] ; cc[0] ; s[2]     ;
; N/A                                     ; None                                                ; -1.661 ns ; s[0] ; cc[0] ; s[3]     ;
; N/A                                     ; None                                                ; -1.668 ns ; s[0] ; cc[1] ; s[0]     ;
; N/A                                     ; None                                                ; -1.669 ns ; b[3] ; cc[5] ; m        ;
; N/A                                     ; None                                                ; -1.671 ns ; s[0] ; cc[0] ; s[1]     ;
; N/A                                     ; None                                                ; -1.672 ns ; b[4] ; cc[5] ; s[0]     ;
; N/A                                     ; None                                                ; -1.687 ns ; b[5] ; cc[5] ; s[0]     ;
; N/A                                     ; None                                                ; -1.689 ns ; s[1] ; cc[1] ; s[2]     ;
; N/A                                     ; None                                                ; -1.692 ns ; s[1] ; cc[1] ; s[3]     ;
; N/A                                     ; None                                                ; -1.702 ns ; s[1] ; cc[1] ; s[1]     ;
; N/A                                     ; None                                                ; -1.704 ns ; s[1] ; cc[4] ; m        ;
; N/A                                     ; None                                                ; -1.706 ns ; b[4] ; cc[6] ; m        ;
; N/A                                     ; None                                                ; -1.707 ns ; s[2] ; cc[1] ; s[2]     ;
; N/A                                     ; None                                                ; -1.708 ns ; b[3] ; cc[5] ; s[0]     ;
; N/A                                     ; None                                                ; -1.710 ns ; s[2] ; cc[1] ; s[3]     ;
; N/A                                     ; None                                                ; -1.720 ns ; s[2] ; cc[1] ; s[1]     ;
; N/A                                     ; None                                                ; -1.722 ns ; s[2] ; cc[4] ; m        ;
; N/A                                     ; None                                                ; -1.722 ns ; b[7] ; cc[7] ; m        ;
; N/A                                     ; None                                                ; -1.727 ns ; a[5] ; cc[6] ; m        ;
; N/A                                     ; None                                                ; -1.738 ns ; a[0] ; cc[0] ; m        ;
; N/A                                     ; None                                                ; -1.743 ns ; s[1] ; cc[4] ; s[0]     ;
; N/A                                     ; None                                                ; -1.745 ns ; b[4] ; cc[6] ; s[0]     ;
; N/A                                     ; None                                                ; -1.754 ns ; s[0] ; cc[1] ; s[2]     ;
; N/A                                     ; None                                                ; -1.756 ns ; a[4] ; cc[5] ; m        ;
; N/A                                     ; None                                                ; -1.757 ns ; s[0] ; cc[1] ; s[3]     ;
; N/A                                     ; None                                                ; -1.758 ns ; b[4] ; cc[5] ; s[2]     ;
; N/A                                     ; None                                                ; -1.761 ns ; s[2] ; cc[4] ; s[0]     ;
; N/A                                     ; None                                                ; -1.761 ns ; b[7] ; cc[7] ; s[0]     ;
; N/A                                     ; None                                                ; -1.761 ns ; b[4] ; cc[5] ; s[3]     ;
; N/A                                     ; None                                                ; -1.766 ns ; a[5] ; cc[6] ; s[0]     ;
; N/A                                     ; None                                                ; -1.767 ns ; s[0] ; cc[1] ; s[1]     ;
; N/A                                     ; None                                                ; -1.768 ns ; b[3] ; cc[6] ; m        ;
; N/A                                     ; None                                                ; -1.769 ns ; s[0] ; cc[4] ; m        ;
; N/A                                     ; None                                                ; -1.771 ns ; b[4] ; cc[5] ; s[1]     ;
; N/A                                     ; None                                                ; -1.773 ns ; b[5] ; cc[5] ; s[2]     ;
; N/A                                     ; None                                                ; -1.776 ns ; b[5] ; cc[5] ; s[3]     ;
; N/A                                     ; None                                                ; -1.777 ns ; a[0] ; cc[0] ; s[0]     ;
; N/A                                     ; None                                                ; -1.786 ns ; b[5] ; cc[5] ; s[1]     ;
; N/A                                     ; None                                                ; -1.794 ns ; b[3] ; cc[5] ; s[2]     ;
; N/A                                     ; None                                                ; -1.795 ns ; a[4] ; cc[5] ; s[0]     ;
; N/A                                     ; None                                                ; -1.797 ns ; b[3] ; cc[5] ; s[3]     ;
; N/A                                     ; None                                                ; -1.807 ns ; b[3] ; cc[5] ; s[1]     ;
; N/A                                     ; None                                                ; -1.807 ns ; b[3] ; cc[6] ; s[0]     ;
; N/A                                     ; None                                                ; -1.808 ns ; s[0] ; cc[4] ; s[0]     ;
; N/A                                     ; None                                                ; -1.827 ns ; a[4] ; cc[6] ; m        ;
; N/A                                     ; None                                                ; -1.829 ns ; s[1] ; cc[4] ; s[2]     ;
; N/A                                     ; None                                                ; -1.831 ns ; b[4] ; cc[6] ; s[2]     ;
; N/A                                     ; None                                                ; -1.832 ns ; s[1] ; cc[4] ; s[3]     ;
; N/A                                     ; None                                                ; -1.834 ns ; b[4] ; cc[6] ; s[3]     ;
; N/A                                     ; None                                                ; -1.842 ns ; s[1] ; cc[4] ; s[1]     ;
; N/A                                     ; None                                                ; -1.843 ns ; b[3] ; cc[4] ; m        ;
; N/A                                     ; None                                                ; -1.844 ns ; b[4] ; cc[6] ; s[1]     ;
; N/A                                     ; None                                                ; -1.847 ns ; s[2] ; cc[4] ; s[2]     ;
; N/A                                     ; None                                                ; -1.847 ns ; b[7] ; cc[7] ; s[2]     ;
; N/A                                     ; None                                                ; -1.850 ns ; s[2] ; cc[4] ; s[3]     ;
; N/A                                     ; None                                                ; -1.850 ns ; b[7] ; cc[7] ; s[3]     ;
; N/A                                     ; None                                                ; -1.852 ns ; a[5] ; cc[6] ; s[2]     ;
; N/A                                     ; None                                                ; -1.855 ns ; a[5] ; cc[6] ; s[3]     ;
; N/A                                     ; None                                                ; -1.860 ns ; s[1] ; cc[3] ; m        ;
; N/A                                     ; None                                                ; -1.860 ns ; s[2] ; cc[4] ; s[1]     ;
; N/A                                     ; None                                                ; -1.860 ns ; b[7] ; cc[7] ; s[1]     ;
; N/A                                     ; None                                                ; -1.863 ns ; a[0] ; cc[0] ; s[2]     ;
; N/A                                     ; None                                                ; -1.865 ns ; a[5] ; cc[6] ; s[1]     ;
; N/A                                     ; None                                                ; -1.866 ns ; a[4] ; cc[6] ; s[0]     ;
; N/A                                     ; None                                                ; -1.866 ns ; a[0] ; cc[0] ; s[3]     ;
; N/A                                     ; None                                                ; -1.876 ns ; a[0] ; cc[0] ; s[1]     ;
; N/A                                     ; None                                                ; -1.881 ns ; a[4] ; cc[5] ; s[2]     ;
; N/A                                     ; None                                                ; -1.882 ns ; b[3] ; cc[4] ; s[0]     ;
; N/A                                     ; None                                                ; -1.884 ns ; a[4] ; cc[5] ; s[3]     ;
; N/A                                     ; None                                                ; -1.886 ns ; a[5] ; cc[7] ; m        ;
; N/A                                     ; None                                                ; -1.892 ns ; a[2] ; cc[3] ; m        ;
; N/A                                     ; None                                                ; -1.893 ns ; b[3] ; cc[6] ; s[2]     ;
; N/A                                     ; None                                                ; -1.894 ns ; s[0] ; cc[4] ; s[2]     ;
; N/A                                     ; None                                                ; -1.894 ns ; a[4] ; cc[5] ; s[1]     ;
; N/A                                     ; None                                                ; -1.896 ns ; b[3] ; cc[6] ; s[3]     ;
; N/A                                     ; None                                                ; -1.897 ns ; s[0] ; cc[4] ; s[3]     ;
; N/A                                     ; None                                                ; -1.899 ns ; s[1] ; cc[3] ; s[0]     ;
; N/A                                     ; None                                                ; -1.901 ns ; b[4] ; cc[7] ; m        ;
; N/A                                     ; None                                                ; -1.906 ns ; b[3] ; cc[6] ; s[1]     ;
; N/A                                     ; None                                                ; -1.907 ns ; s[0] ; cc[4] ; s[1]     ;
; N/A                                     ; None                                                ; -1.907 ns ; a[2] ; cc[5] ; m        ;
; N/A                                     ; None                                                ; -1.922 ns ; a[0] ; cc[3] ; m        ;
; N/A                                     ; None                                                ; -1.925 ns ; a[5] ; cc[7] ; s[0]     ;
; N/A                                     ; None                                                ; -1.928 ns ; s[0] ; cc[3] ; m        ;
; N/A                                     ; None                                                ; -1.931 ns ; a[2] ; cc[3] ; s[0]     ;
; N/A                                     ; None                                                ; -1.937 ns ; b[4] ; cc[8] ; m        ;
; Timing analysis restricted to 200 rows. ; To change the limit use Settings (Assignments menu) ;           ;      ;       ;          ;
+-----------------------------------------+-----------------------------------------------------+-----------+------+-------+----------+


+--------------------------+
; Timing Analyzer Messages ;
+--------------------------+
Info: *******************************************************************
Info: Running Quartus II Classic Timing Analyzer
    Info: Version 9.0 Build 235 06/17/2009 Service Pack 2 SJ Web Edition
    Info: Processing started: Mon Dec 02 20:52:21 2019
Info: Command: quartus_tan --read_settings_files=off --write_settings_files=off alu_ex3 -c alu_ex3 --timing_analysis_only
Info: Parallel compilation is enabled and will use 4 of the 6 processors detected
Warning: Timing Analysis is analyzing one or more combinational loops as latches
    Warning: Node "cc[0]" is a latch
    Warning: Node "cc[1]" is a latch
    Warning: Node "cc[2]" is a latch
    Warning: Node "cc[3]" is a latch
    Warning: Node "cc[4]" is a latch
    Warning: Node "cc[5]" is a latch
    Warning: Node "cc[6]" is a latch
    Warning: Node "cc[7]" is a latch
    Warning: Node "jinwei" is a latch
    Warning: Node "cc[8]" is a latch
Warning: Found pins functioning as undefined clocks and/or memory enables
    Info: Assuming node "s[3]" is a latch enable and/or memory write/read enable. Will not compute fmax for this pin.
    Info: Assuming node "s[2]" is a latch enable and/or memory write/read enable. Will not compute fmax for this pin.
    Info: Assuming node "s[0]" is a latch enable and/or memory write/read enable. Will not compute fmax for this pin.
    Info: Assuming node "s[1]" is a latch enable and/or memory write/read enable. Will not compute fmax for this pin.
    Info: Assuming node "m" is a latch enable and/or memory write/read enable. Will not compute fmax for this pin.
Warning: Found 2 node(s) in clock paths which may be acting as ripple and/or gated clocks -- node(s) analyzed as buffer(s) resulting in clock skew
    Info: Detected gated clock "jinwei~2" as buffer
    Info: Detected gated clock "cc[7]~41" as buffer
Info: Clock "s[3]" Internal fmax is restricted to 500.0 MHz between source register "cc[8]" and destination register "jinwei"
    Info: fmax restricted to clock pin edge rate 2.0 ns. Expand message to see actual delay path.
        Info: + Longest register to register delay is 0.259 ns
            Info: 1: + IC(0.000 ns) + CELL(0.000 ns) = 0.000 ns; Loc. = LCCOMB_X14_Y1_N14; Fanout = 1; REG Node = 'cc[8]'
            Info: 2: + IC(0.206 ns) + CELL(0.053 ns) = 0.259 ns; Loc. = LCCOMB_X14_Y1_N24; Fanout = 1; REG Node = 'jinwei'
            Info: Total cell delay = 0.053 ns ( 20.46 % )
            Info: Total interconnect delay = 0.206 ns ( 79.54 % )
        Info: - Smallest clock skew is 0.204 ns
            Info: + Shortest clock path from clock "s[3]" to destination register is 4.497 ns
                Info: 1: + IC(0.000 ns) + CELL(0.830 ns) = 0.830 ns; Loc. = PIN_Y2; Fanout = 5; CLK Node = 's[3]'
                Info: 2: + IC(2.003 ns) + CELL(0.346 ns) = 3.179 ns; Loc. = LCCOMB_X14_Y1_N30; Fanout = 1; COMB Node = 'jinwei~2'
                Info: 3: + IC(1.090 ns) + CELL(0.228 ns) = 4.497 ns; Loc. = LCCOMB_X14_Y1_N24; Fanout = 1; REG Node = 'jinwei'
                Info: Total cell delay = 1.404 ns ( 31.22 % )
                Info: Total interconnect delay = 3.093 ns ( 68.78 % )
            Info: - Longest clock path from clock "s[3]" to source register is 4.293 ns
                Info: 1: + IC(0.000 ns) + CELL(0.830 ns) = 0.830 ns; Loc. = PIN_Y2; Fanout = 5; CLK Node = 's[3]'
                Info: 2: + IC(1.230 ns) + CELL(0.053 ns) = 2.113 ns; Loc. = LCCOMB_X14_Y1_N2; Fanout = 1; COMB Node = 'cc[7]~41'
                Info: 3: + IC(1.242 ns) + CELL(0.000 ns) = 3.355 ns; Loc. = CLKCTRL_G5; Fanout = 9; COMB Node = 'cc[7]~41clkctrl'
                Info: 4: + IC(0.885 ns) + CELL(0.053 ns) = 4.293 ns; Loc. = LCCOMB_X14_Y1_N14; Fanout = 1; REG Node = 'cc[8]'
                Info: Total cell delay = 0.936 ns ( 21.80 % )
                Info: Total interconnect delay = 3.357 ns ( 78.20 % )
        Info: + Micro clock to output delay of source is 0.000 ns
        Info: + Micro setup delay of destination is 0.666 ns
Info: Clock "s[2]" Internal fmax is restricted to 500.0 MHz between source register "cc[8]" and destination register "jinwei"
    Info: fmax restricted to clock pin edge rate 2.0 ns. Expand message to see actual delay path.
        Info: + Longest register to register delay is 0.259 ns
            Info: 1: + IC(0.000 ns) + CELL(0.000 ns) = 0.000 ns; Loc. = LCCOMB_X14_Y1_N14; Fanout = 1; REG Node = 'cc[8]'
            Info: 2: + IC(0.206 ns) + CELL(0.053 ns) = 0.259 ns; Loc. = LCCOMB_X14_Y1_N24; Fanout = 1; REG Node = 'jinwei'
            Info: Total cell delay = 0.053 ns ( 20.46 % )
            Info: Total interconnect delay = 0.206 ns ( 79.54 % )
        Info: - Smallest clock skew is -0.099 ns
            Info: + Shortest clock path from clock "s[2]" to destination register is 4.197 ns
                Info: 1: + IC(0.000 ns) + CELL(0.837 ns) = 0.837 ns; Loc. = PIN_W11; Fanout = 5; CLK Node = 's[2]'
                Info: 2: + IC(1.989 ns) + CELL(0.053 ns) = 2.879 ns; Loc. = LCCOMB_X14_Y1_N30; Fanout = 1; COMB Node = 'jinwei~2'
                Info: 3: + IC(1.090 ns) + CELL(0.228 ns) = 4.197 ns; Loc. = LCCOMB_X14_Y1_N24; Fanout = 1; REG Node = 'jinwei'
                Info: Total cell delay = 1.118 ns ( 26.64 % )
                Info: Total interconnect delay = 3.079 ns ( 73.36 % )
            Info: - Longest clock path from clock "s[2]" to source register is 4.296 ns
                Info: 1: + IC(0.000 ns) + CELL(0.837 ns) = 0.837 ns; Loc. = PIN_W11; Fanout = 5; CLK Node = 's[2]'
                Info: 2: + IC(1.054 ns) + CELL(0.225 ns) = 2.116 ns; Loc. = LCCOMB_X14_Y1_N2; Fanout = 1; COMB Node = 'cc[7]~41'
                Info: 3: + IC(1.242 ns) + CELL(0.000 ns) = 3.358 ns; Loc. = CLKCTRL_G5; Fanout = 9; COMB Node = 'cc[7]~41clkctrl'
                Info: 4: + IC(0.885 ns) + CELL(0.053 ns) = 4.296 ns; Loc. = LCCOMB_X14_Y1_N14; Fanout = 1; REG Node = 'cc[8]'
                Info: Total cell delay = 1.115 ns ( 25.95 % )
                Info: Total interconnect delay = 3.181 ns ( 74.05 % )
        Info: + Micro clock to output delay of source is 0.000 ns
        Info: + Micro setup delay of destination is 0.666 ns
Info: Clock "s[0]" Internal fmax is restricted to 500.0 MHz between source register "cc[8]" and destination register "jinwei"
    Info: fmax restricted to clock pin edge rate 2.0 ns. Expand message to see actual delay path.
        Info: + Longest register to register delay is 0.259 ns
            Info: 1: + IC(0.000 ns) + CELL(0.000 ns) = 0.000 ns; Loc. = LCCOMB_X14_Y1_N14; Fanout = 1; REG Node = 'cc[8]'
            Info: 2: + IC(0.206 ns) + CELL(0.053 ns) = 0.259 ns; Loc. = LCCOMB_X14_Y1_N24; Fanout = 1; REG Node = 'jinwei'
            Info: Total cell delay = 0.053 ns ( 20.46 % )
            Info: Total interconnect delay = 0.206 ns ( 79.54 % )
        Info: - Smallest clock skew is -0.065 ns
            Info: + Shortest clock path from clock "s[0]" to destination register is 4.317 ns
                Info: 1: + IC(0.000 ns) + CELL(0.840 ns) = 0.840 ns; Loc. = PIN_Y21; Fanout = 5; CLK Node = 's[0]'
                Info: 2: + IC(1.934 ns) + CELL(0.225 ns) = 2.999 ns; Loc. = LCCOMB_X14_Y1_N30; Fanout = 1; COMB Node = 'jinwei~2'
                Info: 3: + IC(1.090 ns) + CELL(0.228 ns) = 4.317 ns; Loc. = LCCOMB_X14_Y1_N24; Fanout = 1; REG Node = 'jinwei'
                Info: Total cell delay = 1.293 ns ( 29.95 % )
                Info: Total interconnect delay = 3.024 ns ( 70.05 % )
            Info: - Longest clock path from clock "s[0]" to source register is 4.382 ns
                Info: 1: + IC(0.000 ns) + CELL(0.840 ns) = 0.840 ns; Loc. = PIN_Y21; Fanout = 5; CLK Node = 's[0]'
                Info: 2: + IC(1.134 ns) + CELL(0.228 ns) = 2.202 ns; Loc. = LCCOMB_X14_Y1_N2; Fanout = 1; COMB Node = 'cc[7]~41'
                Info: 3: + IC(1.242 ns) + CELL(0.000 ns) = 3.444 ns; Loc. = CLKCTRL_G5; Fanout = 9; COMB Node = 'cc[7]~41clkctrl'
                Info: 4: + IC(0.885 ns) + CELL(0.053 ns) = 4.382 ns; Loc. = LCCOMB_X14_Y1_N14; Fanout = 1; REG Node = 'cc[8]'
                Info: Total cell delay = 1.121 ns ( 25.58 % )
                Info: Total interconnect delay = 3.261 ns ( 74.42 % )
        Info: + Micro clock to output delay of source is 0.000 ns
        Info: + Micro setup delay of destination is 0.666 ns
Info: Clock "s[1]" Internal fmax is restricted to 500.0 MHz between source register "cc[8]" and destination register "jinwei"
    Info: fmax restricted to clock pin edge rate 2.0 ns. Expand message to see actual delay path.
        Info: + Longest register to register delay is 0.259 ns
            Info: 1: + IC(0.000 ns) + CELL(0.000 ns) = 0.000 ns; Loc. = LCCOMB_X14_Y1_N14; Fanout = 1; REG Node = 'cc[8]'
            Info: 2: + IC(0.206 ns) + CELL(0.053 ns) = 0.259 ns; Loc. = LCCOMB_X14_Y1_N24; Fanout = 1; REG Node = 'jinwei'
            Info: Total cell delay = 0.053 ns ( 20.46 % )
            Info: Total interconnect delay = 0.206 ns ( 79.54 % )
        Info: - Smallest clock skew is -0.083 ns
            Info: + Shortest clock path from clock "s[1]" to destination register is 4.200 ns
                Info: 1: + IC(0.000 ns) + CELL(0.857 ns) = 0.857 ns; Loc. = PIN_AB15; Fanout = 5; CLK Node = 's[1]'
                Info: 2: + IC(1.659 ns) + CELL(0.366 ns) = 2.882 ns; Loc. = LCCOMB_X14_Y1_N30; Fanout = 1; COMB Node = 'jinwei~2'
                Info: 3: + IC(1.090 ns) + CELL(0.228 ns) = 4.200 ns; Loc. = LCCOMB_X14_Y1_N24; Fanout = 1; REG Node = 'jinwei'
                Info: Total cell delay = 1.451 ns ( 34.55 % )
                Info: Total interconnect delay = 2.749 ns ( 65.45 % )
            Info: - Longest clock path from clock "s[1]" to source register is 4.283 ns
                Info: 1: + IC(0.000 ns) + CELL(0.857 ns) = 0.857 ns; Loc. = PIN_AB15; Fanout = 5; CLK Node = 's[1]'
                Info: 2: + IC(0.900 ns) + CELL(0.346 ns) = 2.103 ns; Loc. = LCCOMB_X14_Y1_N2; Fanout = 1; COMB Node = 'cc[7]~41'
                Info: 3: + IC(1.242 ns) + CELL(0.000 ns) = 3.345 ns; Loc. = CLKCTRL_G5; Fanout = 9; COMB Node = 'cc[7]~41clkctrl'
                Info: 4: + IC(0.885 ns) + CELL(0.053 ns) = 4.283 ns; Loc. = LCCOMB_X14_Y1_N14; Fanout = 1; REG Node = 'cc[8]'
                Info: Total cell delay = 1.256 ns ( 29.33 % )
                Info: Total interconnect delay = 3.027 ns ( 70.67 % )
        Info: + Micro clock to output delay of source is 0.000 ns
        Info: + Micro setup delay of destination is 0.666 ns
Info: Clock "m" Internal fmax is restricted to 500.0 MHz between source register "cc[8]" and destination register "jinwei"
    Info: fmax restricted to clock pin edge rate 2.0 ns. Expand message to see actual delay path.
        Info: + Longest register to register delay is 0.259 ns
            Info: 1: + IC(0.000 ns) + CELL(0.000 ns) = 0.000 ns; Loc. = LCCOMB_X14_Y1_N14; Fanout = 1; REG Node = 'cc[8]'
            Info: 2: + IC(0.206 ns) + CELL(0.053 ns) = 0.259 ns; Loc. = LCCOMB_X14_Y1_N24; Fanout = 1; REG Node = 'jinwei'
            Info: Total cell delay = 0.053 ns ( 20.46 % )
            Info: Total interconnect delay = 0.206 ns ( 79.54 % )
        Info: - Smallest clock skew is -0.188 ns
            Info: + Shortest clock path from clock "m" to destination register is 4.233 ns
                Info: 1: + IC(0.000 ns) + CELL(0.780 ns) = 0.780 ns; Loc. = PIN_R17; Fanout = 2; CLK Node = 'm'
                Info: 2: + IC(1.907 ns) + CELL(0.228 ns) = 2.915 ns; Loc. = LCCOMB_X14_Y1_N30; Fanout = 1; COMB Node = 'jinwei~2'
                Info: 3: + IC(1.090 ns) + CELL(0.228 ns) = 4.233 ns; Loc. = LCCOMB_X14_Y1_N24; Fanout = 1; REG Node = 'jinwei'
                Info: Total cell delay = 1.236 ns ( 29.20 % )
                Info: Total interconnect delay = 2.997 ns ( 70.80 % )
            Info: - Longest clock path from clock "m" to source register is 4.421 ns
                Info: 1: + IC(0.000 ns) + CELL(0.780 ns) = 0.780 ns; Loc. = PIN_R17; Fanout = 2; CLK Node = 'm'
                Info: 2: + IC(1.095 ns) + CELL(0.366 ns) = 2.241 ns; Loc. = LCCOMB_X14_Y1_N2; Fanout = 1; COMB Node = 'cc[7]~41'
                Info: 3: + IC(1.242 ns) + CELL(0.000 ns) = 3.483 ns; Loc. = CLKCTRL_G5; Fanout = 9; COMB Node = 'cc[7]~41clkctrl'
                Info: 4: + IC(0.885 ns) + CELL(0.053 ns) = 4.421 ns; Loc. = LCCOMB_X14_Y1_N14; Fanout = 1; REG Node = 'cc[8]'
                Info: Total cell delay = 1.199 ns ( 27.12 % )
                Info: Total interconnect delay = 3.222 ns ( 72.88 % )
        Info: + Micro clock to output delay of source is 0.000 ns
        Info: + Micro setup delay of destination is 0.666 ns
Info: tsu for register "cc[2]" (data pin = "b[0]", clock pin = "s[1]") is 4.703 ns
    Info: + Longest pin to register delay is 8.485 ns
        Info: 1: + IC(0.000 ns) + CELL(0.830 ns) = 0.830 ns; Loc. = PIN_T2; Fanout = 5; PIN Node = 'b[0]'
        Info: 2: + IC(4.440 ns) + CELL(0.263 ns) = 5.533 ns; Loc. = LCCOMB_X18_Y1_N0; Fanout = 2; COMB Node = 'Add1~3'
        Info: 3: + IC(0.000 ns) + CELL(0.172 ns) = 5.705 ns; Loc. = LCCOMB_X18_Y1_N2; Fanout = 2; COMB Node = 'Add1~6'
        Info: 4: + IC(0.000 ns) + CELL(0.125 ns) = 5.830 ns; Loc. = LCCOMB_X18_Y1_N4; Fanout = 1; COMB Node = 'Add1~9'
        Info: 5: + IC(0.569 ns) + CELL(0.378 ns) = 6.777 ns; Loc. = LCCOMB_X14_Y1_N20; Fanout = 1; COMB Node = 'cc[2]~43'
        Info: 6: + IC(1.436 ns) + CELL(0.272 ns) = 8.485 ns; Loc. = LCCOMB_X31_Y4_N16; Fanout = 1; REG Node = 'cc[2]'
        Info: Total cell delay = 2.040 ns ( 24.04 % )
        Info: Total interconnect delay = 6.445 ns ( 75.96 % )
    Info: + Micro setup delay of destination is 0.502 ns
    Info: - Shortest clock path from clock "s[1]" to destination register is 4.284 ns
        Info: 1: + IC(0.000 ns) + CELL(0.857 ns) = 0.857 ns; Loc. = PIN_AB15; Fanout = 5; CLK Node = 's[1]'
        Info: 2: + IC(0.900 ns) + CELL(0.346 ns) = 2.103 ns; Loc. = LCCOMB_X14_Y1_N2; Fanout = 1; COMB Node = 'cc[7]~41'
        Info: 3: + IC(1.242 ns) + CELL(0.000 ns) = 3.345 ns; Loc. = CLKCTRL_G5; Fanout = 9; COMB Node = 'cc[7]~41clkctrl'
        Info: 4: + IC(0.886 ns) + CELL(0.053 ns) = 4.284 ns; Loc. = LCCOMB_X31_Y4_N16; Fanout = 1; REG Node = 'cc[2]'
        Info: Total cell delay = 1.256 ns ( 29.32 % )
        Info: Total interconnect delay = 3.028 ns ( 70.68 % )
Info: tco from clock "m" to destination pin "T[0]" through register "cc[0]" is 9.460 ns
    Info: + Longest clock path from clock "m" to source register is 4.421 ns
        Info: 1: + IC(0.000 ns) + CELL(0.780 ns) = 0.780 ns; Loc. = PIN_R17; Fanout = 2; CLK Node = 'm'
        Info: 2: + IC(1.095 ns) + CELL(0.366 ns) = 2.241 ns; Loc. = LCCOMB_X14_Y1_N2; Fanout = 1; COMB Node = 'cc[7]~41'
        Info: 3: + IC(1.242 ns) + CELL(0.000 ns) = 3.483 ns; Loc. = CLKCTRL_G5; Fanout = 9; COMB Node = 'cc[7]~41clkctrl'
        Info: 4: + IC(0.885 ns) + CELL(0.053 ns) = 4.421 ns; Loc. = LCCOMB_X14_Y1_N0; Fanout = 1; REG Node = 'cc[0]'
        Info: Total cell delay = 1.199 ns ( 27.12 % )
        Info: Total interconnect delay = 3.222 ns ( 72.88 % )
    Info: + Micro clock to output delay of source is 0.000 ns
    Info: + Longest register to pin delay is 5.039 ns
        Info: 1: + IC(0.000 ns) + CELL(0.000 ns) = 0.000 ns; Loc. = LCCOMB_X14_Y1_N0; Fanout = 1; REG Node = 'cc[0]'
        Info: 2: + IC(3.057 ns) + CELL(1.982 ns) = 5.039 ns; Loc. = PIN_A8; Fanout = 0; PIN Node = 'T[0]'
        Info: Total cell delay = 1.982 ns ( 39.33 % )
        Info: Total interconnect delay = 3.057 ns ( 60.67 % )
Info: th for register "cc[3]" (data pin = "a[3]", clock pin = "m") is 1.988 ns
    Info: + Longest clock path from clock "m" to destination register is 4.425 ns
        Info: 1: + IC(0.000 ns) + CELL(0.780 ns) = 0.780 ns; Loc. = PIN_R17; Fanout = 2; CLK Node = 'm'
        Info: 2: + IC(1.095 ns) + CELL(0.366 ns) = 2.241 ns; Loc. = LCCOMB_X14_Y1_N2; Fanout = 1; COMB Node = 'cc[7]~41'
        Info: 3: + IC(1.242 ns) + CELL(0.000 ns) = 3.483 ns; Loc. = CLKCTRL_G5; Fanout = 9; COMB Node = 'cc[7]~41clkctrl'
        Info: 4: + IC(0.889 ns) + CELL(0.053 ns) = 4.425 ns; Loc. = LCCOMB_X17_Y1_N28; Fanout = 1; REG Node = 'cc[3]'
        Info: Total cell delay = 1.199 ns ( 27.10 % )
        Info: Total interconnect delay = 3.226 ns ( 72.90 % )
    Info: + Micro hold delay of destination is 0.000 ns
    Info: - Shortest pin to register delay is 2.437 ns
        Info: 1: + IC(0.000 ns) + CELL(0.799 ns) = 0.799 ns; Loc. = PIN_Y10; Fanout = 6; PIN Node = 'a[3]'
        Info: 2: + IC(1.120 ns) + CELL(0.053 ns) = 1.972 ns; Loc. = LCCOMB_X17_Y1_N20; Fanout = 1; COMB Node = 'cc[3]~44'
        Info: 3: + IC(0.237 ns) + CELL(0.228 ns) = 2.437 ns; Loc. = LCCOMB_X17_Y1_N28; Fanout = 1; REG Node = 'cc[3]'
        Info: Total cell delay = 1.080 ns ( 44.32 % )
        Info: Total interconnect delay = 1.357 ns ( 55.68 % )
Info: Quartus II Classic Timing Analyzer was successful. 0 errors, 13 warnings
    Info: Peak virtual memory: 200 megabytes
    Info: Processing ended: Mon Dec 02 20:52:21 2019
    Info: Elapsed time: 00:00:00
    Info: Total CPU time (on all processors): 00:00:00


