Classic Timing Analyzer report for pcjoq
Fri Dec 20 14:32:53 2019
Quartus II Version 9.0 Build 235 06/17/2009 Service Pack 2 SJ Web Edition


---------------------
; Table of Contents ;
---------------------
  1. Legal Notice
  2. Timing Analyzer Summary
  3. Timing Analyzer Settings
  4. Clock Settings Summary
  5. Parallel Compilation
  6. Clock Setup: 'clk'
  7. tsu
  8. tco
  9. th
 10. Timing Analyzer Messages



----------------
; Legal Notice ;
----------------
Copyright (C) 1991-2009 Altera Corporation
Your use of Altera Corporation's design tools, logic functions 
and other software and tools, and its AMPP partner logic 
functions, and any output files from any of the foregoing 
(including device programming or simulation files), and any 
associated documentation or information are expressly subject 
to the terms and conditions of the Altera Program License 
Subscription Agreement, Altera MegaCore Function License 
Agreement, or other applicable license agreement, including, 
without limitation, that your use is for the sole purpose of 
programming logic devices manufactured by Altera and sold by 
Altera or its authorized distributors.  Please refer to the 
applicable agreement for further details.



+----------------------------------------------------------------------------------------------------------------------------------------------------------------+
; Timing Analyzer Summary                                                                                                                                        ;
+------------------------------+-------+---------------+------------------------------------------------+--------+--------+------------+----------+--------------+
; Type                         ; Slack ; Required Time ; Actual Time                                    ; From   ; To     ; From Clock ; To Clock ; Failed Paths ;
+------------------------------+-------+---------------+------------------------------------------------+--------+--------+------------+----------+--------------+
; Worst-case tsu               ; N/A   ; None          ; 4.228 ns                                       ; inc    ; tem[3] ; --         ; clk      ; 0            ;
; Worst-case tco               ; N/A   ; None          ; 7.234 ns                                       ; tem[4] ; c[4]   ; clk        ; --       ; 0            ;
; Worst-case th                ; N/A   ; None          ; -2.213 ns                                      ; a[3]   ; tem[3] ; --         ; clk      ; 0            ;
; Clock Setup: 'clk'           ; N/A   ; None          ; Restricted to 500.00 MHz ( period = 2.000 ns ) ; tem[0] ; tem[3] ; clk        ; clk      ; 0            ;
; Total number of failed paths ;       ;               ;                                                ;        ;        ;            ;          ; 0            ;
+------------------------------+-------+---------------+------------------------------------------------+--------+--------+------------+----------+--------------+


+--------------------------------------------------------------------------------------------------------------------+
; Timing Analyzer Settings                                                                                           ;
+---------------------------------------------------------------------+--------------------+------+----+-------------+
; Option                                                              ; Setting            ; From ; To ; Entity Name ;
+---------------------------------------------------------------------+--------------------+------+----+-------------+
; Device Name                                                         ; EP2S15F484C3       ;      ;    ;             ;
; Timing Models                                                       ; Final              ;      ;    ;             ;
; Default hold multicycle                                             ; Same as Multicycle ;      ;    ;             ;
; Cut paths between unrelated clock domains                           ; On                 ;      ;    ;             ;
; Cut off read during write signal paths                              ; On                 ;      ;    ;             ;
; Cut off feedback from I/O pins                                      ; On                 ;      ;    ;             ;
; Report Combined Fast/Slow Timing                                    ; Off                ;      ;    ;             ;
; Ignore Clock Settings                                               ; Off                ;      ;    ;             ;
; Analyze latches as synchronous elements                             ; On                 ;      ;    ;             ;
; Enable Recovery/Removal analysis                                    ; Off                ;      ;    ;             ;
; Enable Clock Latency                                                ; Off                ;      ;    ;             ;
; Use TimeQuest Timing Analyzer                                       ; Off                ;      ;    ;             ;
; Number of source nodes to report per destination node               ; 10                 ;      ;    ;             ;
; Number of destination nodes to report                               ; 10                 ;      ;    ;             ;
; Number of paths to report                                           ; 200                ;      ;    ;             ;
; Report Minimum Timing Checks                                        ; Off                ;      ;    ;             ;
; Use Fast Timing Models                                              ; Off                ;      ;    ;             ;
; Report IO Paths Separately                                          ; Off                ;      ;    ;             ;
; Perform Multicorner Analysis                                        ; On                 ;      ;    ;             ;
; Reports the worst-case path for each clock domain and analysis      ; Off                ;      ;    ;             ;
; Removes common clock path pessimism (CCPP) during slack computation ; Off                ;      ;    ;             ;
; Output I/O Timing Endpoint                                          ; Near End           ;      ;    ;             ;
+---------------------------------------------------------------------+--------------------+------+----+-------------+


+------------------------------------------------------------------------------------------------------------------------------------------------------------------------------------+
; Clock Settings Summary                                                                                                                                                             ;
+-----------------+--------------------+----------+------------------+---------------+--------------+----------+-----------------------+---------------------+--------+--------------+
; Clock Node Name ; Clock Setting Name ; Type     ; Fmax Requirement ; Early Latency ; Late Latency ; Based on ; Multiply Base Fmax by ; Divide Base Fmax by ; Offset ; Phase offset ;
+-----------------+--------------------+----------+------------------+---------------+--------------+----------+-----------------------+---------------------+--------+--------------+
; clk             ;                    ; User Pin ; None             ; 0.000 ns      ; 0.000 ns     ; --       ; N/A                   ; N/A                 ; N/A    ;              ;
+-----------------+--------------------+----------+------------------+---------------+--------------+----------+-----------------------+---------------------+--------+--------------+


+------------------------------------------+
; Parallel Compilation                     ;
+----------------------------+-------------+
; Processors                 ; Number      ;
+----------------------------+-------------+
; Number detected on machine ; 6           ;
; Maximum allowed            ; 4           ;
;                            ;             ;
; Average used               ; 1.00        ;
; Maximum used               ; 1           ;
;                            ;             ;
; Usage by Processor         ; % Time Used ;
;     1 processor            ; 100.0%      ;
;     2-6 processors         ;   0.0%      ;
+----------------------------+-------------+


+--------------------------------------------------------------------------------------------------------------------------------------------------------------------------------------+
; Clock Setup: 'clk'                                                                                                                                                                   ;
+-------+------------------------------------------------+--------+--------+------------+----------+-----------------------------+---------------------------+-------------------------+
; Slack ; Actual fmax (period)                           ; From   ; To     ; From Clock ; To Clock ; Required Setup Relationship ; Required Longest P2P Time ; Actual Longest P2P Time ;
+-------+------------------------------------------------+--------+--------+------------+----------+-----------------------------+---------------------------+-------------------------+
; N/A   ; Restricted to 500.00 MHz ( period = 2.000 ns ) ; tem[0] ; tem[0] ; clk        ; clk      ; None                        ; None                      ; 1.481 ns                ;
; N/A   ; Restricted to 500.00 MHz ( period = 2.000 ns ) ; tem[0] ; tem[7] ; clk        ; clk      ; None                        ; None                      ; 1.481 ns                ;
; N/A   ; Restricted to 500.00 MHz ( period = 2.000 ns ) ; tem[0] ; tem[4] ; clk        ; clk      ; None                        ; None                      ; 1.481 ns                ;
; N/A   ; Restricted to 500.00 MHz ( period = 2.000 ns ) ; tem[0] ; tem[5] ; clk        ; clk      ; None                        ; None                      ; 1.481 ns                ;
; N/A   ; Restricted to 500.00 MHz ( period = 2.000 ns ) ; tem[0] ; tem[1] ; clk        ; clk      ; None                        ; None                      ; 1.481 ns                ;
; N/A   ; Restricted to 500.00 MHz ( period = 2.000 ns ) ; tem[0] ; tem[6] ; clk        ; clk      ; None                        ; None                      ; 1.481 ns                ;
; N/A   ; Restricted to 500.00 MHz ( period = 2.000 ns ) ; tem[0] ; tem[2] ; clk        ; clk      ; None                        ; None                      ; 1.481 ns                ;
; N/A   ; Restricted to 500.00 MHz ( period = 2.000 ns ) ; tem[0] ; tem[3] ; clk        ; clk      ; None                        ; None                      ; 1.481 ns                ;
; N/A   ; Restricted to 500.00 MHz ( period = 2.000 ns ) ; tem[2] ; tem[0] ; clk        ; clk      ; None                        ; None                      ; 1.398 ns                ;
; N/A   ; Restricted to 500.00 MHz ( period = 2.000 ns ) ; tem[2] ; tem[7] ; clk        ; clk      ; None                        ; None                      ; 1.398 ns                ;
; N/A   ; Restricted to 500.00 MHz ( period = 2.000 ns ) ; tem[2] ; tem[4] ; clk        ; clk      ; None                        ; None                      ; 1.398 ns                ;
; N/A   ; Restricted to 500.00 MHz ( period = 2.000 ns ) ; tem[2] ; tem[5] ; clk        ; clk      ; None                        ; None                      ; 1.398 ns                ;
; N/A   ; Restricted to 500.00 MHz ( period = 2.000 ns ) ; tem[2] ; tem[1] ; clk        ; clk      ; None                        ; None                      ; 1.398 ns                ;
; N/A   ; Restricted to 500.00 MHz ( period = 2.000 ns ) ; tem[2] ; tem[6] ; clk        ; clk      ; None                        ; None                      ; 1.398 ns                ;
; N/A   ; Restricted to 500.00 MHz ( period = 2.000 ns ) ; tem[2] ; tem[2] ; clk        ; clk      ; None                        ; None                      ; 1.398 ns                ;
; N/A   ; Restricted to 500.00 MHz ( period = 2.000 ns ) ; tem[2] ; tem[3] ; clk        ; clk      ; None                        ; None                      ; 1.398 ns                ;
; N/A   ; Restricted to 500.00 MHz ( period = 2.000 ns ) ; tem[6] ; tem[0] ; clk        ; clk      ; None                        ; None                      ; 1.347 ns                ;
; N/A   ; Restricted to 500.00 MHz ( period = 2.000 ns ) ; tem[6] ; tem[7] ; clk        ; clk      ; None                        ; None                      ; 1.347 ns                ;
; N/A   ; Restricted to 500.00 MHz ( period = 2.000 ns ) ; tem[6] ; tem[4] ; clk        ; clk      ; None                        ; None                      ; 1.347 ns                ;
; N/A   ; Restricted to 500.00 MHz ( period = 2.000 ns ) ; tem[6] ; tem[5] ; clk        ; clk      ; None                        ; None                      ; 1.347 ns                ;
; N/A   ; Restricted to 500.00 MHz ( period = 2.000 ns ) ; tem[6] ; tem[1] ; clk        ; clk      ; None                        ; None                      ; 1.347 ns                ;
; N/A   ; Restricted to 500.00 MHz ( period = 2.000 ns ) ; tem[6] ; tem[6] ; clk        ; clk      ; None                        ; None                      ; 1.347 ns                ;
; N/A   ; Restricted to 500.00 MHz ( period = 2.000 ns ) ; tem[6] ; tem[2] ; clk        ; clk      ; None                        ; None                      ; 1.347 ns                ;
; N/A   ; Restricted to 500.00 MHz ( period = 2.000 ns ) ; tem[6] ; tem[3] ; clk        ; clk      ; None                        ; None                      ; 1.347 ns                ;
; N/A   ; Restricted to 500.00 MHz ( period = 2.000 ns ) ; tem[7] ; tem[0] ; clk        ; clk      ; None                        ; None                      ; 1.231 ns                ;
; N/A   ; Restricted to 500.00 MHz ( period = 2.000 ns ) ; tem[7] ; tem[7] ; clk        ; clk      ; None                        ; None                      ; 1.231 ns                ;
; N/A   ; Restricted to 500.00 MHz ( period = 2.000 ns ) ; tem[7] ; tem[4] ; clk        ; clk      ; None                        ; None                      ; 1.231 ns                ;
; N/A   ; Restricted to 500.00 MHz ( period = 2.000 ns ) ; tem[7] ; tem[5] ; clk        ; clk      ; None                        ; None                      ; 1.231 ns                ;
; N/A   ; Restricted to 500.00 MHz ( period = 2.000 ns ) ; tem[7] ; tem[1] ; clk        ; clk      ; None                        ; None                      ; 1.231 ns                ;
; N/A   ; Restricted to 500.00 MHz ( period = 2.000 ns ) ; tem[7] ; tem[6] ; clk        ; clk      ; None                        ; None                      ; 1.231 ns                ;
; N/A   ; Restricted to 500.00 MHz ( period = 2.000 ns ) ; tem[7] ; tem[2] ; clk        ; clk      ; None                        ; None                      ; 1.231 ns                ;
; N/A   ; Restricted to 500.00 MHz ( period = 2.000 ns ) ; tem[7] ; tem[3] ; clk        ; clk      ; None                        ; None                      ; 1.231 ns                ;
; N/A   ; Restricted to 500.00 MHz ( period = 2.000 ns ) ; tem[3] ; tem[0] ; clk        ; clk      ; None                        ; None                      ; 1.217 ns                ;
; N/A   ; Restricted to 500.00 MHz ( period = 2.000 ns ) ; tem[3] ; tem[7] ; clk        ; clk      ; None                        ; None                      ; 1.217 ns                ;
; N/A   ; Restricted to 500.00 MHz ( period = 2.000 ns ) ; tem[3] ; tem[4] ; clk        ; clk      ; None                        ; None                      ; 1.217 ns                ;
; N/A   ; Restricted to 500.00 MHz ( period = 2.000 ns ) ; tem[3] ; tem[5] ; clk        ; clk      ; None                        ; None                      ; 1.217 ns                ;
; N/A   ; Restricted to 500.00 MHz ( period = 2.000 ns ) ; tem[3] ; tem[1] ; clk        ; clk      ; None                        ; None                      ; 1.217 ns                ;
; N/A   ; Restricted to 500.00 MHz ( period = 2.000 ns ) ; tem[3] ; tem[6] ; clk        ; clk      ; None                        ; None                      ; 1.217 ns                ;
; N/A   ; Restricted to 500.00 MHz ( period = 2.000 ns ) ; tem[3] ; tem[2] ; clk        ; clk      ; None                        ; None                      ; 1.217 ns                ;
; N/A   ; Restricted to 500.00 MHz ( period = 2.000 ns ) ; tem[3] ; tem[3] ; clk        ; clk      ; None                        ; None                      ; 1.217 ns                ;
; N/A   ; Restricted to 500.00 MHz ( period = 2.000 ns ) ; tem[4] ; tem[0] ; clk        ; clk      ; None                        ; None                      ; 1.138 ns                ;
; N/A   ; Restricted to 500.00 MHz ( period = 2.000 ns ) ; tem[4] ; tem[7] ; clk        ; clk      ; None                        ; None                      ; 1.138 ns                ;
; N/A   ; Restricted to 500.00 MHz ( period = 2.000 ns ) ; tem[4] ; tem[4] ; clk        ; clk      ; None                        ; None                      ; 1.138 ns                ;
; N/A   ; Restricted to 500.00 MHz ( period = 2.000 ns ) ; tem[4] ; tem[5] ; clk        ; clk      ; None                        ; None                      ; 1.138 ns                ;
; N/A   ; Restricted to 500.00 MHz ( period = 2.000 ns ) ; tem[4] ; tem[1] ; clk        ; clk      ; None                        ; None                      ; 1.138 ns                ;
; N/A   ; Restricted to 500.00 MHz ( period = 2.000 ns ) ; tem[4] ; tem[6] ; clk        ; clk      ; None                        ; None                      ; 1.138 ns                ;
; N/A   ; Restricted to 500.00 MHz ( period = 2.000 ns ) ; tem[4] ; tem[2] ; clk        ; clk      ; None                        ; None                      ; 1.138 ns                ;
; N/A   ; Restricted to 500.00 MHz ( period = 2.000 ns ) ; tem[4] ; tem[3] ; clk        ; clk      ; None                        ; None                      ; 1.138 ns                ;
; N/A   ; Restricted to 500.00 MHz ( period = 2.000 ns ) ; tem[5] ; tem[0] ; clk        ; clk      ; None                        ; None                      ; 1.134 ns                ;
; N/A   ; Restricted to 500.00 MHz ( period = 2.000 ns ) ; tem[5] ; tem[7] ; clk        ; clk      ; None                        ; None                      ; 1.134 ns                ;
; N/A   ; Restricted to 500.00 MHz ( period = 2.000 ns ) ; tem[5] ; tem[4] ; clk        ; clk      ; None                        ; None                      ; 1.134 ns                ;
; N/A   ; Restricted to 500.00 MHz ( period = 2.000 ns ) ; tem[5] ; tem[5] ; clk        ; clk      ; None                        ; None                      ; 1.134 ns                ;
; N/A   ; Restricted to 500.00 MHz ( period = 2.000 ns ) ; tem[5] ; tem[1] ; clk        ; clk      ; None                        ; None                      ; 1.134 ns                ;
; N/A   ; Restricted to 500.00 MHz ( period = 2.000 ns ) ; tem[5] ; tem[6] ; clk        ; clk      ; None                        ; None                      ; 1.134 ns                ;
; N/A   ; Restricted to 500.00 MHz ( period = 2.000 ns ) ; tem[5] ; tem[2] ; clk        ; clk      ; None                        ; None                      ; 1.134 ns                ;
; N/A   ; Restricted to 500.00 MHz ( period = 2.000 ns ) ; tem[5] ; tem[3] ; clk        ; clk      ; None                        ; None                      ; 1.134 ns                ;
; N/A   ; Restricted to 500.00 MHz ( period = 2.000 ns ) ; tem[1] ; tem[0] ; clk        ; clk      ; None                        ; None                      ; 0.983 ns                ;
; N/A   ; Restricted to 500.00 MHz ( period = 2.000 ns ) ; tem[1] ; tem[7] ; clk        ; clk      ; None                        ; None                      ; 0.983 ns                ;
; N/A   ; Restricted to 500.00 MHz ( period = 2.000 ns ) ; tem[1] ; tem[4] ; clk        ; clk      ; None                        ; None                      ; 0.983 ns                ;
; N/A   ; Restricted to 500.00 MHz ( period = 2.000 ns ) ; tem[1] ; tem[5] ; clk        ; clk      ; None                        ; None                      ; 0.983 ns                ;
; N/A   ; Restricted to 500.00 MHz ( period = 2.000 ns ) ; tem[1] ; tem[1] ; clk        ; clk      ; None                        ; None                      ; 0.983 ns                ;
; N/A   ; Restricted to 500.00 MHz ( period = 2.000 ns ) ; tem[1] ; tem[6] ; clk        ; clk      ; None                        ; None                      ; 0.983 ns                ;
; N/A   ; Restricted to 500.00 MHz ( period = 2.000 ns ) ; tem[1] ; tem[2] ; clk        ; clk      ; None                        ; None                      ; 0.983 ns                ;
; N/A   ; Restricted to 500.00 MHz ( period = 2.000 ns ) ; tem[1] ; tem[3] ; clk        ; clk      ; None                        ; None                      ; 0.983 ns                ;
+-------+------------------------------------------------+--------+--------+------------+----------+-----------------------------+---------------------------+-------------------------+


+--------------------------------------------------------------+
; tsu                                                          ;
+-------+--------------+------------+------+--------+----------+
; Slack ; Required tsu ; Actual tsu ; From ; To     ; To Clock ;
+-------+--------------+------------+------+--------+----------+
; N/A   ; None         ; 4.228 ns   ; inc  ; tem[0] ; clk      ;
; N/A   ; None         ; 4.228 ns   ; inc  ; tem[7] ; clk      ;
; N/A   ; None         ; 4.228 ns   ; inc  ; tem[4] ; clk      ;
; N/A   ; None         ; 4.228 ns   ; inc  ; tem[5] ; clk      ;
; N/A   ; None         ; 4.228 ns   ; inc  ; tem[1] ; clk      ;
; N/A   ; None         ; 4.228 ns   ; inc  ; tem[6] ; clk      ;
; N/A   ; None         ; 4.228 ns   ; inc  ; tem[2] ; clk      ;
; N/A   ; None         ; 4.228 ns   ; inc  ; tem[3] ; clk      ;
; N/A   ; None         ; 3.862 ns   ; ld   ; tem[0] ; clk      ;
; N/A   ; None         ; 3.862 ns   ; ld   ; tem[7] ; clk      ;
; N/A   ; None         ; 3.862 ns   ; ld   ; tem[4] ; clk      ;
; N/A   ; None         ; 3.862 ns   ; ld   ; tem[5] ; clk      ;
; N/A   ; None         ; 3.862 ns   ; ld   ; tem[1] ; clk      ;
; N/A   ; None         ; 3.862 ns   ; ld   ; tem[6] ; clk      ;
; N/A   ; None         ; 3.862 ns   ; ld   ; tem[2] ; clk      ;
; N/A   ; None         ; 3.862 ns   ; ld   ; tem[3] ; clk      ;
; N/A   ; None         ; 3.283 ns   ; a[6] ; tem[6] ; clk      ;
; N/A   ; None         ; 2.760 ns   ; a[2] ; tem[2] ; clk      ;
; N/A   ; None         ; 2.716 ns   ; a[7] ; tem[7] ; clk      ;
; N/A   ; None         ; 2.711 ns   ; a[1] ; tem[1] ; clk      ;
; N/A   ; None         ; 2.703 ns   ; a[4] ; tem[4] ; clk      ;
; N/A   ; None         ; 2.700 ns   ; a[5] ; tem[5] ; clk      ;
; N/A   ; None         ; 2.498 ns   ; a[0] ; tem[0] ; clk      ;
; N/A   ; None         ; 2.452 ns   ; a[3] ; tem[3] ; clk      ;
+-------+--------------+------------+------+--------+----------+


+----------------------------------------------------------------+
; tco                                                            ;
+-------+--------------+------------+--------+------+------------+
; Slack ; Required tco ; Actual tco ; From   ; To   ; From Clock ;
+-------+--------------+------------+--------+------+------------+
; N/A   ; None         ; 7.234 ns   ; tem[4] ; c[4] ; clk        ;
; N/A   ; None         ; 6.449 ns   ; tem[2] ; c[2] ; clk        ;
; N/A   ; None         ; 5.953 ns   ; tem[5] ; c[5] ; clk        ;
; N/A   ; None         ; 5.670 ns   ; tem[1] ; c[1] ; clk        ;
; N/A   ; None         ; 5.591 ns   ; tem[7] ; c[7] ; clk        ;
; N/A   ; None         ; 5.463 ns   ; tem[0] ; c[0] ; clk        ;
; N/A   ; None         ; 5.260 ns   ; tem[3] ; c[3] ; clk        ;
; N/A   ; None         ; 5.026 ns   ; tem[6] ; c[6] ; clk        ;
+-------+--------------+------------+--------+------+------------+


+--------------------------------------------------------------------+
; th                                                                 ;
+---------------+-------------+-----------+------+--------+----------+
; Minimum Slack ; Required th ; Actual th ; From ; To     ; To Clock ;
+---------------+-------------+-----------+------+--------+----------+
; N/A           ; None        ; -2.213 ns ; a[3] ; tem[3] ; clk      ;
; N/A           ; None        ; -2.259 ns ; a[0] ; tem[0] ; clk      ;
; N/A           ; None        ; -2.461 ns ; a[5] ; tem[5] ; clk      ;
; N/A           ; None        ; -2.464 ns ; a[4] ; tem[4] ; clk      ;
; N/A           ; None        ; -2.472 ns ; a[1] ; tem[1] ; clk      ;
; N/A           ; None        ; -2.477 ns ; a[7] ; tem[7] ; clk      ;
; N/A           ; None        ; -2.521 ns ; a[2] ; tem[2] ; clk      ;
; N/A           ; None        ; -3.044 ns ; a[6] ; tem[6] ; clk      ;
; N/A           ; None        ; -3.195 ns ; inc  ; tem[0] ; clk      ;
; N/A           ; None        ; -3.195 ns ; inc  ; tem[7] ; clk      ;
; N/A           ; None        ; -3.195 ns ; inc  ; tem[4] ; clk      ;
; N/A           ; None        ; -3.195 ns ; inc  ; tem[5] ; clk      ;
; N/A           ; None        ; -3.195 ns ; inc  ; tem[1] ; clk      ;
; N/A           ; None        ; -3.195 ns ; inc  ; tem[6] ; clk      ;
; N/A           ; None        ; -3.195 ns ; inc  ; tem[2] ; clk      ;
; N/A           ; None        ; -3.195 ns ; inc  ; tem[3] ; clk      ;
; N/A           ; None        ; -3.623 ns ; ld   ; tem[0] ; clk      ;
; N/A           ; None        ; -3.623 ns ; ld   ; tem[7] ; clk      ;
; N/A           ; None        ; -3.623 ns ; ld   ; tem[4] ; clk      ;
; N/A           ; None        ; -3.623 ns ; ld   ; tem[5] ; clk      ;
; N/A           ; None        ; -3.623 ns ; ld   ; tem[1] ; clk      ;
; N/A           ; None        ; -3.623 ns ; ld   ; tem[6] ; clk      ;
; N/A           ; None        ; -3.623 ns ; ld   ; tem[2] ; clk      ;
; N/A           ; None        ; -3.623 ns ; ld   ; tem[3] ; clk      ;
+---------------+-------------+-----------+------+--------+----------+


+--------------------------+
; Timing Analyzer Messages ;
+--------------------------+
Info: *******************************************************************
Info: Running Quartus II Classic Timing Analyzer
    Info: Version 9.0 Build 235 06/17/2009 Service Pack 2 SJ Web Edition
    Info: Processing started: Fri Dec 20 14:32:53 2019
Info: Command: quartus_tan --read_settings_files=off --write_settings_files=off pcjoq -c pcjoq --timing_analysis_only
Info: Parallel compilation is enabled and will use 4 of the 6 processors detected
Warning: Found pins functioning as undefined clocks and/or memory enables
    Info: Assuming node "clk" is an undefined clock
Info: Clock "clk" Internal fmax is restricted to 500.0 MHz between source register "tem[0]" and destination register "tem[0]"
    Info: fmax restricted to clock pin edge rate 2.0 ns. Expand message to see actual delay path.
        Info: + Longest register to register delay is 1.481 ns
            Info: 1: + IC(0.000 ns) + CELL(0.000 ns) = 0.000 ns; Loc. = LCFF_X17_Y2_N1; Fanout = 4; REG Node = 'tem[0]'
            Info: 2: + IC(0.272 ns) + CELL(0.346 ns) = 0.618 ns; Loc. = LCCOMB_X17_Y2_N16; Fanout = 1; COMB Node = 'tem[0]~25'
            Info: 3: + IC(0.200 ns) + CELL(0.053 ns) = 0.871 ns; Loc. = LCCOMB_X17_Y2_N20; Fanout = 8; COMB Node = 'tem[0]~26'
            Info: 4: + IC(0.213 ns) + CELL(0.397 ns) = 1.481 ns; Loc. = LCFF_X17_Y2_N1; Fanout = 4; REG Node = 'tem[0]'
            Info: Total cell delay = 0.796 ns ( 53.75 % )
            Info: Total interconnect delay = 0.685 ns ( 46.25 % )
        Info: - Smallest clock skew is 0.000 ns
            Info: + Shortest clock path from clock "clk" to destination register is 2.472 ns
                Info: 1: + IC(0.000 ns) + CELL(0.854 ns) = 0.854 ns; Loc. = PIN_N20; Fanout = 1; CLK Node = 'clk'
                Info: 2: + IC(0.343 ns) + CELL(0.000 ns) = 1.197 ns; Loc. = CLKCTRL_G3; Fanout = 8; COMB Node = 'clk~clkctrl'
                Info: 3: + IC(0.657 ns) + CELL(0.618 ns) = 2.472 ns; Loc. = LCFF_X17_Y2_N1; Fanout = 4; REG Node = 'tem[0]'
                Info: Total cell delay = 1.472 ns ( 59.55 % )
                Info: Total interconnect delay = 1.000 ns ( 40.45 % )
            Info: - Longest clock path from clock "clk" to source register is 2.472 ns
                Info: 1: + IC(0.000 ns) + CELL(0.854 ns) = 0.854 ns; Loc. = PIN_N20; Fanout = 1; CLK Node = 'clk'
                Info: 2: + IC(0.343 ns) + CELL(0.000 ns) = 1.197 ns; Loc. = CLKCTRL_G3; Fanout = 8; COMB Node = 'clk~clkctrl'
                Info: 3: + IC(0.657 ns) + CELL(0.618 ns) = 2.472 ns; Loc. = LCFF_X17_Y2_N1; Fanout = 4; REG Node = 'tem[0]'
                Info: Total cell delay = 1.472 ns ( 59.55 % )
                Info: Total interconnect delay = 1.000 ns ( 40.45 % )
        Info: + Micro clock to output delay of source is 0.094 ns
        Info: + Micro setup delay of destination is 0.090 ns
Info: tsu for register "tem[0]" (data pin = "inc", clock pin = "clk") is 4.228 ns
    Info: + Longest pin to register delay is 6.610 ns
        Info: 1: + IC(0.000 ns) + CELL(0.857 ns) = 0.857 ns; Loc. = PIN_AB7; Fanout = 10; PIN Node = 'inc'
        Info: 2: + IC(4.524 ns) + CELL(0.366 ns) = 5.747 ns; Loc. = LCCOMB_X17_Y2_N16; Fanout = 1; COMB Node = 'tem[0]~25'
        Info: 3: + IC(0.200 ns) + CELL(0.053 ns) = 6.000 ns; Loc. = LCCOMB_X17_Y2_N20; Fanout = 8; COMB Node = 'tem[0]~26'
        Info: 4: + IC(0.213 ns) + CELL(0.397 ns) = 6.610 ns; Loc. = LCFF_X17_Y2_N1; Fanout = 4; REG Node = 'tem[0]'
        Info: Total cell delay = 1.673 ns ( 25.31 % )
        Info: Total interconnect delay = 4.937 ns ( 74.69 % )
    Info: + Micro setup delay of destination is 0.090 ns
    Info: - Shortest clock path from clock "clk" to destination register is 2.472 ns
        Info: 1: + IC(0.000 ns) + CELL(0.854 ns) = 0.854 ns; Loc. = PIN_N20; Fanout = 1; CLK Node = 'clk'
        Info: 2: + IC(0.343 ns) + CELL(0.000 ns) = 1.197 ns; Loc. = CLKCTRL_G3; Fanout = 8; COMB Node = 'clk~clkctrl'
        Info: 3: + IC(0.657 ns) + CELL(0.618 ns) = 2.472 ns; Loc. = LCFF_X17_Y2_N1; Fanout = 4; REG Node = 'tem[0]'
        Info: Total cell delay = 1.472 ns ( 59.55 % )
        Info: Total interconnect delay = 1.000 ns ( 40.45 % )
Info: tco from clock "clk" to destination pin "c[4]" through register "tem[4]" is 7.234 ns
    Info: + Longest clock path from clock "clk" to source register is 2.472 ns
        Info: 1: + IC(0.000 ns) + CELL(0.854 ns) = 0.854 ns; Loc. = PIN_N20; Fanout = 1; CLK Node = 'clk'
        Info: 2: + IC(0.343 ns) + CELL(0.000 ns) = 1.197 ns; Loc. = CLKCTRL_G3; Fanout = 8; COMB Node = 'clk~clkctrl'
        Info: 3: + IC(0.657 ns) + CELL(0.618 ns) = 2.472 ns; Loc. = LCFF_X17_Y2_N9; Fanout = 4; REG Node = 'tem[4]'
        Info: Total cell delay = 1.472 ns ( 59.55 % )
        Info: Total interconnect delay = 1.000 ns ( 40.45 % )
    Info: + Micro clock to output delay of source is 0.094 ns
    Info: + Longest register to pin delay is 4.668 ns
        Info: 1: + IC(0.000 ns) + CELL(0.000 ns) = 0.000 ns; Loc. = LCFF_X17_Y2_N9; Fanout = 4; REG Node = 'tem[4]'
        Info: 2: + IC(2.696 ns) + CELL(1.972 ns) = 4.668 ns; Loc. = PIN_B16; Fanout = 0; PIN Node = 'c[4]'
        Info: Total cell delay = 1.972 ns ( 42.25 % )
        Info: Total interconnect delay = 2.696 ns ( 57.75 % )
Info: th for register "tem[3]" (data pin = "a[3]", clock pin = "clk") is -2.213 ns
    Info: + Longest clock path from clock "clk" to destination register is 2.472 ns
        Info: 1: + IC(0.000 ns) + CELL(0.854 ns) = 0.854 ns; Loc. = PIN_N20; Fanout = 1; CLK Node = 'clk'
        Info: 2: + IC(0.343 ns) + CELL(0.000 ns) = 1.197 ns; Loc. = CLKCTRL_G3; Fanout = 8; COMB Node = 'clk~clkctrl'
        Info: 3: + IC(0.657 ns) + CELL(0.618 ns) = 2.472 ns; Loc. = LCFF_X17_Y2_N7; Fanout = 4; REG Node = 'tem[3]'
        Info: Total cell delay = 1.472 ns ( 59.55 % )
        Info: Total interconnect delay = 1.000 ns ( 40.45 % )
    Info: + Micro hold delay of destination is 0.149 ns
    Info: - Shortest pin to register delay is 4.834 ns
        Info: 1: + IC(0.000 ns) + CELL(0.809 ns) = 0.809 ns; Loc. = PIN_AA13; Fanout = 1; PIN Node = 'a[3]'
        Info: 2: + IC(3.716 ns) + CELL(0.309 ns) = 4.834 ns; Loc. = LCFF_X17_Y2_N7; Fanout = 4; REG Node = 'tem[3]'
        Info: Total cell delay = 1.118 ns ( 23.13 % )
        Info: Total interconnect delay = 3.716 ns ( 76.87 % )
Info: Quartus II Classic Timing Analyzer was successful. 0 errors, 1 warning
    Info: Peak virtual memory: 200 megabytes
    Info: Processing ended: Fri Dec 20 14:32:53 2019
    Info: Elapsed time: 00:00:00
    Info: Total CPU time (on all processors): 00:00:00


