Classic Timing Analyzer report for base
Sat Nov 02 14:36:44 2019
Quartus II Version 9.0 Build 235 06/17/2009 Service Pack 2 SJ Web Edition


---------------------
; Table of Contents ;
---------------------
  1. Legal Notice
  2. Timing Analyzer Summary
  3. Timing Analyzer Settings
  4. Clock Settings Summary
  5. Parallel Compilation
  6. Clock Setup: 'clk'
  7. tco
  8. tpd
  9. Timing Analyzer Messages



----------------
; Legal Notice ;
----------------
Copyright (C) 1991-2009 Altera Corporation
Your use of Altera Corporation's design tools, logic functions 
and other software and tools, and its AMPP partner logic 
functions, and any output files from any of the foregoing 
(including device programming or simulation files), and any 
associated documentation or information are expressly subject 
to the terms and conditions of the Altera Program License 
Subscription Agreement, Altera MegaCore Function License 
Agreement, or other applicable license agreement, including, 
without limitation, that your use is for the sole purpose of 
programming logic devices manufactured by Altera and sold by 
Altera or its authorized distributors.  Please refer to the 
applicable agreement for further details.



+--------------------------------------------------------------------------------------------------------------------------------------------------------------------+
; Timing Analyzer Summary                                                                                                                                            ;
+------------------------------+-------+---------------+----------------------------------+-----------------+-----------------+------------+----------+--------------+
; Type                         ; Slack ; Required Time ; Actual Time                      ; From            ; To              ; From Clock ; To Clock ; Failed Paths ;
+------------------------------+-------+---------------+----------------------------------+-----------------+-----------------+------------+----------+--------------+
; Worst-case tco               ; N/A   ; None          ; 14.295 ns                        ; mod8:inst|iq[0] ; dout[6]         ; clk        ; --       ; 0            ;
; Worst-case tpd               ; N/A   ; None          ; 41.284 ns                        ; vec[6]          ; dout[4]         ; --         ; --       ; 0            ;
; Clock Setup: 'clk'           ; N/A   ; None          ; 188.01 MHz ( period = 5.319 ns ) ; mod8:inst|iq[2] ; mod8:inst|iq[3] ; clk        ; clk      ; 0            ;
; Total number of failed paths ;       ;               ;                                  ;                 ;                 ;            ;          ; 0            ;
+------------------------------+-------+---------------+----------------------------------+-----------------+-----------------+------------+----------+--------------+


+--------------------------------------------------------------------------------------------------------------------+
; Timing Analyzer Settings                                                                                           ;
+---------------------------------------------------------------------+--------------------+------+----+-------------+
; Option                                                              ; Setting            ; From ; To ; Entity Name ;
+---------------------------------------------------------------------+--------------------+------+----+-------------+
; Device Name                                                         ; EP1C6Q240C8        ;      ;    ;             ;
; Timing Models                                                       ; Final              ;      ;    ;             ;
; Default hold multicycle                                             ; Same as Multicycle ;      ;    ;             ;
; Cut paths between unrelated clock domains                           ; On                 ;      ;    ;             ;
; Cut off read during write signal paths                              ; On                 ;      ;    ;             ;
; Cut off feedback from I/O pins                                      ; On                 ;      ;    ;             ;
; Report Combined Fast/Slow Timing                                    ; Off                ;      ;    ;             ;
; Ignore Clock Settings                                               ; Off                ;      ;    ;             ;
; Analyze latches as synchronous elements                             ; On                 ;      ;    ;             ;
; Enable Recovery/Removal analysis                                    ; Off                ;      ;    ;             ;
; Enable Clock Latency                                                ; Off                ;      ;    ;             ;
; Use TimeQuest Timing Analyzer                                       ; Off                ;      ;    ;             ;
; Number of source nodes to report per destination node               ; 10                 ;      ;    ;             ;
; Number of destination nodes to report                               ; 10                 ;      ;    ;             ;
; Number of paths to report                                           ; 200                ;      ;    ;             ;
; Report Minimum Timing Checks                                        ; Off                ;      ;    ;             ;
; Use Fast Timing Models                                              ; Off                ;      ;    ;             ;
; Report IO Paths Separately                                          ; Off                ;      ;    ;             ;
; Perform Multicorner Analysis                                        ; Off                ;      ;    ;             ;
; Reports the worst-case path for each clock domain and analysis      ; Off                ;      ;    ;             ;
; Removes common clock path pessimism (CCPP) during slack computation ; Off                ;      ;    ;             ;
; Output I/O Timing Endpoint                                          ; Near End           ;      ;    ;             ;
+---------------------------------------------------------------------+--------------------+------+----+-------------+


+------------------------------------------------------------------------------------------------------------------------------------------------------------------------------------+
; Clock Settings Summary                                                                                                                                                             ;
+-----------------+--------------------+----------+------------------+---------------+--------------+----------+-----------------------+---------------------+--------+--------------+
; Clock Node Name ; Clock Setting Name ; Type     ; Fmax Requirement ; Early Latency ; Late Latency ; Based on ; Multiply Base Fmax by ; Divide Base Fmax by ; Offset ; Phase offset ;
+-----------------+--------------------+----------+------------------+---------------+--------------+----------+-----------------------+---------------------+--------+--------------+
; clk             ;                    ; User Pin ; None             ; 0.000 ns      ; 0.000 ns     ; --       ; N/A                   ; N/A                 ; N/A    ;              ;
+-----------------+--------------------+----------+------------------+---------------+--------------+----------+-----------------------+---------------------+--------+--------------+


+------------------------------------------+
; Parallel Compilation                     ;
+----------------------------+-------------+
; Processors                 ; Number      ;
+----------------------------+-------------+
; Number detected on machine ; 6           ;
; Maximum allowed            ; 4           ;
;                            ;             ;
; Average used               ; 1.00        ;
; Maximum used               ; 1           ;
;                            ;             ;
; Usage by Processor         ; % Time Used ;
;     1 processor            ; 100.0%      ;
;     2-6 processors         ;   0.0%      ;
+----------------------------+-------------+


+-------------------------------------------------------------------------------------------------------------------------------------------------------------------------------------------------------------------------------------------------+
; Clock Setup: 'clk'                                                                                                                                                                                                                              ;
+-----------------------------------------+-----------------------------------------------------+------------------+------------------+------------+----------+-----------------------------+---------------------------+-------------------------+
; Slack                                   ; Actual fmax (period)                                ; From             ; To               ; From Clock ; To Clock ; Required Setup Relationship ; Required Longest P2P Time ; Actual Longest P2P Time ;
+-----------------------------------------+-----------------------------------------------------+------------------+------------------+------------+----------+-----------------------------+---------------------------+-------------------------+
; N/A                                     ; 188.01 MHz ( period = 5.319 ns )                    ; mod8:inst|iq[2]  ; mod8:inst|iq[0]  ; clk        ; clk      ; None                        ; None                      ; 5.058 ns                ;
; N/A                                     ; 188.01 MHz ( period = 5.319 ns )                    ; mod8:inst|iq[2]  ; mod8:inst|iq[3]  ; clk        ; clk      ; None                        ; None                      ; 5.058 ns                ;
; N/A                                     ; 190.80 MHz ( period = 5.241 ns )                    ; mod8:inst|iq[6]  ; mod8:inst|iq[26] ; clk        ; clk      ; None                        ; None                      ; 4.980 ns                ;
; N/A                                     ; 193.65 MHz ( period = 5.164 ns )                    ; mod8:inst|iq[11] ; mod8:inst|iq[26] ; clk        ; clk      ; None                        ; None                      ; 4.903 ns                ;
; N/A                                     ; 194.14 MHz ( period = 5.151 ns )                    ; mod8:inst|iq[0]  ; mod8:inst|iq[0]  ; clk        ; clk      ; None                        ; None                      ; 4.890 ns                ;
; N/A                                     ; 194.14 MHz ( period = 5.151 ns )                    ; mod8:inst|iq[0]  ; mod8:inst|iq[3]  ; clk        ; clk      ; None                        ; None                      ; 4.890 ns                ;
; N/A                                     ; 199.64 MHz ( period = 5.009 ns )                    ; mod8:inst|iq[8]  ; mod8:inst|iq[0]  ; clk        ; clk      ; None                        ; None                      ; 4.748 ns                ;
; N/A                                     ; 199.64 MHz ( period = 5.009 ns )                    ; mod8:inst|iq[13] ; mod8:inst|iq[26] ; clk        ; clk      ; None                        ; None                      ; 4.748 ns                ;
; N/A                                     ; 199.64 MHz ( period = 5.009 ns )                    ; mod8:inst|iq[8]  ; mod8:inst|iq[3]  ; clk        ; clk      ; None                        ; None                      ; 4.748 ns                ;
; N/A                                     ; 200.28 MHz ( period = 4.993 ns )                    ; mod8:inst|iq[29] ; mod8:inst|iq[0]  ; clk        ; clk      ; None                        ; None                      ; 4.732 ns                ;
; N/A                                     ; 200.28 MHz ( period = 4.993 ns )                    ; mod8:inst|iq[29] ; mod8:inst|iq[3]  ; clk        ; clk      ; None                        ; None                      ; 4.732 ns                ;
; N/A                                     ; 202.84 MHz ( period = 4.930 ns )                    ; mod8:inst|iq[14] ; mod8:inst|iq[26] ; clk        ; clk      ; None                        ; None                      ; 4.669 ns                ;
; N/A                                     ; 202.92 MHz ( period = 4.928 ns )                    ; mod8:inst|iq[12] ; mod8:inst|iq[26] ; clk        ; clk      ; None                        ; None                      ; 4.667 ns                ;
; N/A                                     ; 205.76 MHz ( period = 4.860 ns )                    ; mod8:inst|iq[12] ; mod8:inst|iq[0]  ; clk        ; clk      ; None                        ; None                      ; 4.599 ns                ;
; N/A                                     ; 205.76 MHz ( period = 4.860 ns )                    ; mod8:inst|iq[12] ; mod8:inst|iq[3]  ; clk        ; clk      ; None                        ; None                      ; 4.599 ns                ;
; N/A                                     ; 206.31 MHz ( period = 4.847 ns )                    ; mod8:inst|iq[17] ; mod8:inst|iq[26] ; clk        ; clk      ; None                        ; None                      ; 4.586 ns                ;
; N/A                                     ; 206.36 MHz ( period = 4.846 ns )                    ; mod8:inst|iq[7]  ; mod8:inst|iq[0]  ; clk        ; clk      ; None                        ; None                      ; 4.585 ns                ;
; N/A                                     ; 206.36 MHz ( period = 4.846 ns )                    ; mod8:inst|iq[7]  ; mod8:inst|iq[3]  ; clk        ; clk      ; None                        ; None                      ; 4.585 ns                ;
; N/A                                     ; 207.08 MHz ( period = 4.829 ns )                    ; mod8:inst|iq[2]  ; mod8:inst|iq[26] ; clk        ; clk      ; None                        ; None                      ; 4.568 ns                ;
; N/A                                     ; 207.34 MHz ( period = 4.823 ns )                    ; mod8:inst|iq[20] ; mod8:inst|iq[0]  ; clk        ; clk      ; None                        ; None                      ; 4.562 ns                ;
; N/A                                     ; 207.34 MHz ( period = 4.823 ns )                    ; mod8:inst|iq[20] ; mod8:inst|iq[3]  ; clk        ; clk      ; None                        ; None                      ; 4.562 ns                ;
; N/A                                     ; 207.38 MHz ( period = 4.822 ns )                    ; mod8:inst|iq[28] ; mod8:inst|iq[0]  ; clk        ; clk      ; None                        ; None                      ; 4.561 ns                ;
; N/A                                     ; 207.38 MHz ( period = 4.822 ns )                    ; mod8:inst|iq[28] ; mod8:inst|iq[3]  ; clk        ; clk      ; None                        ; None                      ; 4.561 ns                ;
; N/A                                     ; 208.07 MHz ( period = 4.806 ns )                    ; mod8:inst|iq[16] ; mod8:inst|iq[26] ; clk        ; clk      ; None                        ; None                      ; 4.545 ns                ;
; N/A                                     ; 208.59 MHz ( period = 4.794 ns )                    ; mod8:inst|iq[20] ; mod8:inst|iq[26] ; clk        ; clk      ; None                        ; None                      ; 4.533 ns                ;
; N/A                                     ; 209.25 MHz ( period = 4.779 ns )                    ; mod8:inst|iq[15] ; mod8:inst|iq[26] ; clk        ; clk      ; None                        ; None                      ; 4.518 ns                ;
; N/A                                     ; 210.93 MHz ( period = 4.741 ns )                    ; mod8:inst|iq[1]  ; mod8:inst|iq[26] ; clk        ; clk      ; None                        ; None                      ; 4.480 ns                ;
; N/A                                     ; 211.10 MHz ( period = 4.737 ns )                    ; mod8:inst|iq[27] ; mod8:inst|iq[0]  ; clk        ; clk      ; None                        ; None                      ; 4.476 ns                ;
; N/A                                     ; 211.10 MHz ( period = 4.737 ns )                    ; mod8:inst|iq[3]  ; mod8:inst|iq[26] ; clk        ; clk      ; None                        ; None                      ; 4.476 ns                ;
; N/A                                     ; 211.10 MHz ( period = 4.737 ns )                    ; mod8:inst|iq[27] ; mod8:inst|iq[3]  ; clk        ; clk      ; None                        ; None                      ; 4.476 ns                ;
; N/A                                     ; 211.24 MHz ( period = 4.734 ns )                    ; mod8:inst|iq[4]  ; mod8:inst|iq[0]  ; clk        ; clk      ; None                        ; None                      ; 4.473 ns                ;
; N/A                                     ; 211.24 MHz ( period = 4.734 ns )                    ; mod8:inst|iq[4]  ; mod8:inst|iq[3]  ; clk        ; clk      ; None                        ; None                      ; 4.473 ns                ;
; N/A                                     ; 211.64 MHz ( period = 4.725 ns )                    ; mod8:inst|iq[5]  ; mod8:inst|iq[26] ; clk        ; clk      ; None                        ; None                      ; 4.464 ns                ;
; N/A                                     ; 212.49 MHz ( period = 4.706 ns )                    ; mod8:inst|iq[4]  ; mod8:inst|iq[26] ; clk        ; clk      ; None                        ; None                      ; 4.445 ns                ;
; N/A                                     ; 212.99 MHz ( period = 4.695 ns )                    ; mod8:inst|iq[17] ; mod8:inst|iq[0]  ; clk        ; clk      ; None                        ; None                      ; 4.434 ns                ;
; N/A                                     ; 212.99 MHz ( period = 4.695 ns )                    ; mod8:inst|iq[17] ; mod8:inst|iq[3]  ; clk        ; clk      ; None                        ; None                      ; 4.434 ns                ;
; N/A                                     ; 213.27 MHz ( period = 4.689 ns )                    ; mod8:inst|iq[13] ; mod8:inst|iq[0]  ; clk        ; clk      ; None                        ; None                      ; 4.428 ns                ;
; N/A                                     ; 213.27 MHz ( period = 4.689 ns )                    ; mod8:inst|iq[13] ; mod8:inst|iq[3]  ; clk        ; clk      ; None                        ; None                      ; 4.428 ns                ;
; N/A                                     ; 215.84 MHz ( period = 4.633 ns )                    ; mod8:inst|iq[7]  ; mod8:inst|iq[26] ; clk        ; clk      ; None                        ; None                      ; 4.372 ns                ;
; N/A                                     ; 217.20 MHz ( period = 4.604 ns )                    ; mod8:inst|iq[0]  ; mod8:inst|iq[26] ; clk        ; clk      ; None                        ; None                      ; 4.343 ns                ;
; N/A                                     ; 218.44 MHz ( period = 4.578 ns )                    ; mod8:inst|iq[8]  ; mod8:inst|iq[26] ; clk        ; clk      ; None                        ; None                      ; 4.317 ns                ;
; N/A                                     ; 218.87 MHz ( period = 4.569 ns )                    ; mod8:inst|iq[6]  ; mod8:inst|iq[27] ; clk        ; clk      ; None                        ; None                      ; 4.308 ns                ;
; N/A                                     ; 218.91 MHz ( period = 4.568 ns )                    ; mod8:inst|iq[1]  ; mod8:inst|iq[0]  ; clk        ; clk      ; None                        ; None                      ; 4.307 ns                ;
; N/A                                     ; 218.91 MHz ( period = 4.568 ns )                    ; mod8:inst|iq[1]  ; mod8:inst|iq[3]  ; clk        ; clk      ; None                        ; None                      ; 4.307 ns                ;
; N/A                                     ; 219.06 MHz ( period = 4.565 ns )                    ; mod8:inst|iq[6]  ; mod8:inst|iq[20] ; clk        ; clk      ; None                        ; None                      ; 4.304 ns                ;
; N/A                                     ; 219.11 MHz ( period = 4.564 ns )                    ; mod8:inst|iq[5]  ; mod8:inst|iq[0]  ; clk        ; clk      ; None                        ; None                      ; 4.303 ns                ;
; N/A                                     ; 219.11 MHz ( period = 4.564 ns )                    ; mod8:inst|iq[5]  ; mod8:inst|iq[3]  ; clk        ; clk      ; None                        ; None                      ; 4.303 ns                ;
; N/A                                     ; 220.17 MHz ( period = 4.542 ns )                    ; mod8:inst|iq[16] ; mod8:inst|iq[0]  ; clk        ; clk      ; None                        ; None                      ; 4.281 ns                ;
; N/A                                     ; 220.17 MHz ( period = 4.542 ns )                    ; mod8:inst|iq[16] ; mod8:inst|iq[3]  ; clk        ; clk      ; None                        ; None                      ; 4.281 ns                ;
; N/A                                     ; 220.60 MHz ( period = 4.533 ns )                    ; mod8:inst|iq[9]  ; mod8:inst|iq[0]  ; clk        ; clk      ; None                        ; None                      ; 4.272 ns                ;
; N/A                                     ; 220.60 MHz ( period = 4.533 ns )                    ; mod8:inst|iq[9]  ; mod8:inst|iq[3]  ; clk        ; clk      ; None                        ; None                      ; 4.272 ns                ;
; N/A                                     ; 220.65 MHz ( period = 4.532 ns )                    ; mod8:inst|iq[6]  ; mod8:inst|iq[22] ; clk        ; clk      ; None                        ; None                      ; 4.271 ns                ;
; N/A                                     ; 222.17 MHz ( period = 4.501 ns )                    ; mod8:inst|iq[9]  ; mod8:inst|iq[26] ; clk        ; clk      ; None                        ; None                      ; 4.240 ns                ;
; N/A                                     ; 222.62 MHz ( period = 4.492 ns )                    ; mod8:inst|iq[11] ; mod8:inst|iq[27] ; clk        ; clk      ; None                        ; None                      ; 4.231 ns                ;
; N/A                                     ; 222.82 MHz ( period = 4.488 ns )                    ; mod8:inst|iq[11] ; mod8:inst|iq[20] ; clk        ; clk      ; None                        ; None                      ; 4.227 ns                ;
; N/A                                     ; 223.46 MHz ( period = 4.475 ns )                    ; mod8:inst|iq[3]  ; mod8:inst|iq[0]  ; clk        ; clk      ; None                        ; None                      ; 4.214 ns                ;
; N/A                                     ; 223.46 MHz ( period = 4.475 ns )                    ; mod8:inst|iq[10] ; mod8:inst|iq[26] ; clk        ; clk      ; None                        ; None                      ; 4.214 ns                ;
; N/A                                     ; 223.46 MHz ( period = 4.475 ns )                    ; mod8:inst|iq[3]  ; mod8:inst|iq[3]  ; clk        ; clk      ; None                        ; None                      ; 4.214 ns                ;
; N/A                                     ; 224.47 MHz ( period = 4.455 ns )                    ; mod8:inst|iq[11] ; mod8:inst|iq[22] ; clk        ; clk      ; None                        ; None                      ; 4.194 ns                ;
; N/A                                     ; 224.47 MHz ( period = 4.455 ns )                    ; mod8:inst|iq[6]  ; mod8:inst|iq[16] ; clk        ; clk      ; None                        ; None                      ; 4.194 ns                ;
; N/A                                     ; 224.82 MHz ( period = 4.448 ns )                    ; mod8:inst|iq[6]  ; mod8:inst|iq[17] ; clk        ; clk      ; None                        ; None                      ; 4.187 ns                ;
; N/A                                     ; 227.58 MHz ( period = 4.394 ns )                    ; mod8:inst|iq[18] ; mod8:inst|iq[26] ; clk        ; clk      ; None                        ; None                      ; 4.133 ns                ;
; N/A                                     ; 228.41 MHz ( period = 4.378 ns )                    ; mod8:inst|iq[11] ; mod8:inst|iq[0]  ; clk        ; clk      ; None                        ; None                      ; 4.117 ns                ;
; N/A                                     ; 228.41 MHz ( period = 4.378 ns )                    ; mod8:inst|iq[11] ; mod8:inst|iq[16] ; clk        ; clk      ; None                        ; None                      ; 4.117 ns                ;
; N/A                                     ; 228.41 MHz ( period = 4.378 ns )                    ; mod8:inst|iq[11] ; mod8:inst|iq[3]  ; clk        ; clk      ; None                        ; None                      ; 4.117 ns                ;
; N/A                                     ; 228.78 MHz ( period = 4.371 ns )                    ; mod8:inst|iq[11] ; mod8:inst|iq[17] ; clk        ; clk      ; None                        ; None                      ; 4.110 ns                ;
; N/A                                     ; 229.99 MHz ( period = 4.348 ns )                    ; mod8:inst|iq[22] ; mod8:inst|iq[26] ; clk        ; clk      ; None                        ; None                      ; 4.087 ns                ;
; N/A                                     ; 230.20 MHz ( period = 4.344 ns )                    ; mod8:inst|iq[6]  ; mod8:inst|iq[15] ; clk        ; clk      ; None                        ; None                      ; 4.083 ns                ;
; N/A                                     ; 230.57 MHz ( period = 4.337 ns )                    ; mod8:inst|iq[13] ; mod8:inst|iq[27] ; clk        ; clk      ; None                        ; None                      ; 4.076 ns                ;
; N/A                                     ; 230.79 MHz ( period = 4.333 ns )                    ; mod8:inst|iq[13] ; mod8:inst|iq[20] ; clk        ; clk      ; None                        ; None                      ; 4.072 ns                ;
; N/A                                     ; 231.37 MHz ( period = 4.322 ns )                    ; mod8:inst|iq[6]  ; mod8:inst|iq[25] ; clk        ; clk      ; None                        ; None                      ; 4.061 ns                ;
; N/A                                     ; 231.75 MHz ( period = 4.315 ns )                    ; mod8:inst|iq[6]  ; mod8:inst|iq[24] ; clk        ; clk      ; None                        ; None                      ; 4.054 ns                ;
; N/A                                     ; 231.80 MHz ( period = 4.314 ns )                    ; mod8:inst|iq[15] ; mod8:inst|iq[0]  ; clk        ; clk      ; None                        ; None                      ; 4.053 ns                ;
; N/A                                     ; 231.80 MHz ( period = 4.314 ns )                    ; mod8:inst|iq[15] ; mod8:inst|iq[3]  ; clk        ; clk      ; None                        ; None                      ; 4.053 ns                ;
; N/A                                     ; 232.56 MHz ( period = 4.300 ns )                    ; mod8:inst|iq[13] ; mod8:inst|iq[22] ; clk        ; clk      ; None                        ; None                      ; 4.039 ns                ;
; N/A                                     ; 232.61 MHz ( period = 4.299 ns )                    ; mod8:inst|iq[6]  ; mod8:inst|iq[29] ; clk        ; clk      ; None                        ; None                      ; 4.038 ns                ;
; N/A                                     ; 233.48 MHz ( period = 4.283 ns )                    ; mod8:inst|iq[21] ; mod8:inst|iq[26] ; clk        ; clk      ; None                        ; None                      ; 4.022 ns                ;
; N/A                                     ; 233.92 MHz ( period = 4.275 ns )                    ; mod8:inst|iq[10] ; mod8:inst|iq[0]  ; clk        ; clk      ; None                        ; None                      ; 4.014 ns                ;
; N/A                                     ; 233.92 MHz ( period = 4.275 ns )                    ; mod8:inst|iq[10] ; mod8:inst|iq[3]  ; clk        ; clk      ; None                        ; None                      ; 4.014 ns                ;
; N/A                                     ; 234.85 MHz ( period = 4.258 ns )                    ; mod8:inst|iq[14] ; mod8:inst|iq[27] ; clk        ; clk      ; None                        ; None                      ; 3.997 ns                ;
; N/A                                     ; 234.96 MHz ( period = 4.256 ns )                    ; mod8:inst|iq[12] ; mod8:inst|iq[27] ; clk        ; clk      ; None                        ; None                      ; 3.995 ns                ;
; N/A                                     ; 235.07 MHz ( period = 4.254 ns )                    ; mod8:inst|iq[14] ; mod8:inst|iq[20] ; clk        ; clk      ; None                        ; None                      ; 3.993 ns                ;
; N/A                                     ; 235.18 MHz ( period = 4.252 ns )                    ; mod8:inst|iq[12] ; mod8:inst|iq[20] ; clk        ; clk      ; None                        ; None                      ; 3.991 ns                ;
; N/A                                     ; 235.40 MHz ( period = 4.248 ns )                    ; mod8:inst|iq[6]  ; mod8:inst|iq[19] ; clk        ; clk      ; None                        ; None                      ; 3.987 ns                ;
; N/A                                     ; 235.57 MHz ( period = 4.245 ns )                    ; mod8:inst|iq[11] ; mod8:inst|iq[25] ; clk        ; clk      ; None                        ; None                      ; 3.984 ns                ;
; N/A                                     ; 235.85 MHz ( period = 4.240 ns )                    ; mod8:inst|iq[30] ; mod8:inst|iq[0]  ; clk        ; clk      ; None                        ; None                      ; 3.979 ns                ;
; N/A                                     ; 235.85 MHz ( period = 4.240 ns )                    ; mod8:inst|iq[30] ; mod8:inst|iq[3]  ; clk        ; clk      ; None                        ; None                      ; 3.979 ns                ;
; N/A                                     ; 235.96 MHz ( period = 4.238 ns )                    ; mod8:inst|iq[11] ; mod8:inst|iq[24] ; clk        ; clk      ; None                        ; None                      ; 3.977 ns                ;
; N/A                                     ; 236.80 MHz ( period = 4.223 ns )                    ; mod8:inst|iq[13] ; mod8:inst|iq[16] ; clk        ; clk      ; None                        ; None                      ; 3.962 ns                ;
; N/A                                     ; 236.85 MHz ( period = 4.222 ns )                    ; mod8:inst|iq[11] ; mod8:inst|iq[29] ; clk        ; clk      ; None                        ; None                      ; 3.961 ns                ;
; N/A                                     ; 236.91 MHz ( period = 4.221 ns )                    ; mod8:inst|iq[14] ; mod8:inst|iq[22] ; clk        ; clk      ; None                        ; None                      ; 3.960 ns                ;
; N/A                                     ; 237.02 MHz ( period = 4.219 ns )                    ; mod8:inst|iq[12] ; mod8:inst|iq[22] ; clk        ; clk      ; None                        ; None                      ; 3.958 ns                ;
; N/A                                     ; 237.19 MHz ( period = 4.216 ns )                    ; mod8:inst|iq[13] ; mod8:inst|iq[17] ; clk        ; clk      ; None                        ; None                      ; 3.955 ns                ;
; N/A                                     ; 237.36 MHz ( period = 4.213 ns )                    ; mod8:inst|iq[6]  ; mod8:inst|iq[12] ; clk        ; clk      ; None                        ; None                      ; 3.952 ns                ;
; N/A                                     ; 237.59 MHz ( period = 4.209 ns )                    ; mod8:inst|iq[6]  ; mod8:inst|iq[13] ; clk        ; clk      ; None                        ; None                      ; 3.948 ns                ;
; N/A                                     ; 237.87 MHz ( period = 4.204 ns )                    ; mod8:inst|iq[11] ; mod8:inst|iq[15] ; clk        ; clk      ; None                        ; None                      ; 3.943 ns                ;
; N/A                                     ; 238.04 MHz ( period = 4.201 ns )                    ; mod8:inst|iq[6]  ; mod8:inst|iq[11] ; clk        ; clk      ; None                        ; None                      ; 3.940 ns                ;
; N/A                                     ; 238.44 MHz ( period = 4.194 ns )                    ; mod8:inst|iq[6]  ; mod8:inst|iq[14] ; clk        ; clk      ; None                        ; None                      ; 3.933 ns                ;
; N/A                                     ; 238.95 MHz ( period = 4.185 ns )                    ; mod8:inst|iq[24] ; mod8:inst|iq[26] ; clk        ; clk      ; None                        ; None                      ; 3.924 ns                ;
; N/A                                     ; 239.52 MHz ( period = 4.175 ns )                    ; mod8:inst|iq[17] ; mod8:inst|iq[27] ; clk        ; clk      ; None                        ; None                      ; 3.914 ns                ;
; N/A                                     ; 239.75 MHz ( period = 4.171 ns )                    ; mod8:inst|iq[11] ; mod8:inst|iq[19] ; clk        ; clk      ; None                        ; None                      ; 3.910 ns                ;
; N/A                                     ; 240.56 MHz ( period = 4.157 ns )                    ; mod8:inst|iq[2]  ; mod8:inst|iq[27] ; clk        ; clk      ; None                        ; None                      ; 3.896 ns                ;
; N/A                                     ; 240.79 MHz ( period = 4.153 ns )                    ; mod8:inst|iq[2]  ; mod8:inst|iq[20] ; clk        ; clk      ; None                        ; None                      ; 3.892 ns                ;
; N/A                                     ; 240.85 MHz ( period = 4.152 ns )                    ; mod8:inst|iq[6]  ; mod8:inst|iq[23] ; clk        ; clk      ; None                        ; None                      ; 3.891 ns                ;
; N/A                                     ; 241.08 MHz ( period = 4.148 ns )                    ; mod8:inst|iq[19] ; mod8:inst|iq[26] ; clk        ; clk      ; None                        ; None                      ; 3.887 ns                ;
; N/A                                     ; 241.31 MHz ( period = 4.144 ns )                    ; mod8:inst|iq[6]  ; mod8:inst|iq[31] ; clk        ; clk      ; None                        ; None                      ; 3.883 ns                ;
; N/A                                     ; 241.31 MHz ( period = 4.144 ns )                    ; mod8:inst|iq[14] ; mod8:inst|iq[16] ; clk        ; clk      ; None                        ; None                      ; 3.883 ns                ;
; N/A                                     ; 241.43 MHz ( period = 4.142 ns )                    ; mod8:inst|iq[12] ; mod8:inst|iq[16] ; clk        ; clk      ; None                        ; None                      ; 3.881 ns                ;
; N/A                                     ; 241.49 MHz ( period = 4.141 ns )                    ; mod8:inst|iq[6]  ; mod8:inst|iq[30] ; clk        ; clk      ; None                        ; None                      ; 3.880 ns                ;
; N/A                                     ; 241.49 MHz ( period = 4.141 ns )                    ; mod8:inst|iq[6]  ; mod8:inst|iq[28] ; clk        ; clk      ; None                        ; None                      ; 3.880 ns                ;
; N/A                                     ; 241.66 MHz ( period = 4.138 ns )                    ; mod8:inst|iq[17] ; mod8:inst|iq[22] ; clk        ; clk      ; None                        ; None                      ; 3.877 ns                ;
; N/A                                     ; 241.72 MHz ( period = 4.137 ns )                    ; mod8:inst|iq[14] ; mod8:inst|iq[17] ; clk        ; clk      ; None                        ; None                      ; 3.876 ns                ;
; N/A                                     ; 241.84 MHz ( period = 4.135 ns )                    ; mod8:inst|iq[12] ; mod8:inst|iq[17] ; clk        ; clk      ; None                        ; None                      ; 3.874 ns                ;
; N/A                                     ; 241.90 MHz ( period = 4.134 ns )                    ; mod8:inst|iq[16] ; mod8:inst|iq[27] ; clk        ; clk      ; None                        ; None                      ; 3.873 ns                ;
; N/A                                     ; 241.90 MHz ( period = 4.134 ns )                    ; mod8:inst|iq[6]  ; mod8:inst|iq[21] ; clk        ; clk      ; None                        ; None                      ; 3.873 ns                ;
; N/A                                     ; 242.42 MHz ( period = 4.125 ns )                    ; mod8:inst|iq[14] ; mod8:inst|iq[0]  ; clk        ; clk      ; None                        ; None                      ; 3.864 ns                ;
; N/A                                     ; 242.42 MHz ( period = 4.125 ns )                    ; mod8:inst|iq[23] ; mod8:inst|iq[26] ; clk        ; clk      ; None                        ; None                      ; 3.864 ns                ;
; N/A                                     ; 242.42 MHz ( period = 4.125 ns )                    ; mod8:inst|iq[14] ; mod8:inst|iq[3]  ; clk        ; clk      ; None                        ; None                      ; 3.864 ns                ;
; N/A                                     ; 242.60 MHz ( period = 4.122 ns )                    ; mod8:inst|iq[20] ; mod8:inst|iq[27] ; clk        ; clk      ; None                        ; None                      ; 3.861 ns                ;
; N/A                                     ; 242.72 MHz ( period = 4.120 ns )                    ; mod8:inst|iq[2]  ; mod8:inst|iq[22] ; clk        ; clk      ; None                        ; None                      ; 3.859 ns                ;
; N/A                                     ; 243.49 MHz ( period = 4.107 ns )                    ; mod8:inst|iq[15] ; mod8:inst|iq[27] ; clk        ; clk      ; None                        ; None                      ; 3.846 ns                ;
; N/A                                     ; 243.72 MHz ( period = 4.103 ns )                    ; mod8:inst|iq[31] ; mod8:inst|iq[0]  ; clk        ; clk      ; None                        ; None                      ; 3.842 ns                ;
; N/A                                     ; 243.72 MHz ( period = 4.103 ns )                    ; mod8:inst|iq[21] ; mod8:inst|iq[0]  ; clk        ; clk      ; None                        ; None                      ; 3.842 ns                ;
; N/A                                     ; 243.72 MHz ( period = 4.103 ns )                    ; mod8:inst|iq[15] ; mod8:inst|iq[20] ; clk        ; clk      ; None                        ; None                      ; 3.842 ns                ;
; N/A                                     ; 243.72 MHz ( period = 4.103 ns )                    ; mod8:inst|iq[31] ; mod8:inst|iq[3]  ; clk        ; clk      ; None                        ; None                      ; 3.842 ns                ;
; N/A                                     ; 243.72 MHz ( period = 4.103 ns )                    ; mod8:inst|iq[21] ; mod8:inst|iq[3]  ; clk        ; clk      ; None                        ; None                      ; 3.842 ns                ;
; N/A                                     ; 244.08 MHz ( period = 4.097 ns )                    ; mod8:inst|iq[16] ; mod8:inst|iq[22] ; clk        ; clk      ; None                        ; None                      ; 3.836 ns                ;
; N/A                                     ; 244.50 MHz ( period = 4.090 ns )                    ; mod8:inst|iq[13] ; mod8:inst|iq[25] ; clk        ; clk      ; None                        ; None                      ; 3.829 ns                ;
; N/A                                     ; 244.62 MHz ( period = 4.088 ns )                    ; mod8:inst|iq[2]  ; mod8:inst|iq[6]  ; clk        ; clk      ; None                        ; None                      ; 3.827 ns                ;
; N/A                                     ; 244.80 MHz ( period = 4.085 ns )                    ; mod8:inst|iq[20] ; mod8:inst|iq[22] ; clk        ; clk      ; None                        ; None                      ; 3.824 ns                ;
; N/A                                     ; 244.92 MHz ( period = 4.083 ns )                    ; mod8:inst|iq[13] ; mod8:inst|iq[24] ; clk        ; clk      ; None                        ; None                      ; 3.822 ns                ;
; N/A                                     ; 245.40 MHz ( period = 4.075 ns )                    ; mod8:inst|iq[11] ; mod8:inst|iq[23] ; clk        ; clk      ; None                        ; None                      ; 3.814 ns                ;
; N/A                                     ; 245.52 MHz ( period = 4.073 ns )                    ; mod8:inst|iq[17] ; mod8:inst|iq[20] ; clk        ; clk      ; None                        ; None                      ; 3.812 ns                ;
; N/A                                     ; 245.70 MHz ( period = 4.070 ns )                    ; mod8:inst|iq[15] ; mod8:inst|iq[22] ; clk        ; clk      ; None                        ; None                      ; 3.809 ns                ;
; N/A                                     ; 245.76 MHz ( period = 4.069 ns )                    ; mod8:inst|iq[1]  ; mod8:inst|iq[27] ; clk        ; clk      ; None                        ; None                      ; 3.808 ns                ;
; N/A                                     ; 245.88 MHz ( period = 4.067 ns )                    ; mod8:inst|iq[11] ; mod8:inst|iq[31] ; clk        ; clk      ; None                        ; None                      ; 3.806 ns                ;
; N/A                                     ; 245.88 MHz ( period = 4.067 ns )                    ; mod8:inst|iq[13] ; mod8:inst|iq[29] ; clk        ; clk      ; None                        ; None                      ; 3.806 ns                ;
; N/A                                     ; 246.00 MHz ( period = 4.065 ns )                    ; mod8:inst|iq[3]  ; mod8:inst|iq[27] ; clk        ; clk      ; None                        ; None                      ; 3.804 ns                ;
; N/A                                     ; 246.00 MHz ( period = 4.065 ns )                    ; mod8:inst|iq[1]  ; mod8:inst|iq[20] ; clk        ; clk      ; None                        ; None                      ; 3.804 ns                ;
; N/A                                     ; 246.06 MHz ( period = 4.064 ns )                    ; mod8:inst|iq[11] ; mod8:inst|iq[30] ; clk        ; clk      ; None                        ; None                      ; 3.803 ns                ;
; N/A                                     ; 246.06 MHz ( period = 4.064 ns )                    ; mod8:inst|iq[11] ; mod8:inst|iq[28] ; clk        ; clk      ; None                        ; None                      ; 3.803 ns                ;
; N/A                                     ; 246.24 MHz ( period = 4.061 ns )                    ; mod8:inst|iq[3]  ; mod8:inst|iq[20] ; clk        ; clk      ; None                        ; None                      ; 3.800 ns                ;
; N/A                                     ; 246.49 MHz ( period = 4.057 ns )                    ; mod8:inst|iq[11] ; mod8:inst|iq[21] ; clk        ; clk      ; None                        ; None                      ; 3.796 ns                ;
; N/A                                     ; 246.73 MHz ( period = 4.053 ns )                    ; mod8:inst|iq[5]  ; mod8:inst|iq[27] ; clk        ; clk      ; None                        ; None                      ; 3.792 ns                ;
; N/A                                     ; 246.73 MHz ( period = 4.053 ns )                    ; mod8:inst|iq[6]  ; mod8:inst|iq[18] ; clk        ; clk      ; None                        ; None                      ; 3.792 ns                ;
; N/A                                     ; 246.97 MHz ( period = 4.049 ns )                    ; mod8:inst|iq[5]  ; mod8:inst|iq[20] ; clk        ; clk      ; None                        ; None                      ; 3.788 ns                ;
; N/A                                     ; 246.97 MHz ( period = 4.049 ns )                    ; mod8:inst|iq[13] ; mod8:inst|iq[15] ; clk        ; clk      ; None                        ; None                      ; 3.788 ns                ;
; N/A                                     ; 247.34 MHz ( period = 4.043 ns )                    ; mod8:inst|iq[2]  ; mod8:inst|iq[16] ; clk        ; clk      ; None                        ; None                      ; 3.782 ns                ;
; N/A                                     ; 247.77 MHz ( period = 4.036 ns )                    ; mod8:inst|iq[2]  ; mod8:inst|iq[17] ; clk        ; clk      ; None                        ; None                      ; 3.775 ns                ;
; N/A                                     ; 247.89 MHz ( period = 4.034 ns )                    ; mod8:inst|iq[4]  ; mod8:inst|iq[27] ; clk        ; clk      ; None                        ; None                      ; 3.773 ns                ;
; N/A                                     ; 248.02 MHz ( period = 4.032 ns )                    ; mod8:inst|iq[16] ; mod8:inst|iq[20] ; clk        ; clk      ; None                        ; None                      ; 3.771 ns                ;
; N/A                                     ; 248.02 MHz ( period = 4.032 ns )                    ; mod8:inst|iq[1]  ; mod8:inst|iq[22] ; clk        ; clk      ; None                        ; None                      ; 3.771 ns                ;
; N/A                                     ; 248.14 MHz ( period = 4.030 ns )                    ; mod8:inst|iq[4]  ; mod8:inst|iq[20] ; clk        ; clk      ; None                        ; None                      ; 3.769 ns                ;
; N/A                                     ; 248.26 MHz ( period = 4.028 ns )                    ; mod8:inst|iq[3]  ; mod8:inst|iq[22] ; clk        ; clk      ; None                        ; None                      ; 3.767 ns                ;
; N/A                                     ; 248.88 MHz ( period = 4.018 ns )                    ; mod8:inst|iq[25] ; mod8:inst|iq[26] ; clk        ; clk      ; None                        ; None                      ; 3.757 ns                ;
; N/A                                     ; 249.00 MHz ( period = 4.016 ns )                    ; mod8:inst|iq[5]  ; mod8:inst|iq[22] ; clk        ; clk      ; None                        ; None                      ; 3.755 ns                ;
; N/A                                     ; 249.00 MHz ( period = 4.016 ns )                    ; mod8:inst|iq[13] ; mod8:inst|iq[19] ; clk        ; clk      ; None                        ; None                      ; 3.755 ns                ;
; N/A                                     ; 249.31 MHz ( period = 4.011 ns )                    ; mod8:inst|iq[14] ; mod8:inst|iq[25] ; clk        ; clk      ; None                        ; None                      ; 3.750 ns                ;
; N/A                                     ; 249.44 MHz ( period = 4.009 ns )                    ; mod8:inst|iq[12] ; mod8:inst|iq[25] ; clk        ; clk      ; None                        ; None                      ; 3.748 ns                ;
; N/A                                     ; 249.75 MHz ( period = 4.004 ns )                    ; mod8:inst|iq[14] ; mod8:inst|iq[24] ; clk        ; clk      ; None                        ; None                      ; 3.743 ns                ;
; N/A                                     ; 249.88 MHz ( period = 4.002 ns )                    ; mod8:inst|iq[12] ; mod8:inst|iq[24] ; clk        ; clk      ; None                        ; None                      ; 3.741 ns                ;
; N/A                                     ; 250.00 MHz ( period = 4.000 ns )                    ; mod8:inst|iq[1]  ; mod8:inst|iq[6]  ; clk        ; clk      ; None                        ; None                      ; 3.739 ns                ;
; N/A                                     ; 250.06 MHz ( period = 3.999 ns )                    ; mod8:inst|iq[6]  ; mod8:inst|iq[0]  ; clk        ; clk      ; None                        ; None                      ; 3.738 ns                ;
; N/A                                     ; 250.06 MHz ( period = 3.999 ns )                    ; mod8:inst|iq[6]  ; mod8:inst|iq[3]  ; clk        ; clk      ; None                        ; None                      ; 3.738 ns                ;
; N/A                                     ; 250.19 MHz ( period = 3.997 ns )                    ; mod8:inst|iq[4]  ; mod8:inst|iq[22] ; clk        ; clk      ; None                        ; None                      ; 3.736 ns                ;
; N/A                                     ; 250.25 MHz ( period = 3.996 ns )                    ; mod8:inst|iq[3]  ; mod8:inst|iq[6]  ; clk        ; clk      ; None                        ; None                      ; 3.735 ns                ;
; N/A                                     ; 250.44 MHz ( period = 3.993 ns )                    ; mod8:inst|iq[15] ; mod8:inst|iq[16] ; clk        ; clk      ; None                        ; None                      ; 3.732 ns                ;
; N/A                                     ; 250.44 MHz ( period = 3.993 ns )                    ; mod8:inst|iq[6]  ; mod8:inst|iq[10] ; clk        ; clk      ; None                        ; None                      ; 3.732 ns                ;
; N/A                                     ; 250.75 MHz ( period = 3.988 ns )                    ; mod8:inst|iq[14] ; mod8:inst|iq[29] ; clk        ; clk      ; None                        ; None                      ; 3.727 ns                ;
; N/A                                     ; 250.88 MHz ( period = 3.986 ns )                    ; mod8:inst|iq[12] ; mod8:inst|iq[29] ; clk        ; clk      ; None                        ; None                      ; 3.725 ns                ;
; N/A                                     ; 250.88 MHz ( period = 3.986 ns )                    ; mod8:inst|iq[15] ; mod8:inst|iq[17] ; clk        ; clk      ; None                        ; None                      ; 3.725 ns                ;
; N/A                                     ; 251.00 MHz ( period = 3.984 ns )                    ; mod8:inst|iq[5]  ; mod8:inst|iq[6]  ; clk        ; clk      ; None                        ; None                      ; 3.723 ns                ;
; N/A                                     ; 251.51 MHz ( period = 3.976 ns )                    ; mod8:inst|iq[11] ; mod8:inst|iq[18] ; clk        ; clk      ; None                        ; None                      ; 3.715 ns                ;
; N/A                                     ; 251.64 MHz ( period = 3.974 ns )                    ; mod8:inst|iq[11] ; mod8:inst|iq[14] ; clk        ; clk      ; None                        ; None                      ; 3.713 ns                ;
; N/A                                     ; 252.02 MHz ( period = 3.968 ns )                    ; mod8:inst|iq[14] ; mod8:inst|iq[15] ; clk        ; clk      ; None                        ; None                      ; 3.707 ns                ;
; N/A                                     ; 252.02 MHz ( period = 3.968 ns )                    ; mod8:inst|iq[12] ; mod8:inst|iq[15] ; clk        ; clk      ; None                        ; None                      ; 3.707 ns                ;
; N/A                                     ; 252.21 MHz ( period = 3.965 ns )                    ; mod8:inst|iq[4]  ; mod8:inst|iq[6]  ; clk        ; clk      ; None                        ; None                      ; 3.704 ns                ;
; N/A                                     ; 252.46 MHz ( period = 3.961 ns )                    ; mod8:inst|iq[7]  ; mod8:inst|iq[27] ; clk        ; clk      ; None                        ; None                      ; 3.700 ns                ;
; N/A                                     ; 252.72 MHz ( period = 3.957 ns )                    ; mod8:inst|iq[7]  ; mod8:inst|iq[20] ; clk        ; clk      ; None                        ; None                      ; 3.696 ns                ;
; N/A                                     ; 252.84 MHz ( period = 3.955 ns )                    ; mod8:inst|iq[1]  ; mod8:inst|iq[16] ; clk        ; clk      ; None                        ; None                      ; 3.694 ns                ;
; N/A                                     ; 253.10 MHz ( period = 3.951 ns )                    ; mod8:inst|iq[3]  ; mod8:inst|iq[16] ; clk        ; clk      ; None                        ; None                      ; 3.690 ns                ;
; N/A                                     ; 253.29 MHz ( period = 3.948 ns )                    ; mod8:inst|iq[1]  ; mod8:inst|iq[17] ; clk        ; clk      ; None                        ; None                      ; 3.687 ns                ;
; N/A                                     ; 253.55 MHz ( period = 3.944 ns )                    ; mod8:inst|iq[3]  ; mod8:inst|iq[17] ; clk        ; clk      ; None                        ; None                      ; 3.683 ns                ;
; N/A                                     ; 253.87 MHz ( period = 3.939 ns )                    ; mod8:inst|iq[5]  ; mod8:inst|iq[16] ; clk        ; clk      ; None                        ; None                      ; 3.678 ns                ;
; N/A                                     ; 254.00 MHz ( period = 3.937 ns )                    ; mod8:inst|iq[19] ; mod8:inst|iq[0]  ; clk        ; clk      ; None                        ; None                      ; 3.676 ns                ;
; N/A                                     ; 254.00 MHz ( period = 3.937 ns )                    ; mod8:inst|iq[14] ; mod8:inst|iq[19] ; clk        ; clk      ; None                        ; None                      ; 3.676 ns                ;
; N/A                                     ; 254.00 MHz ( period = 3.937 ns )                    ; mod8:inst|iq[19] ; mod8:inst|iq[3]  ; clk        ; clk      ; None                        ; None                      ; 3.676 ns                ;
; N/A                                     ; 254.13 MHz ( period = 3.935 ns )                    ; mod8:inst|iq[12] ; mod8:inst|iq[19] ; clk        ; clk      ; None                        ; None                      ; 3.674 ns                ;
; N/A                                     ; 254.32 MHz ( period = 3.932 ns )                    ; mod8:inst|iq[0]  ; mod8:inst|iq[27] ; clk        ; clk      ; None                        ; None                      ; 3.671 ns                ;
; N/A                                     ; 254.32 MHz ( period = 3.932 ns )                    ; mod8:inst|iq[2]  ; mod8:inst|iq[15] ; clk        ; clk      ; None                        ; None                      ; 3.671 ns                ;
; N/A                                     ; 254.32 MHz ( period = 3.932 ns )                    ; mod8:inst|iq[5]  ; mod8:inst|iq[17] ; clk        ; clk      ; None                        ; None                      ; 3.671 ns                ;
; N/A                                     ; 254.58 MHz ( period = 3.928 ns )                    ; mod8:inst|iq[17] ; mod8:inst|iq[25] ; clk        ; clk      ; None                        ; None                      ; 3.667 ns                ;
; N/A                                     ; 254.58 MHz ( period = 3.928 ns )                    ; mod8:inst|iq[0]  ; mod8:inst|iq[20] ; clk        ; clk      ; None                        ; None                      ; 3.667 ns                ;
; N/A                                     ; 254.84 MHz ( period = 3.924 ns )                    ; mod8:inst|iq[23] ; mod8:inst|iq[0]  ; clk        ; clk      ; None                        ; None                      ; 3.663 ns                ;
; N/A                                     ; 254.84 MHz ( period = 3.924 ns )                    ; mod8:inst|iq[7]  ; mod8:inst|iq[22] ; clk        ; clk      ; None                        ; None                      ; 3.663 ns                ;
; N/A                                     ; 254.84 MHz ( period = 3.924 ns )                    ; mod8:inst|iq[23] ; mod8:inst|iq[3]  ; clk        ; clk      ; None                        ; None                      ; 3.663 ns                ;
; N/A                                     ; 255.04 MHz ( period = 3.921 ns )                    ; mod8:inst|iq[17] ; mod8:inst|iq[24] ; clk        ; clk      ; None                        ; None                      ; 3.660 ns                ;
; N/A                                     ; 255.10 MHz ( period = 3.920 ns )                    ; mod8:inst|iq[13] ; mod8:inst|iq[23] ; clk        ; clk      ; None                        ; None                      ; 3.659 ns                ;
; N/A                                     ; 255.10 MHz ( period = 3.920 ns )                    ; mod8:inst|iq[4]  ; mod8:inst|iq[16] ; clk        ; clk      ; None                        ; None                      ; 3.659 ns                ;
; N/A                                     ; 255.56 MHz ( period = 3.913 ns )                    ; mod8:inst|iq[4]  ; mod8:inst|iq[17] ; clk        ; clk      ; None                        ; None                      ; 3.652 ns                ;
; Timing analysis restricted to 200 rows. ; To change the limit use Settings (Assignments menu) ;                  ;                  ;            ;          ;                             ;                           ;                         ;
+-----------------------------------------+-----------------------------------------------------+------------------+------------------+------------+----------+-----------------------------+---------------------------+-------------------------+


+----------------------------------------------------------------------------+
; tco                                                                        ;
+-------+--------------+------------+-----------------+---------+------------+
; Slack ; Required tco ; Actual tco ; From            ; To      ; From Clock ;
+-------+--------------+------------+-----------------+---------+------------+
; N/A   ; None         ; 14.295 ns  ; mod8:inst|iq[0] ; dout[6] ; clk        ;
; N/A   ; None         ; 14.241 ns  ; mod8:inst|iq[0] ; dout[4] ; clk        ;
; N/A   ; None         ; 14.184 ns  ; mod8:inst|iq[1] ; dout[4] ; clk        ;
; N/A   ; None         ; 14.089 ns  ; mod8:inst|iq[1] ; dout[6] ; clk        ;
; N/A   ; None         ; 13.296 ns  ; mod8:inst|iq[0] ; dout[3] ; clk        ;
; N/A   ; None         ; 13.233 ns  ; mod8:inst|iq[1] ; dout[1] ; clk        ;
; N/A   ; None         ; 12.750 ns  ; mod8:inst|iq[1] ; dout[3] ; clk        ;
; N/A   ; None         ; 12.725 ns  ; mod8:inst|iq[0] ; dout[1] ; clk        ;
; N/A   ; None         ; 12.640 ns  ; mod8:inst|iq[1] ; dout[0] ; clk        ;
; N/A   ; None         ; 12.534 ns  ; mod8:inst|iq[0] ; dout[2] ; clk        ;
; N/A   ; None         ; 12.325 ns  ; mod8:inst|iq[1] ; dout[2] ; clk        ;
; N/A   ; None         ; 12.211 ns  ; mod8:inst|iq[1] ; dout[5] ; clk        ;
; N/A   ; None         ; 12.168 ns  ; mod8:inst|iq[0] ; dout[0] ; clk        ;
; N/A   ; None         ; 12.150 ns  ; mod8:inst|iq[0] ; dout[5] ; clk        ;
; N/A   ; None         ; 10.943 ns  ; mod8:inst|iq[2] ; dout[2] ; clk        ;
; N/A   ; None         ; 10.880 ns  ; mod8:inst|iq[2] ; dout[5] ; clk        ;
; N/A   ; None         ; 10.550 ns  ; mod8:inst|iq[2] ; dout[3] ; clk        ;
; N/A   ; None         ; 10.152 ns  ; mod8:inst|iq[2] ; dout[4] ; clk        ;
; N/A   ; None         ; 9.823 ns   ; mod8:inst|iq[2] ; dout[0] ; clk        ;
; N/A   ; None         ; 9.822 ns   ; mod8:inst|iq[2] ; dout[1] ; clk        ;
; N/A   ; None         ; 8.052 ns   ; mod8:inst|iq[2] ; dout[7] ; clk        ;
; N/A   ; None         ; 7.884 ns   ; mod8:inst|iq[0] ; dout[7] ; clk        ;
; N/A   ; None         ; 7.301 ns   ; mod8:inst|iq[1] ; dout[7] ; clk        ;
; N/A   ; None         ; 7.283 ns   ; mod8:inst|iq[2] ; dout[6] ; clk        ;
; N/A   ; None         ; 7.277 ns   ; mod8:inst|iq[1] ; seg[1]  ; clk        ;
; N/A   ; None         ; 7.248 ns   ; mod8:inst|iq[2] ; seg[2]  ; clk        ;
; N/A   ; None         ; 6.973 ns   ; mod8:inst|iq[0] ; seg[0]  ; clk        ;
+-------+--------------+------------+-----------------+---------+------------+


+----------------------------------------------------------------+
; tpd                                                            ;
+-------+-------------------+-----------------+--------+---------+
; Slack ; Required P2P Time ; Actual P2P Time ; From   ; To      ;
+-------+-------------------+-----------------+--------+---------+
; N/A   ; None              ; 41.284 ns       ; vec[6] ; dout[4] ;
; N/A   ; None              ; 40.998 ns       ; vec[5] ; dout[4] ;
; N/A   ; None              ; 40.819 ns       ; vec[7] ; dout[4] ;
; N/A   ; None              ; 40.114 ns       ; vec[6] ; dout[6] ;
; N/A   ; None              ; 39.828 ns       ; vec[5] ; dout[6] ;
; N/A   ; None              ; 39.811 ns       ; vec[6] ; dout[2] ;
; N/A   ; None              ; 39.649 ns       ; vec[7] ; dout[6] ;
; N/A   ; None              ; 39.570 ns       ; vec[6] ; dout[3] ;
; N/A   ; None              ; 39.545 ns       ; vec[6] ; dout[1] ;
; N/A   ; None              ; 39.525 ns       ; vec[5] ; dout[2] ;
; N/A   ; None              ; 39.346 ns       ; vec[7] ; dout[2] ;
; N/A   ; None              ; 39.284 ns       ; vec[5] ; dout[3] ;
; N/A   ; None              ; 39.259 ns       ; vec[5] ; dout[1] ;
; N/A   ; None              ; 39.105 ns       ; vec[7] ; dout[3] ;
; N/A   ; None              ; 39.080 ns       ; vec[7] ; dout[1] ;
; N/A   ; None              ; 38.595 ns       ; vec[4] ; dout[4] ;
; N/A   ; None              ; 38.508 ns       ; vec[6] ; dout[5] ;
; N/A   ; None              ; 38.495 ns       ; vec[6] ; dout[0] ;
; N/A   ; None              ; 38.222 ns       ; vec[5] ; dout[5] ;
; N/A   ; None              ; 38.209 ns       ; vec[5] ; dout[0] ;
; N/A   ; None              ; 38.043 ns       ; vec[7] ; dout[5] ;
; N/A   ; None              ; 38.030 ns       ; vec[7] ; dout[0] ;
; N/A   ; None              ; 37.425 ns       ; vec[4] ; dout[6] ;
; N/A   ; None              ; 37.122 ns       ; vec[4] ; dout[2] ;
; N/A   ; None              ; 36.881 ns       ; vec[4] ; dout[3] ;
; N/A   ; None              ; 36.856 ns       ; vec[4] ; dout[1] ;
; N/A   ; None              ; 35.819 ns       ; vec[4] ; dout[5] ;
; N/A   ; None              ; 35.806 ns       ; vec[4] ; dout[0] ;
; N/A   ; None              ; 35.504 ns       ; vec[3] ; dout[4] ;
; N/A   ; None              ; 34.334 ns       ; vec[3] ; dout[6] ;
; N/A   ; None              ; 34.031 ns       ; vec[3] ; dout[2] ;
; N/A   ; None              ; 33.790 ns       ; vec[3] ; dout[3] ;
; N/A   ; None              ; 33.765 ns       ; vec[3] ; dout[1] ;
; N/A   ; None              ; 32.728 ns       ; vec[3] ; dout[5] ;
; N/A   ; None              ; 32.715 ns       ; vec[3] ; dout[0] ;
; N/A   ; None              ; 30.815 ns       ; vec[2] ; dout[4] ;
; N/A   ; None              ; 29.645 ns       ; vec[2] ; dout[6] ;
; N/A   ; None              ; 29.342 ns       ; vec[2] ; dout[2] ;
; N/A   ; None              ; 29.101 ns       ; vec[2] ; dout[3] ;
; N/A   ; None              ; 29.076 ns       ; vec[2] ; dout[1] ;
; N/A   ; None              ; 28.039 ns       ; vec[2] ; dout[5] ;
; N/A   ; None              ; 28.026 ns       ; vec[2] ; dout[0] ;
; N/A   ; None              ; 27.649 ns       ; vec[1] ; dout[4] ;
; N/A   ; None              ; 26.479 ns       ; vec[1] ; dout[6] ;
; N/A   ; None              ; 26.176 ns       ; vec[1] ; dout[2] ;
; N/A   ; None              ; 25.935 ns       ; vec[1] ; dout[3] ;
; N/A   ; None              ; 25.910 ns       ; vec[1] ; dout[1] ;
; N/A   ; None              ; 24.873 ns       ; vec[1] ; dout[5] ;
; N/A   ; None              ; 24.860 ns       ; vec[1] ; dout[0] ;
; N/A   ; None              ; 12.774 ns       ; vec[4] ; h[4]    ;
; N/A   ; None              ; 12.486 ns       ; vec[7] ; h[7]    ;
; N/A   ; None              ; 12.374 ns       ; vec[3] ; h[3]    ;
; N/A   ; None              ; 12.366 ns       ; vec[5] ; h[5]    ;
; N/A   ; None              ; 12.292 ns       ; vec[2] ; h[2]    ;
; N/A   ; None              ; 12.138 ns       ; vec[6] ; h[6]    ;
; N/A   ; None              ; 12.066 ns       ; vec[0] ; h[0]    ;
; N/A   ; None              ; 11.918 ns       ; vec[1] ; h[1]    ;
+-------+-------------------+-----------------+--------+---------+


+--------------------------+
; Timing Analyzer Messages ;
+--------------------------+
Info: *******************************************************************
Info: Running Quartus II Classic Timing Analyzer
    Info: Version 9.0 Build 235 06/17/2009 Service Pack 2 SJ Web Edition
    Info: Processing started: Sat Nov 02 14:36:44 2019
Info: Command: quartus_tan --read_settings_files=off --write_settings_files=off base -c base --timing_analysis_only
Info: Parallel compilation is enabled and will use 4 of the 6 processors detected
Warning: Timing Analysis is analyzing one or more combinational loops as latches
    Warning: Node "dac_b:inst2|p5[6]" is a latch
    Warning: Node "dac_b:inst2|p6[6]" is a latch
    Warning: Node "dac_b:inst2|p0[6]" is a latch
    Warning: Node "dac_b:inst2|p1[6]" is a latch
    Warning: Node "dac_b:inst2|p6[5]" is a latch
    Warning: Node "dac_b:inst2|p5[5]" is a latch
    Warning: Node "dac_b:inst2|p1[5]" is a latch
    Warning: Node "dac_b:inst2|p0[5]" is a latch
    Warning: Node "dac_b:inst2|p5[4]" is a latch
    Warning: Node "dac_b:inst2|p6[4]" is a latch
    Warning: Node "dac_b:inst2|p0[4]" is a latch
    Warning: Node "dac_b:inst2|p1[4]" is a latch
    Warning: Node "dac_b:inst2|p6[3]" is a latch
    Warning: Node "dac_b:inst2|p5[3]" is a latch
    Warning: Node "dac_b:inst2|p0[3]" is a latch
    Warning: Node "dac_b:inst2|p1[3]" is a latch
    Warning: Node "dac_b:inst2|p5[2]" is a latch
    Warning: Node "dac_b:inst2|p6[2]" is a latch
    Warning: Node "dac_b:inst2|p1[2]" is a latch
    Warning: Node "dac_b:inst2|p0[2]" is a latch
    Warning: Node "dac_b:inst2|p6[1]" is a latch
    Warning: Node "dac_b:inst2|p5[1]" is a latch
    Warning: Node "dac_b:inst2|p1[1]" is a latch
    Warning: Node "dac_b:inst2|p0[1]" is a latch
    Warning: Node "dac_b:inst2|p5[0]" is a latch
    Warning: Node "dac_b:inst2|p6[0]" is a latch
    Warning: Node "dac_b:inst2|p0[0]" is a latch
    Warning: Node "dac_b:inst2|p1[0]" is a latch
Warning: Found pins functioning as undefined clocks and/or memory enables
    Info: Assuming node "clk" is an undefined clock
Info: Clock "clk" has Internal fmax of 188.01 MHz between source register "mod8:inst|iq[2]" and destination register "mod8:inst|iq[0]" (period= 5.319 ns)
    Info: + Longest register to register delay is 5.058 ns
        Info: 1: + IC(0.000 ns) + CELL(0.000 ns) = 0.000 ns; Loc. = LC_X29_Y19_N2; Fanout = 12; REG Node = 'mod8:inst|iq[2]'
        Info: 2: + IC(0.539 ns) + CELL(0.590 ns) = 1.129 ns; Loc. = LC_X29_Y19_N0; Fanout = 2; COMB Node = 'mod8:inst|Equal0~0'
        Info: 3: + IC(1.219 ns) + CELL(0.442 ns) = 2.790 ns; Loc. = LC_X28_Y17_N7; Fanout = 1; COMB Node = 'mod8:inst|Equal0~2'
        Info: 4: + IC(0.443 ns) + CELL(0.292 ns) = 3.525 ns; Loc. = LC_X28_Y17_N4; Fanout = 2; COMB Node = 'mod8:inst|Equal0~10'
        Info: 5: + IC(1.224 ns) + CELL(0.309 ns) = 5.058 ns; Loc. = LC_X29_Y19_N3; Fanout = 22; REG Node = 'mod8:inst|iq[0]'
        Info: Total cell delay = 1.633 ns ( 32.29 % )
        Info: Total interconnect delay = 3.425 ns ( 67.71 % )
    Info: - Smallest clock skew is 0.000 ns
        Info: + Shortest clock path from clock "clk" to destination register is 2.962 ns
            Info: 1: + IC(0.000 ns) + CELL(1.469 ns) = 1.469 ns; Loc. = PIN_28; Fanout = 32; CLK Node = 'clk'
            Info: 2: + IC(0.782 ns) + CELL(0.711 ns) = 2.962 ns; Loc. = LC_X29_Y19_N3; Fanout = 22; REG Node = 'mod8:inst|iq[0]'
            Info: Total cell delay = 2.180 ns ( 73.60 % )
            Info: Total interconnect delay = 0.782 ns ( 26.40 % )
        Info: - Longest clock path from clock "clk" to source register is 2.962 ns
            Info: 1: + IC(0.000 ns) + CELL(1.469 ns) = 1.469 ns; Loc. = PIN_28; Fanout = 32; CLK Node = 'clk'
            Info: 2: + IC(0.782 ns) + CELL(0.711 ns) = 2.962 ns; Loc. = LC_X29_Y19_N2; Fanout = 12; REG Node = 'mod8:inst|iq[2]'
            Info: Total cell delay = 2.180 ns ( 73.60 % )
            Info: Total interconnect delay = 0.782 ns ( 26.40 % )
    Info: + Micro clock to output delay of source is 0.224 ns
    Info: + Micro setup delay of destination is 0.037 ns
Info: tco from clock "clk" to destination pin "dout[6]" through register "mod8:inst|iq[0]" is 14.295 ns
    Info: + Longest clock path from clock "clk" to source register is 2.962 ns
        Info: 1: + IC(0.000 ns) + CELL(1.469 ns) = 1.469 ns; Loc. = PIN_28; Fanout = 32; CLK Node = 'clk'
        Info: 2: + IC(0.782 ns) + CELL(0.711 ns) = 2.962 ns; Loc. = LC_X29_Y19_N3; Fanout = 22; REG Node = 'mod8:inst|iq[0]'
        Info: Total cell delay = 2.180 ns ( 73.60 % )
        Info: Total interconnect delay = 0.782 ns ( 26.40 % )
    Info: + Micro clock to output delay of source is 0.224 ns
    Info: + Longest register to pin delay is 11.109 ns
        Info: 1: + IC(0.000 ns) + CELL(0.000 ns) = 0.000 ns; Loc. = LC_X29_Y19_N3; Fanout = 22; REG Node = 'mod8:inst|iq[0]'
        Info: 2: + IC(2.948 ns) + CELL(0.590 ns) = 3.538 ns; Loc. = LC_X27_Y9_N2; Fanout = 1; COMB Node = 'mux7:inst1|dout[6]~48'
        Info: 3: + IC(0.428 ns) + CELL(0.590 ns) = 4.556 ns; Loc. = LC_X27_Y9_N3; Fanout = 1; COMB Node = 'mux7:inst1|dout[6]~49'
        Info: 4: + IC(2.392 ns) + CELL(0.442 ns) = 7.390 ns; Loc. = LC_X29_Y19_N2; Fanout = 1; COMB Node = 'mux7:inst1|dout[6]~51'
        Info: 5: + IC(1.611 ns) + CELL(2.108 ns) = 11.109 ns; Loc. = PIN_186; Fanout = 0; PIN Node = 'dout[6]'
        Info: Total cell delay = 3.730 ns ( 33.58 % )
        Info: Total interconnect delay = 7.379 ns ( 66.42 % )
Info: Longest tpd from source pin "vec[6]" to destination pin "dout[4]" is 41.284 ns
    Info: 1: + IC(0.000 ns) + CELL(1.475 ns) = 1.475 ns; Loc. = PIN_106; Fanout = 21; PIN Node = 'vec[6]'
    Info: 2: + IC(6.293 ns) + CELL(0.575 ns) = 8.343 ns; Loc. = LC_X24_Y7_N6; Fanout = 2; COMB Node = 'dac_b:inst2|lpm_divide:Div2|lpm_divide_g5m:auto_generated|sign_div_unsign_ckh:divider|alt_u_div_qve:divider|add_sub_3_result_int[2]~5COUT1_15'
    Info: 3: + IC(0.000 ns) + CELL(0.080 ns) = 8.423 ns; Loc. = LC_X24_Y7_N7; Fanout = 1; COMB Node = 'dac_b:inst2|lpm_divide:Div2|lpm_divide_g5m:auto_generated|sign_div_unsign_ckh:divider|alt_u_div_qve:divider|add_sub_3_result_int[3]~7COUT1_17'
    Info: 4: + IC(0.000 ns) + CELL(0.608 ns) = 9.031 ns; Loc. = LC_X24_Y7_N8; Fanout = 19; COMB Node = 'dac_b:inst2|lpm_divide:Div2|lpm_divide_g5m:auto_generated|sign_div_unsign_ckh:divider|alt_u_div_qve:divider|add_sub_3_result_int[4]~0'
    Info: 5: + IC(0.806 ns) + CELL(0.590 ns) = 10.427 ns; Loc. = LC_X24_Y7_N2; Fanout = 3; COMB Node = 'dac_b:inst2|lpm_divide:Div2|lpm_divide_g5m:auto_generated|sign_div_unsign_ckh:divider|alt_u_div_qve:divider|StageOut[16]~58'
    Info: 6: + IC(0.711 ns) + CELL(0.575 ns) = 11.713 ns; Loc. = LC_X23_Y7_N1; Fanout = 2; COMB Node = 'dac_b:inst2|lpm_divide:Div2|lpm_divide_g5m:auto_generated|sign_div_unsign_ckh:divider|alt_u_div_qve:divider|add_sub_4_result_int[2]~5COUT1_18'
    Info: 7: + IC(0.000 ns) + CELL(0.080 ns) = 11.793 ns; Loc. = LC_X23_Y7_N2; Fanout = 1; COMB Node = 'dac_b:inst2|lpm_divide:Div2|lpm_divide_g5m:auto_generated|sign_div_unsign_ckh:divider|alt_u_div_qve:divider|add_sub_4_result_int[3]~7COUT1_20'
    Info: 8: + IC(0.000 ns) + CELL(0.080 ns) = 11.873 ns; Loc. = LC_X23_Y7_N3; Fanout = 1; COMB Node = 'dac_b:inst2|lpm_divide:Div2|lpm_divide_g5m:auto_generated|sign_div_unsign_ckh:divider|alt_u_div_qve:divider|add_sub_4_result_int[4]~9COUT1_22'
    Info: 9: + IC(0.000 ns) + CELL(0.608 ns) = 12.481 ns; Loc. = LC_X23_Y7_N4; Fanout = 20; COMB Node = 'dac_b:inst2|lpm_divide:Div2|lpm_divide_g5m:auto_generated|sign_div_unsign_ckh:divider|alt_u_div_qve:divider|add_sub_4_result_int[5]~0'
    Info: 10: + IC(1.757 ns) + CELL(0.442 ns) = 14.680 ns; Loc. = LC_X22_Y14_N8; Fanout = 3; COMB Node = 'dac_b:inst2|lpm_divide:Div2|lpm_divide_g5m:auto_generated|sign_div_unsign_ckh:divider|alt_u_div_qve:divider|StageOut[20]~49'
    Info: 11: + IC(1.209 ns) + CELL(0.575 ns) = 16.464 ns; Loc. = LC_X23_Y13_N5; Fanout = 2; COMB Node = 'dac_b:inst2|lpm_divide:Div2|lpm_divide_g5m:auto_generated|sign_div_unsign_ckh:divider|alt_u_div_qve:divider|add_sub_5_result_int[1]~5COUT1_16'
    Info: 12: + IC(0.000 ns) + CELL(0.080 ns) = 16.544 ns; Loc. = LC_X23_Y13_N6; Fanout = 2; COMB Node = 'dac_b:inst2|lpm_divide:Div2|lpm_divide_g5m:auto_generated|sign_div_unsign_ckh:divider|alt_u_div_qve:divider|add_sub_5_result_int[2]~7COUT1_18'
    Info: 13: + IC(0.000 ns) + CELL(0.080 ns) = 16.624 ns; Loc. = LC_X23_Y13_N7; Fanout = 1; COMB Node = 'dac_b:inst2|lpm_divide:Div2|lpm_divide_g5m:auto_generated|sign_div_unsign_ckh:divider|alt_u_div_qve:divider|add_sub_5_result_int[3]~9COUT1_20'
    Info: 14: + IC(0.000 ns) + CELL(0.080 ns) = 16.704 ns; Loc. = LC_X23_Y13_N8; Fanout = 1; COMB Node = 'dac_b:inst2|lpm_divide:Div2|lpm_divide_g5m:auto_generated|sign_div_unsign_ckh:divider|alt_u_div_qve:divider|add_sub_5_result_int[4]~3COUT1_22'
    Info: 15: + IC(0.000 ns) + CELL(0.608 ns) = 17.312 ns; Loc. = LC_X23_Y13_N9; Fanout = 20; COMB Node = 'dac_b:inst2|lpm_divide:Div2|lpm_divide_g5m:auto_generated|sign_div_unsign_ckh:divider|alt_u_div_qve:divider|add_sub_5_result_int[5]~0'
    Info: 16: + IC(1.273 ns) + CELL(0.590 ns) = 19.175 ns; Loc. = LC_X23_Y14_N7; Fanout = 3; COMB Node = 'dac_b:inst2|lpm_divide:Div2|lpm_divide_g5m:auto_generated|sign_div_unsign_ckh:divider|alt_u_div_qve:divider|StageOut[25]~39'
    Info: 17: + IC(0.431 ns) + CELL(0.575 ns) = 20.181 ns; Loc. = LC_X23_Y14_N0; Fanout = 2; COMB Node = 'dac_b:inst2|lpm_divide:Div2|lpm_divide_g5m:auto_generated|sign_div_unsign_ckh:divider|alt_u_div_qve:divider|add_sub_6_result_int[1]~9COUT1_16'
    Info: 18: + IC(0.000 ns) + CELL(0.080 ns) = 20.261 ns; Loc. = LC_X23_Y14_N1; Fanout = 2; COMB Node = 'dac_b:inst2|lpm_divide:Div2|lpm_divide_g5m:auto_generated|sign_div_unsign_ckh:divider|alt_u_div_qve:divider|add_sub_6_result_int[2]~5COUT1_18'
    Info: 19: + IC(0.000 ns) + CELL(0.080 ns) = 20.341 ns; Loc. = LC_X23_Y14_N2; Fanout = 1; COMB Node = 'dac_b:inst2|lpm_divide:Div2|lpm_divide_g5m:auto_generated|sign_div_unsign_ckh:divider|alt_u_div_qve:divider|add_sub_6_result_int[3]~7COUT1_20'
    Info: 20: + IC(0.000 ns) + CELL(0.080 ns) = 20.421 ns; Loc. = LC_X23_Y14_N3; Fanout = 1; COMB Node = 'dac_b:inst2|lpm_divide:Div2|lpm_divide_g5m:auto_generated|sign_div_unsign_ckh:divider|alt_u_div_qve:divider|add_sub_6_result_int[4]~3COUT1_22'
    Info: 21: + IC(0.000 ns) + CELL(0.608 ns) = 21.029 ns; Loc. = LC_X23_Y14_N4; Fanout = 16; COMB Node = 'dac_b:inst2|lpm_divide:Div2|lpm_divide_g5m:auto_generated|sign_div_unsign_ckh:divider|alt_u_div_qve:divider|add_sub_6_result_int[5]~0'
    Info: 22: + IC(1.353 ns) + CELL(0.292 ns) = 22.674 ns; Loc. = LC_X23_Y16_N7; Fanout = 3; COMB Node = 'dac_b:inst2|lpm_divide:Div2|lpm_divide_g5m:auto_generated|sign_div_unsign_ckh:divider|alt_u_div_qve:divider|StageOut[30]~24'
    Info: 23: + IC(0.432 ns) + CELL(0.575 ns) = 23.681 ns; Loc. = LC_X23_Y16_N0; Fanout = 2; COMB Node = 'dac_b:inst2|lpm_divide:Div2|lpm_divide_g5m:auto_generated|sign_div_unsign_ckh:divider|alt_u_div_qve:divider|add_sub_7_result_int[1]~9COUT1_16'
    Info: 24: + IC(0.000 ns) + CELL(0.080 ns) = 23.761 ns; Loc. = LC_X23_Y16_N1; Fanout = 2; COMB Node = 'dac_b:inst2|lpm_divide:Div2|lpm_divide_g5m:auto_generated|sign_div_unsign_ckh:divider|alt_u_div_qve:divider|add_sub_7_result_int[2]~7COUT1_18'
    Info: 25: + IC(0.000 ns) + CELL(0.080 ns) = 23.841 ns; Loc. = LC_X23_Y16_N2; Fanout = 1; COMB Node = 'dac_b:inst2|lpm_divide:Div2|lpm_divide_g5m:auto_generated|sign_div_unsign_ckh:divider|alt_u_div_qve:divider|add_sub_7_result_int[3]~5COUT1_20'
    Info: 26: + IC(0.000 ns) + CELL(0.080 ns) = 23.921 ns; Loc. = LC_X23_Y16_N3; Fanout = 1; COMB Node = 'dac_b:inst2|lpm_divide:Div2|lpm_divide_g5m:auto_generated|sign_div_unsign_ckh:divider|alt_u_div_qve:divider|add_sub_7_result_int[4]~3COUT1_22'
    Info: 27: + IC(0.000 ns) + CELL(0.608 ns) = 24.529 ns; Loc. = LC_X23_Y16_N4; Fanout = 13; COMB Node = 'dac_b:inst2|lpm_divide:Div2|lpm_divide_g5m:auto_generated|sign_div_unsign_ckh:divider|alt_u_div_qve:divider|add_sub_7_result_int[5]~0'
    Info: 28: + IC(2.512 ns) + CELL(0.114 ns) = 27.155 ns; Loc. = LC_X24_Y9_N7; Fanout = 1; COMB Node = 'dac_b:inst2|lpm_divide:Div3|lpm_divide_g5m:auto_generated|sign_div_unsign_ckh:divider|alt_u_div_qve:divider|add_sub_7_result_int[0]~10'
    Info: 29: + IC(0.436 ns) + CELL(0.292 ns) = 27.883 ns; Loc. = LC_X24_Y9_N5; Fanout = 2; COMB Node = 'dac_b:inst2|lpm_divide:Div3|lpm_divide_g5m:auto_generated|sign_div_unsign_ckh:divider|alt_u_div_qve:divider|StageOut[35]~19'
    Info: 30: + IC(1.192 ns) + CELL(0.432 ns) = 29.507 ns; Loc. = LC_X24_Y8_N5; Fanout = 1; COMB Node = 'dac_b:inst2|lpm_divide:Div3|lpm_divide_g5m:auto_generated|sign_div_unsign_ckh:divider|alt_u_div_qve:divider|add_sub_8_result_int[1]~9COUT1_16'
    Info: 31: + IC(0.000 ns) + CELL(0.080 ns) = 29.587 ns; Loc. = LC_X24_Y8_N6; Fanout = 1; COMB Node = 'dac_b:inst2|lpm_divide:Div3|lpm_divide_g5m:auto_generated|sign_div_unsign_ckh:divider|alt_u_div_qve:divider|add_sub_8_result_int[2]~7COUT1_18'
    Info: 32: + IC(0.000 ns) + CELL(0.080 ns) = 29.667 ns; Loc. = LC_X24_Y8_N7; Fanout = 1; COMB Node = 'dac_b:inst2|lpm_divide:Div3|lpm_divide_g5m:auto_generated|sign_div_unsign_ckh:divider|alt_u_div_qve:divider|add_sub_8_result_int[3]~5COUT1_20'
    Info: 33: + IC(0.000 ns) + CELL(0.080 ns) = 29.747 ns; Loc. = LC_X24_Y8_N8; Fanout = 1; COMB Node = 'dac_b:inst2|lpm_divide:Div3|lpm_divide_g5m:auto_generated|sign_div_unsign_ckh:divider|alt_u_div_qve:divider|add_sub_8_result_int[4]~3COUT1_22'
    Info: 34: + IC(0.000 ns) + CELL(0.608 ns) = 30.355 ns; Loc. = LC_X24_Y8_N9; Fanout = 7; COMB Node = 'dac_b:inst2|lpm_divide:Div3|lpm_divide_g5m:auto_generated|sign_div_unsign_ckh:divider|alt_u_div_qve:divider|add_sub_8_result_int[5]~0'
    Info: 35: + IC(1.289 ns) + CELL(0.442 ns) = 32.086 ns; Loc. = LC_X25_Y12_N4; Fanout = 1; COMB Node = 'dac_b:inst2|p7[3]~49'
    Info: 36: + IC(1.526 ns) + CELL(0.114 ns) = 33.726 ns; Loc. = LC_X28_Y9_N2; Fanout = 1; COMB Node = 'mux7:inst1|dout[4]~56'
    Info: 37: + IC(1.523 ns) + CELL(0.114 ns) = 35.363 ns; Loc. = LC_X26_Y10_N4; Fanout = 1; COMB Node = 'mux7:inst1|dout[4]~57'
    Info: 38: + IC(1.217 ns) + CELL(0.442 ns) = 37.022 ns; Loc. = LC_X27_Y13_N4; Fanout = 1; COMB Node = 'mux7:inst1|dout[4]~59'
    Info: 39: + IC(2.154 ns) + CELL(2.108 ns) = 41.284 ns; Loc. = PIN_188; Fanout = 0; PIN Node = 'dout[4]'
    Info: Total cell delay = 15.170 ns ( 36.75 % )
    Info: Total interconnect delay = 26.114 ns ( 63.25 % )
Info: Quartus II Classic Timing Analyzer was successful. 0 errors, 30 warnings
    Info: Peak virtual memory: 197 megabytes
    Info: Processing ended: Sat Nov 02 14:36:44 2019
    Info: Elapsed time: 00:00:00
    Info: Total CPU time (on all processors): 00:00:00


