Analysis & Synthesis report for distance
Fri Dec 20 20:35:49 2019
Quartus II Version 9.0 Build 184 04/29/2009 Service Pack 1 SJ Web Edition


---------------------
; Table of Contents ;
---------------------
  1. Legal Notice
  2. Analysis & Synthesis Summary
  3. Analysis & Synthesis Settings
  4. Analysis & Synthesis Source Files Read
  5. Analysis & Synthesis Resource Usage Summary
  6. Analysis & Synthesis Resource Utilization by Entity
  7. Analysis & Synthesis RAM Summary
  8. General Register Statistics
  9. Source assignments for LPM_RAM_IO:inst|altram:sram|altsyncram:ram_block|altsyncram_d1a1:auto_generated
 10. Parameter Settings for User Entity Instance: LPM_RAM_IO:inst
 11. Analysis & Synthesis Messages



----------------
; Legal Notice ;
----------------
Copyright (C) 1991-2009 Altera Corporation
Your use of Altera Corporation's design tools, logic functions 
and other software and tools, and its AMPP partner logic 
functions, and any output files from any of the foregoing 
(including device programming or simulation files), and any 
associated documentation or information are expressly subject 
to the terms and conditions of the Altera Program License 
Subscription Agreement, Altera MegaCore Function License 
Agreement, or other applicable license agreement, including, 
without limitation, that your use is for the sole purpose of 
programming logic devices manufactured by Altera and sold by 
Altera or its authorized distributors.  Please refer to the 
applicable agreement for further details.



+-----------------------------------------------------------------------------------+
; Analysis & Synthesis Summary                                                      ;
+------------------------------------+----------------------------------------------+
; Analysis & Synthesis Status        ; Successful - Fri Dec 20 20:35:49 2019        ;
; Quartus II Version                 ; 9.0 Build 184 04/29/2009 SP 1 SJ Web Edition ;
; Revision Name                      ; distance                                     ;
; Top-level Entity Name              ; distance                                     ;
; Family                             ; Cyclone II                                   ;
; Total logic elements               ; 0                                            ;
;     Total combinational functions  ; 0                                            ;
;     Dedicated logic registers      ; 0                                            ;
; Total registers                    ; 0                                            ;
; Total pins                         ; 25                                           ;
; Total virtual pins                 ; 0                                            ;
; Total memory bits                  ; 4,096                                        ;
; Embedded Multiplier 9-bit elements ; 0                                            ;
; Total PLLs                         ; 0                                            ;
+------------------------------------+----------------------------------------------+


+--------------------------------------------------------------------------------------------------------+
; Analysis & Synthesis Settings                                                                          ;
+--------------------------------------------------------------+--------------------+--------------------+
; Option                                                       ; Setting            ; Default Value      ;
+--------------------------------------------------------------+--------------------+--------------------+
; Device                                                       ; EP2C5T144C8        ;                    ;
; Top-level entity name                                        ; distance           ; distance           ;
; Family name                                                  ; Cyclone II         ; Stratix II         ;
; Use Generated Physical Constraints File                      ; Off                ;                    ;
; Use smart compilation                                        ; Off                ; Off                ;
; Restructure Multiplexers                                     ; Auto               ; Auto               ;
; Create Debugging Nodes for IP Cores                          ; Off                ; Off                ;
; Preserve fewer node names                                    ; On                 ; On                 ;
; Disable OpenCore Plus hardware evaluation                    ; Off                ; Off                ;
; Verilog Version                                              ; Verilog_2001       ; Verilog_2001       ;
; VHDL Version                                                 ; VHDL93             ; VHDL93             ;
; State Machine Processing                                     ; Auto               ; Auto               ;
; Safe State Machine                                           ; Off                ; Off                ;
; Extract Verilog State Machines                               ; On                 ; On                 ;
; Extract VHDL State Machines                                  ; On                 ; On                 ;
; Ignore Verilog initial constructs                            ; Off                ; Off                ;
; Iteration limit for constant Verilog loops                   ; 5000               ; 5000               ;
; Iteration limit for non-constant Verilog loops               ; 250                ; 250                ;
; Add Pass-Through Logic to Inferred RAMs                      ; On                 ; On                 ;
; Parallel Synthesis                                           ; Off                ; Off                ;
; DSP Block Balancing                                          ; Auto               ; Auto               ;
; NOT Gate Push-Back                                           ; On                 ; On                 ;
; Power-Up Don't Care                                          ; On                 ; On                 ;
; Remove Redundant Logic Cells                                 ; Off                ; Off                ;
; Remove Duplicate Registers                                   ; On                 ; On                 ;
; Ignore CARRY Buffers                                         ; Off                ; Off                ;
; Ignore CASCADE Buffers                                       ; Off                ; Off                ;
; Ignore GLOBAL Buffers                                        ; Off                ; Off                ;
; Ignore ROW GLOBAL Buffers                                    ; Off                ; Off                ;
; Ignore LCELL Buffers                                         ; Off                ; Off                ;
; Ignore SOFT Buffers                                          ; On                 ; On                 ;
; Limit AHDL Integers to 32 Bits                               ; Off                ; Off                ;
; Optimization Technique                                       ; Balanced           ; Balanced           ;
; Carry Chain Length                                           ; 70                 ; 70                 ;
; Auto Carry Chains                                            ; On                 ; On                 ;
; Auto Open-Drain Pins                                         ; On                 ; On                 ;
; Perform WYSIWYG Primitive Resynthesis                        ; Off                ; Off                ;
; Auto ROM Replacement                                         ; On                 ; On                 ;
; Auto RAM Replacement                                         ; On                 ; On                 ;
; Auto Shift Register Replacement                              ; Auto               ; Auto               ;
; Auto Clock Enable Replacement                                ; On                 ; On                 ;
; Strict RAM Replacement                                       ; Off                ; Off                ;
; Allow Synchronous Control Signals                            ; On                 ; On                 ;
; Force Use of Synchronous Clear Signals                       ; Off                ; Off                ;
; Auto RAM to Logic Cell Conversion                            ; Off                ; Off                ;
; Auto Resource Sharing                                        ; Off                ; Off                ;
; Allow Any RAM Size For Recognition                           ; Off                ; Off                ;
; Allow Any ROM Size For Recognition                           ; Off                ; Off                ;
; Allow Any Shift Register Size For Recognition                ; Off                ; Off                ;
; Use LogicLock Constraints during Resource Balancing          ; On                 ; On                 ;
; Ignore translate_off and synthesis_off directives            ; Off                ; Off                ;
; Timing-Driven Synthesis                                      ; Off                ; Off                ;
; Show Parameter Settings Tables in Synthesis Report           ; On                 ; On                 ;
; Ignore Maximum Fan-Out Assignments                           ; Off                ; Off                ;
; Synchronization Register Chain Length                        ; 2                  ; 2                  ;
; PowerPlay Power Optimization                                 ; Normal compilation ; Normal compilation ;
; HDL message level                                            ; Level2             ; Level2             ;
; Suppress Register Optimization Related Messages              ; Off                ; Off                ;
; Number of Removed Registers Reported in Synthesis Report     ; 100                ; 100                ;
; Number of Inverted Registers Reported in Synthesis Report    ; 100                ; 100                ;
; Clock MUX Protection                                         ; On                 ; On                 ;
; Auto Gated Clock Conversion                                  ; Off                ; Off                ;
; Block Design Naming                                          ; Auto               ; Auto               ;
; SDC constraint protection                                    ; Off                ; Off                ;
; Synthesis Effort                                             ; Auto               ; Auto               ;
; Shift Register Replacement - Allow Asynchronous Clear Signal ; On                 ; On                 ;
; Analysis & Synthesis Message Level                           ; Medium             ; Medium             ;
+--------------------------------------------------------------+--------------------+--------------------+


+-----------------------------------------------------------------------------------------------------------------------------------------------------------------+
; Analysis & Synthesis Source Files Read                                                                                                                          ;
+----------------------------------+-----------------+------------------------------------+-----------------------------------------------------------------------+
; File Name with User-Entered Path ; Used in Netlist ; File Type                          ; File Name with Absolute Path                                          ;
+----------------------------------+-----------------+------------------------------------+-----------------------------------------------------------------------+
; distance.mif                     ; yes             ; User Memory Initialization File    ; D:/shuzishiyan/distance/distance.mif                                  ;
; distance.bdf                     ; yes             ; User Block Diagram/Schematic File  ; D:/shuzishiyan/distance/distance.bdf                                  ;
; LPM_RAM_IO.tdf                   ; yes             ; Megafunction                       ; d:/altera/90sp1/quartus/libraries/megafunctions/LPM_RAM_IO.tdf        ;
; altram.inc                       ; yes             ; Megafunction                       ; d:/altera/90sp1/quartus/libraries/megafunctions/altram.inc            ;
; lpm_mux.inc                      ; yes             ; Megafunction                       ; d:/altera/90sp1/quartus/libraries/megafunctions/lpm_mux.inc           ;
; lpm_decode.inc                   ; yes             ; Megafunction                       ; d:/altera/90sp1/quartus/libraries/megafunctions/lpm_decode.inc        ;
; aglobal90.inc                    ; yes             ; Megafunction                       ; d:/altera/90sp1/quartus/libraries/megafunctions/aglobal90.inc         ;
; altram.tdf                       ; yes             ; Megafunction                       ; d:/altera/90sp1/quartus/libraries/megafunctions/altram.tdf            ;
; memmodes.inc                     ; yes             ; Megafunction                       ; d:/altera/90sp1/quartus/libraries/others/maxplus2/memmodes.inc        ;
; altsyncram.inc                   ; yes             ; Megafunction                       ; d:/altera/90sp1/quartus/libraries/megafunctions/altsyncram.inc        ;
; altqpram.inc                     ; yes             ; Megafunction                       ; d:/altera/90sp1/quartus/libraries/megafunctions/altqpram.inc          ;
; altsyncram.tdf                   ; yes             ; Megafunction                       ; d:/altera/90sp1/quartus/libraries/megafunctions/altsyncram.tdf        ;
; stratix_ram_block.inc            ; yes             ; Megafunction                       ; d:/altera/90sp1/quartus/libraries/megafunctions/stratix_ram_block.inc ;
; a_rdenreg.inc                    ; yes             ; Megafunction                       ; d:/altera/90sp1/quartus/libraries/megafunctions/a_rdenreg.inc         ;
; altrom.inc                       ; yes             ; Megafunction                       ; d:/altera/90sp1/quartus/libraries/megafunctions/altrom.inc            ;
; altdpram.inc                     ; yes             ; Megafunction                       ; d:/altera/90sp1/quartus/libraries/megafunctions/altdpram.inc          ;
; db/altsyncram_d1a1.tdf           ; yes             ; Auto-Generated Megafunction        ; D:/shuzishiyan/distance/db/altsyncram_d1a1.tdf                        ;
+----------------------------------+-----------------+------------------------------------+-----------------------------------------------------------------------+


+-----------------------------------------------------+
; Analysis & Synthesis Resource Usage Summary         ;
+---------------------------------------------+-------+
; Resource                                    ; Usage ;
+---------------------------------------------+-------+
;                                             ;       ;
; Total combinational functions               ; 0     ;
; Logic element usage by number of LUT inputs ;       ;
;     -- 4 input functions                    ; 0     ;
;     -- 3 input functions                    ; 0     ;
;     -- <=2 input functions                  ; 0     ;
;                                             ;       ;
; Logic elements by mode                      ;       ;
;     -- normal mode                          ; 0     ;
;     -- arithmetic mode                      ; 0     ;
;                                             ;       ;
; Total registers                             ; 0     ;
;     -- Dedicated logic registers            ; 0     ;
;     -- I/O registers                        ; 0     ;
;                                             ;       ;
; I/O pins                                    ; 25    ;
; Total memory bits                           ; 4096  ;
; Maximum fan-out node                        ; clk   ;
; Maximum fan-out                             ; 16    ;
; Total fan-out                               ; 176   ;
; Average fan-out                             ; 4.29  ;
+---------------------------------------------+-------+


+---------------------------------------------------------------------------------------------------------------------------------------------------------------------------------------------------------------------------------------------------------------------+
; Analysis & Synthesis Resource Utilization by Entity                                                                                                                                                                                                                 ;
+----------------------------------------------+-------------------+--------------+-------------+--------------+---------+-----------+------+--------------+-------------------------------------------------------------------------------------------+--------------+
; Compilation Hierarchy Node                   ; LC Combinationals ; LC Registers ; Memory Bits ; DSP Elements ; DSP 9x9 ; DSP 18x18 ; Pins ; Virtual Pins ; Full Hierarchy Name                                                                       ; Library Name ;
+----------------------------------------------+-------------------+--------------+-------------+--------------+---------+-----------+------+--------------+-------------------------------------------------------------------------------------------+--------------+
; |distance                                    ; 0 (0)             ; 0 (0)        ; 4096        ; 0            ; 0       ; 0         ; 25   ; 0            ; |distance                                                                                 ; work         ;
;    |lpm_ram_io:inst|                         ; 0 (0)             ; 0 (0)        ; 4096        ; 0            ; 0       ; 0         ; 0    ; 0            ; |distance|lpm_ram_io:inst                                                                 ; work         ;
;       |altram:sram|                          ; 0 (0)             ; 0 (0)        ; 4096        ; 0            ; 0       ; 0         ; 0    ; 0            ; |distance|lpm_ram_io:inst|altram:sram                                                     ; work         ;
;          |altsyncram:ram_block|              ; 0 (0)             ; 0 (0)        ; 4096        ; 0            ; 0       ; 0         ; 0    ; 0            ; |distance|lpm_ram_io:inst|altram:sram|altsyncram:ram_block                                ; work         ;
;             |altsyncram_d1a1:auto_generated| ; 0 (0)             ; 0 (0)        ; 4096        ; 0            ; 0       ; 0         ; 0    ; 0            ; |distance|lpm_ram_io:inst|altram:sram|altsyncram:ram_block|altsyncram_d1a1:auto_generated ; work         ;
+----------------------------------------------+-------------------+--------------+-------------+--------------+---------+-----------+------+--------------+-------------------------------------------------------------------------------------------+--------------+
Note: For table entries with two numbers listed, the numbers in parentheses indicate the number of resources of the given type used by the specific entity alone. The numbers listed outside of parentheses indicate the total resources of the given type used by the specific entity and all of its sub-entities in the hierarchy.


+-----------------------------------------------------------------------------------------------------------------------------------------------------------------------------------------------------+
; Analysis & Synthesis RAM Summary                                                                                                                                                                    ;
+--------------------------------------------------------------------------------------------+------+-------------+--------------+--------------+--------------+--------------+------+----------------+
; Name                                                                                       ; Type ; Mode        ; Port A Depth ; Port A Width ; Port B Depth ; Port B Width ; Size ; MIF            ;
+--------------------------------------------------------------------------------------------+------+-------------+--------------+--------------+--------------+--------------+------+----------------+
; lpm_ram_io:inst|altram:sram|altsyncram:ram_block|altsyncram_d1a1:auto_generated|ALTSYNCRAM ; AUTO ; Single Port ; 256          ; 16           ; --           ; --           ; 4096 ; ./distance.mif ;
+--------------------------------------------------------------------------------------------+------+-------------+--------------+--------------+--------------+--------------+------+----------------+


+------------------------------------------------------+
; General Register Statistics                          ;
+----------------------------------------------+-------+
; Statistic                                    ; Value ;
+----------------------------------------------+-------+
; Total registers                              ; 0     ;
; Number of registers using Synchronous Clear  ; 0     ;
; Number of registers using Synchronous Load   ; 0     ;
; Number of registers using Asynchronous Clear ; 0     ;
; Number of registers using Asynchronous Load  ; 0     ;
; Number of registers using Clock Enable       ; 0     ;
; Number of registers using Preset             ; 0     ;
+----------------------------------------------+-------+


+--------------------------------------------------------------------------------------------------------+
; Source assignments for LPM_RAM_IO:inst|altram:sram|altsyncram:ram_block|altsyncram_d1a1:auto_generated ;
+---------------------------------+--------------------+------+------------------------------------------+
; Assignment                      ; Value              ; From ; To                                       ;
+---------------------------------+--------------------+------+------------------------------------------+
; OPTIMIZE_POWER_DURING_SYNTHESIS ; NORMAL_COMPILATION ; -    ; -                                        ;
+---------------------------------+--------------------+------+------------------------------------------+


+--------------------------------------------------------------+
; Parameter Settings for User Entity Instance: LPM_RAM_IO:inst ;
+------------------------+----------------+--------------------+
; Parameter Name         ; Value          ; Type               ;
+------------------------+----------------+--------------------+
; LPM_WIDTH              ; 16             ; Signed Integer     ;
; LPM_WIDTHAD            ; 8              ; Signed Integer     ;
; LPM_NUMWORDS           ; 256            ; Signed Integer     ;
; LPM_INDATA             ; REGISTERED     ; Untyped            ;
; LPM_ADDRESS_CONTROL    ; REGISTERED     ; Untyped            ;
; LPM_OUTDATA            ; UNREGISTERED   ; Untyped            ;
; LPM_FILE               ; ./distance.mif ; Untyped            ;
; USE_EAB                ; ON             ; Untyped            ;
; DEVICE_FAMILY          ; Cyclone II     ; Untyped            ;
; AUTO_CARRY_CHAINS      ; ON             ; AUTO_CARRY         ;
; IGNORE_CARRY_BUFFERS   ; OFF            ; IGNORE_CARRY       ;
; AUTO_CASCADE_CHAINS    ; ON             ; AUTO_CASCADE       ;
; IGNORE_CASCADE_BUFFERS ; OFF            ; IGNORE_CASCADE     ;
+------------------------+----------------+--------------------+
Note: In order to hide this table in the UI and the text report file, please set the "Show Parameter Settings Tables in Synthesis Report" option in "Analysis and Synthesis Settings -> More Settings" to "Off".


+-------------------------------+
; Analysis & Synthesis Messages ;
+-------------------------------+
Info: *******************************************************************
Info: Running Quartus II Analysis & Synthesis
    Info: Version 9.0 Build 184 04/29/2009 Service Pack 1 SJ Web Edition
    Info: Processing started: Fri Dec 20 20:35:47 2019
Info: Command: quartus_map --read_settings_files=on --write_settings_files=off distance -c distance
Info: Found 1 design units, including 1 entities, in source file distance.bdf
    Info: Found entity 1: distance
Info: Elaborating entity "distance" for the top level hierarchy
Info: Elaborating entity "LPM_RAM_IO" for hierarchy "LPM_RAM_IO:inst"
Info: Elaborated megafunction instantiation "LPM_RAM_IO:inst"
Info: Instantiated megafunction "LPM_RAM_IO:inst" with the following parameter:
    Info: Parameter "LPM_ADDRESS_CONTROL" = "REGISTERED"
    Info: Parameter "LPM_FILE" = "./distance.mif"
    Info: Parameter "LPM_INDATA" = "REGISTERED"
    Info: Parameter "LPM_NUMWORDS" = "256"
    Info: Parameter "LPM_OUTDATA" = "UNREGISTERED"
    Info: Parameter "LPM_WIDTH" = "16"
    Info: Parameter "LPM_WIDTHAD" = "8"
Info: Elaborating entity "altram" for hierarchy "LPM_RAM_IO:inst|altram:sram"
Warning: Assertion warning: altram does not support Cyclone II device family -- attempting best-case memory conversions, but power-up states and read during write behavior will be different for Cyclone II devices
Info: Elaborated megafunction instantiation "LPM_RAM_IO:inst|altram:sram", which is child of megafunction instantiation "LPM_RAM_IO:inst"
Info: Elaborating entity "altsyncram" for hierarchy "LPM_RAM_IO:inst|altram:sram|altsyncram:ram_block"
Info: Elaborated megafunction instantiation "LPM_RAM_IO:inst|altram:sram|altsyncram:ram_block", which is child of megafunction instantiation "LPM_RAM_IO:inst"
Info: Found 1 design units, including 1 entities, in source file db/altsyncram_d1a1.tdf
    Info: Found entity 1: altsyncram_d1a1
Info: Elaborating entity "altsyncram_d1a1" for hierarchy "LPM_RAM_IO:inst|altram:sram|altsyncram:ram_block|altsyncram_d1a1:auto_generated"
Warning: Always-enabled tri-state buffer(s) removed
    Warning: Converted the fanout from the always-enabled tri-state buffer "lpm_ram_io:inst|datatri[15]" to the node "dis[15]" into a wire
    Warning: Converted the fanout from the always-enabled tri-state buffer "lpm_ram_io:inst|datatri[14]" to the node "dis[14]" into a wire
    Warning: Converted the fanout from the always-enabled tri-state buffer "lpm_ram_io:inst|datatri[13]" to the node "dis[13]" into a wire
    Warning: Converted the fanout from the always-enabled tri-state buffer "lpm_ram_io:inst|datatri[12]" to the node "dis[12]" into a wire
    Warning: Converted the fanout from the always-enabled tri-state buffer "lpm_ram_io:inst|datatri[11]" to the node "dis[11]" into a wire
    Warning: Converted the fanout from the always-enabled tri-state buffer "lpm_ram_io:inst|datatri[10]" to the node "dis[10]" into a wire
    Warning: Converted the fanout from the always-enabled tri-state buffer "lpm_ram_io:inst|datatri[9]" to the node "dis[9]" into a wire
    Warning: Converted the fanout from the always-enabled tri-state buffer "lpm_ram_io:inst|datatri[8]" to the node "dis[8]" into a wire
    Warning: Converted the fanout from the always-enabled tri-state buffer "lpm_ram_io:inst|datatri[7]" to the node "dis[7]" into a wire
    Warning: Converted the fanout from the always-enabled tri-state buffer "lpm_ram_io:inst|datatri[6]" to the node "dis[6]" into a wire
    Warning: Converted the fanout from the always-enabled tri-state buffer "lpm_ram_io:inst|datatri[5]" to the node "dis[5]" into a wire
    Warning: Converted the fanout from the always-enabled tri-state buffer "lpm_ram_io:inst|datatri[4]" to the node "dis[4]" into a wire
    Warning: Converted the fanout from the always-enabled tri-state buffer "lpm_ram_io:inst|datatri[3]" to the node "dis[3]" into a wire
    Warning: Converted the fanout from the always-enabled tri-state buffer "lpm_ram_io:inst|datatri[2]" to the node "dis[2]" into a wire
    Warning: Converted the fanout from the always-enabled tri-state buffer "lpm_ram_io:inst|datatri[1]" to the node "dis[1]" into a wire
    Warning: Converted the fanout from the always-enabled tri-state buffer "lpm_ram_io:inst|datatri[0]" to the node "dis[0]" into a wire
    Warning: Converted the fanout from the always-enabled tri-state buffer "lpm_ram_io:inst|datatri[15]" to the node "lpm_ram_io:inst|altram:sram|altsyncram:ram_block|altsyncram_d1a1:auto_generated|q_a[15]" into a wire
    Warning: Converted the fanout from the always-enabled tri-state buffer "lpm_ram_io:inst|datatri[14]" to the node "lpm_ram_io:inst|altram:sram|altsyncram:ram_block|altsyncram_d1a1:auto_generated|q_a[14]" into a wire
    Warning: Converted the fanout from the always-enabled tri-state buffer "lpm_ram_io:inst|datatri[13]" to the node "lpm_ram_io:inst|altram:sram|altsyncram:ram_block|altsyncram_d1a1:auto_generated|q_a[13]" into a wire
    Warning: Converted the fanout from the always-enabled tri-state buffer "lpm_ram_io:inst|datatri[12]" to the node "lpm_ram_io:inst|altram:sram|altsyncram:ram_block|altsyncram_d1a1:auto_generated|q_a[12]" into a wire
    Warning: Converted the fanout from the always-enabled tri-state buffer "lpm_ram_io:inst|datatri[11]" to the node "lpm_ram_io:inst|altram:sram|altsyncram:ram_block|altsyncram_d1a1:auto_generated|q_a[11]" into a wire
    Warning: Converted the fanout from the always-enabled tri-state buffer "lpm_ram_io:inst|datatri[10]" to the node "lpm_ram_io:inst|altram:sram|altsyncram:ram_block|altsyncram_d1a1:auto_generated|q_a[10]" into a wire
    Warning: Converted the fanout from the always-enabled tri-state buffer "lpm_ram_io:inst|datatri[9]" to the node "lpm_ram_io:inst|altram:sram|altsyncram:ram_block|altsyncram_d1a1:auto_generated|q_a[9]" into a wire
    Warning: Converted the fanout from the always-enabled tri-state buffer "lpm_ram_io:inst|datatri[8]" to the node "lpm_ram_io:inst|altram:sram|altsyncram:ram_block|altsyncram_d1a1:auto_generated|q_a[8]" into a wire
    Warning: Converted the fanout from the always-enabled tri-state buffer "lpm_ram_io:inst|datatri[7]" to the node "lpm_ram_io:inst|altram:sram|altsyncram:ram_block|altsyncram_d1a1:auto_generated|q_a[7]" into a wire
    Warning: Converted the fanout from the always-enabled tri-state buffer "lpm_ram_io:inst|datatri[6]" to the node "lpm_ram_io:inst|altram:sram|altsyncram:ram_block|altsyncram_d1a1:auto_generated|q_a[6]" into a wire
    Warning: Converted the fanout from the always-enabled tri-state buffer "lpm_ram_io:inst|datatri[5]" to the node "lpm_ram_io:inst|altram:sram|altsyncram:ram_block|altsyncram_d1a1:auto_generated|q_a[5]" into a wire
    Warning: Converted the fanout from the always-enabled tri-state buffer "lpm_ram_io:inst|datatri[4]" to the node "lpm_ram_io:inst|altram:sram|altsyncram:ram_block|altsyncram_d1a1:auto_generated|q_a[4]" into a wire
    Warning: Converted the fanout from the always-enabled tri-state buffer "lpm_ram_io:inst|datatri[3]" to the node "lpm_ram_io:inst|altram:sram|altsyncram:ram_block|altsyncram_d1a1:auto_generated|q_a[3]" into a wire
    Warning: Converted the fanout from the always-enabled tri-state buffer "lpm_ram_io:inst|datatri[2]" to the node "lpm_ram_io:inst|altram:sram|altsyncram:ram_block|altsyncram_d1a1:auto_generated|q_a[2]" into a wire
    Warning: Converted the fanout from the always-enabled tri-state buffer "lpm_ram_io:inst|datatri[1]" to the node "lpm_ram_io:inst|altram:sram|altsyncram:ram_block|altsyncram_d1a1:auto_generated|q_a[1]" into a wire
    Warning: Converted the fanout from the always-enabled tri-state buffer "lpm_ram_io:inst|datatri[0]" to the node "lpm_ram_io:inst|altram:sram|altsyncram:ram_block|altsyncram_d1a1:auto_generated|q_a[0]" into a wire
Info: Implemented 41 device resources after synthesis - the final resource count might be different
    Info: Implemented 9 input pins
    Info: Implemented 16 output pins
    Info: Implemented 16 RAM segments
Info: Quartus II Analysis & Synthesis was successful. 0 errors, 34 warnings
    Info: Peak virtual memory: 255 megabytes
    Info: Processing ended: Fri Dec 20 20:35:49 2019
    Info: Elapsed time: 00:00:02
    Info: Total CPU time (on all processors): 00:00:01


